time    species    pebble_col_abundance
1000    grain    4.32330e-14
1000    grainH    2.62442e-08
1000    grainH(-)    5.53647e-14
1000    grainH2    2.13083e-03
1000    grainHe    4.40856e-15
1000    grainC    6.63599e-15
1000    grainCH    4.44357e-15
1000    grainC(-)    8.75492e-22
1000    grainCH2    6.84057e-13
1000    grainCH3    8.03260e-12
1000    grainN    1.97242e-13
1000    grainNH    7.39376e-14
1000    grainCH4    3.93104e-08
1000    grainNH2    7.89156e-13
1000    grainNH3    2.84939e-08
1000    grainO    9.94304e-12
1000    grainOH    1.27929e-11
1000    grainO(-)    1.69694e-23
1000    grainH2O    2.31887e-06
1000    grainOH(-)    2.71459e-15
1000    grainNa    0.00000e+00
1000    grainC2    1.55090e-17
1000    grainMg    0.00000e+00
1000    grainNaH    0.00000e+00
1000    grainC2H    5.78907e-17
1000    grainMgH    0.00000e+00
1000    grainC2H2    9.18604e-16
1000    grainCN    4.75791e-13
1000    grainCN(-)    2.16088e-15
1000    grainMgH2    0.00000e+00
1000    grainC2H3    2.99193e-17
1000    grainHCN    6.87493e-09
1000    grainHNC    2.49828e-12
1000    grainC2H4    1.20894e-15
1000    grainCHNH    0.00000e+00
1000    grainCNH2    0.00000e+00
1000    grainCO    1.17909e-06
1000    grainH2CN    2.36612e-17
1000    grainN2    3.93027e-07
1000    grainSi    2.88691e-32
1000    grainC2H5    1.75959e-20
1000    grainCH2NH    1.49596e-17
1000    grainCH3N    0.00000e+00
1000    grainCHNH2    0.00000e+00
1000    grainHCO    2.95289e-14
1000    grainHOC    0.00000e+00
1000    grainN2H    0.00000e+00
1000    grainSiH    1.11319e-35
1000    grainC2H6    0.00000e+00
1000    grainCH2NH2    0.00000e+00
1000    grainCH3NH    0.00000e+00
1000    grainCHOH    0.00000e+00
1000    grainH2CO    4.92249e-13
1000    grainHOCH    0.00000e+00
1000    grainN2H2    0.00000e+00
1000    grainNO    4.82506e-16
1000    grainSiH2    0.00000e+00
1000    grainCH2OH    0.00000e+00
1000    grainCH3O    0.00000e+00
1000    grainCH5N    0.00000e+00
1000    grainHNO    4.24046e-16
1000    grainHON    0.00000e+00
1000    grainSiH3    0.00000e+00
1000    grainCH3OH    1.96334e-08
1000    grainNH2OH    0.00000e+00
1000    grainO2    4.10517e-14
1000    grainS    1.09476e-14
1000    grainHS    8.20836e-14
1000    grainS(-)    5.14017e-23
1000    grainSiH4    0.00000e+00
1000    grainO2H    7.08209e-19
1000    grainH2O2    8.50641e-31
1000    grainH2S    3.75248e-10
1000    grainCl    0.00000e+00
1000    grainC3    2.75090e-19
1000    grainHCl    0.00000e+00
1000    grainC3H    3.50813e-19
1000    grainC2N    2.88910e-18
1000    grainC3H2    5.77126e-19
1000    grainH2CCC    3.56087e-20
1000    grainC3H3    0.00000e+00
1000    grainHCCN    0.00000e+00
1000    grainC2O    7.78057e-21
1000    grainC3H4    0.00000e+00
1000    grainCH2CN    4.48443e-22
1000    grainCH3CCH    7.42706e-20
1000    grainNaOH    0.00000e+00
1000    grainSiC    3.15439e-37
1000    grainC3H5    0.00000e+00
1000    grainCH3CN    2.16897e-14
1000    grainHC2O    0.00000e+00
1000    grainHCSi    1.88949e-36
1000    grainC3H6    0.00000e+00
1000    grainCH2CO    1.55936e-16
1000    grainNH2CN    3.84046e-14
1000    grainOCN    2.59209e-16
1000    grainSiCH2    1.01699e-40
1000    grainSiN    4.68365e-38
1000    grainC3H7    0.00000e+00
1000    grainHNCO    1.78679e-17
1000    grainHNSi    0.00000e+00
1000    grainSiCH3    0.00000e+00
1000    grainC3H8    0.00000e+00
1000    grainCH3CHO    1.59774e-14
1000    grainCO2    9.82558e-07
1000    grainCS    2.41652e-16
1000    grainN2O    1.04366e-22
1000    grainSiO    1.03777e-37
1000    grainHCS    1.12717e-18
1000    grainNH2CHO    0.00000e+00
1000    grainNHNO    0.00000e+00
1000    grainC2H5OH    4.93061e-21
1000    grainCH3OCH3    6.09702e-13
1000    grainH2CS    1.54667e-16
1000    grainH2SiO    0.00000e+00
1000    grainHCOOH    6.31936e-15
1000    grainNH2NO    0.00000e+00
1000    grainNO2    2.77212e-21
1000    grainNS    6.82765e-19
1000    grainCCl    0.00000e+00
1000    grainC4    1.47223e-21
1000    grainO3    0.00000e+00
1000    grainSO    9.73141e-17
1000    grainC4H    4.76694e-21
1000    grainC3N    2.99542e-19
1000    grainC4H2    0.00000e+00
1000    grainC4H3    7.98175e-21
1000    grainClO    0.00000e+00
1000    grainHC2NC    0.00000e+00
1000    grainHC3N    6.41123e-20
1000    grainHCNC2    0.00000e+00
1000    grainHNC3    2.82649e-22
1000    grainC3O    7.36242e-19
1000    grainC4H4    0.00000e+00
1000    grainCH2CCN    0.00000e+00
1000    grainNCCN    1.37168e-16
1000    grainSiC2    0.00000e+00
1000    grainC4H5    0.00000e+00
1000    grainCH2CHCN    3.77991e-22
1000    grainHC3O    0.00000e+00
1000    grainSiC2H    0.00000e+00
1000    grainC4H6    0.00000e+00
1000    grainH2C3O    0.00000e+00
1000    grainH4C3N    0.00000e+00
1000    grainSiC2H2    2.93474e-37
1000    grainSiNC    0.00000e+00
1000    grainH5C3N    0.00000e+00
1000    grainC2S    2.37360e-22
1000    grainFe    0.00000e+00
1000    grainFeH    0.00000e+00
1000    grainC5    4.17987e-23
1000    grainHCOOCH3    7.00062e-18
1000    grainOCS    2.23165e-19
1000    grainSiO2    2.98149e-46
1000    grainSiS    1.66285e-46
1000    grainC5H    2.35154e-23
1000    grainC4N    4.68163e-23
1000    grainC5H2    4.27491e-23
1000    grainC5H3    0.00000e+00
1000    grainCH3C4H    2.34880e-24
1000    grainS2    5.92745e-20
1000    grainSO2    1.00963e-19
1000    grainCH3C3N    2.43983e-23
1000    grainHS2    2.66215e-17
1000    grainSiC3H    4.35292e-47
1000    grainH2S2    7.63963e-18
1000    grainC3S    3.69179e-25
1000    grainC6    1.15056e-25
1000    grainC6H    3.16908e-25
1000    grainC5N    1.15047e-27
1000    grainC6H2    5.03916e-25
1000    grainC6H3    0.00000e+00
1000    grainHC5N    3.22136e-26
1000    grainC6H4    0.00000e+00
1000    grainH2C5N    0.00000e+00
1000    grainSiC4    0.00000e+00
1000    grainH3C5N    0.00000e+00
1000    grainC6H6    3.16073e-28
1000    grainC4S    6.50299e-27
1000    grainC7    1.30358e-27
1000    grainC7H    1.73406e-27
1000    grainC7H2    9.88169e-27
1000    grainC7H3    0.00000e+00
1000    grainC7H4    0.00000e+00
1000    grainCH3C6H    1.42445e-27
1000    grainCH3C5N    1.34440e-32
1000    grainC8    1.53018e-27
1000    grainC8H    8.51373e-28
1000    grainC7N    8.72120e-30
1000    grainC8H2    3.36011e-28
1000    grainC8H3    0.00000e+00
1000    grainHC7N    4.29412e-32
1000    grainC8H4    0.00000e+00
1000    grainH2C7N    0.00000e+00
1000    grainH3C7N    0.00000e+00
1000    grainC9    3.09819e-27
1000    grainC9H    5.16221e-30
1000    grainC9H2    5.66882e-30
1000    grainC9H3    0.00000e+00
1000    grainC9H4    0.00000e+00
1000    grainCH3C7N    2.72384e-39
1000    grainC10    5.34927e-31
1000    grainC9N    1.06860e-32
1000    grainHC9N    2.08773e-35
1000    grainH2C9N    0.00000e+00
1000    grainH3C9N    0.00000e+00
2000    grain    1.19850e-13
2000    grainH    2.03654e-07
2000    grainH(-)    2.04976e-13
2000    grainH2    5.90543e-03
2000    grainHe    1.22180e-14
2000    grainC    1.52812e-14
2000    grainCH    1.10907e-14
2000    grainC(-)    1.43009e-19
2000    grainCH2    1.50844e-12
2000    grainCH3    1.79196e-11
2000    grainN    4.49803e-13
2000    grainNH    1.96637e-13
2000    grainCH4    1.09004e-07
2000    grainNH2    1.76506e-12
2000    grainNH3    7.89993e-08
2000    grainO    2.21547e-11
2000    grainOH    2.97118e-11
2000    grainO(-)    2.77112e-21
2000    grainH2O    6.42838e-06
2000    grainOH(-)    7.54089e-15
2000    grainNa    0.00000e+00
2000    grainC2    1.55457e-15
2000    grainMg    0.00000e+00
2000    grainNaH    0.00000e+00
2000    grainC2H    2.23554e-15
2000    grainMgH    0.00000e+00
2000    grainC2H2    4.02894e-15
2000    grainCN    1.32211e-12
2000    grainCN(-)    5.99920e-15
2000    grainMgH2    0.00000e+00
2000    grainC2H3    9.05731e-17
2000    grainHCN    1.90585e-08
2000    grainHNC    6.93844e-12
2000    grainC2H4    3.36179e-15
2000    grainCHNH    0.00000e+00
2000    grainCNH2    0.00000e+00
2000    grainCO    3.26866e-06
2000    grainH2CN    6.59501e-17
2000    grainN2    1.08954e-06
2000    grainSi    2.97128e-30
2000    grainC2H5    5.09799e-20
2000    grainCH2NH    4.16283e-17
2000    grainCH3N    0.00000e+00
2000    grainCHNH2    0.00000e+00
2000    grainHCO    8.21013e-14
2000    grainHOC    0.00000e+00
2000    grainN2H    0.00000e+00
2000    grainSiH    2.12093e-32
2000    grainC2H6    0.00000e+00
2000    grainCH2NH2    0.00000e+00
2000    grainCH3NH    0.00000e+00
2000    grainCHOH    0.00000e+00
2000    grainH2CO    1.36758e-12
2000    grainHOCH    0.00000e+00
2000    grainN2H2    0.00000e+00
2000    grainNO    1.34984e-15
2000    grainSiH2    6.40807e-35
2000    grainCH2OH    0.00000e+00
2000    grainCH3O    0.00000e+00
2000    grainCH5N    0.00000e+00
2000    grainHNO    1.18131e-15
2000    grainHON    0.00000e+00
2000    grainSiH3    9.25319e-38
2000    grainCH3OH    5.44271e-08
2000    grainNH2OH    0.00000e+00
2000    grainO2    1.14068e-13
2000    grainS    2.44424e-14
2000    grainHS    2.37998e-13
2000    grainS(-)    2.01383e-22
2000    grainSiH4    7.45131e-38
2000    grainO2H    1.96799e-18
2000    grainH2O2    2.37240e-30
2000    grainH2S    1.04025e-09
2000    grainCl    0.00000e+00
2000    grainC3    1.76550e-17
2000    grainHCl    0.00000e+00
2000    grainC3H    3.93524e-18
2000    grainC2N    8.16916e-18
2000    grainC3H2    6.54313e-18
2000    grainH2CCC    1.73347e-19
2000    grainC3H3    0.00000e+00
2000    grainHCCN    0.00000e+00
2000    grainC2O    3.02749e-20
2000    grainC3H4    0.00000e+00
2000    grainCH2CN    1.57324e-21
2000    grainCH3CCH    3.43769e-18
2000    grainNaOH    0.00000e+00
2000    grainSiC    3.43289e-35
2000    grainC3H5    0.00000e+00
2000    grainCH3CN    6.02445e-14
2000    grainHC2O    0.00000e+00
2000    grainHCSi    1.91550e-34
2000    grainC3H6    0.00000e+00
2000    grainCH2CO    4.33105e-16
2000    grainNH2CN    1.06735e-13
2000    grainOCN    7.22141e-16
2000    grainSiCH2    1.93740e-38
2000    grainSiN    7.51834e-36
2000    grainC3H7    0.00000e+00
2000    grainHNCO    4.98136e-17
2000    grainHNSi    7.17385e-39
2000    grainSiCH3    1.71179e-41
2000    grainC3H8    0.00000e+00
2000    grainCH3CHO    4.44236e-14
2000    grainCO2    2.72382e-06
2000    grainCS    6.71031e-16
2000    grainN2O    2.97778e-22
2000    grainSiO    1.11910e-35
2000    grainHCS    3.14029e-18
2000    grainNH2CHO    0.00000e+00
2000    grainNHNO    0.00000e+00
2000    grainC2H5OH    1.37070e-20
2000    grainCH3OCH3    1.69276e-12
2000    grainH2CS    4.29529e-16
2000    grainH2SiO    2.66105e-44
2000    grainHCOOH    1.75413e-14
2000    grainNH2NO    0.00000e+00
2000    grainNO2    7.78427e-21
2000    grainNS    1.90148e-18
2000    grainCCl    0.00000e+00
2000    grainC4    2.40455e-19
2000    grainO3    0.00000e+00
2000    grainSO    2.71039e-16
2000    grainC4H    7.72752e-19
2000    grainC3N    8.32953e-19
2000    grainC4H2    0.00000e+00
2000    grainC4H3    1.30289e-18
2000    grainClO    0.00000e+00
2000    grainHC2NC    0.00000e+00
2000    grainHC3N    1.78934e-19
2000    grainHCNC2    0.00000e+00
2000    grainHNC3    7.88042e-22
2000    grainC3O    2.04293e-18
2000    grainC4H4    0.00000e+00
2000    grainCH2CCN    0.00000e+00
2000    grainNCCN    3.82095e-16
2000    grainSiC2    2.71940e-38
2000    grainC4H5    0.00000e+00
2000    grainCH2CHCN    1.06082e-21
2000    grainHC3O    0.00000e+00
2000    grainSiC2H    8.40133e-39
2000    grainC4H6    0.00000e+00
2000    grainH2C3O    0.00000e+00
2000    grainH4C3N    0.00000e+00
2000    grainSiC2H2    2.46433e-35
2000    grainSiNC    1.55428e-49
2000    grainH5C3N    0.00000e+00
2000    grainC2S    9.85313e-21
2000    grainFe    0.00000e+00
2000    grainFeH    0.00000e+00
2000    grainC5    6.82546e-21
2000    grainHCOOCH3    1.94802e-17
2000    grainOCS    6.21668e-19
2000    grainSiO2    1.68279e-44
2000    grainSiS    2.18419e-41
2000    grainC5H    3.82755e-21
2000    grainC4N    7.64574e-21
2000    grainC5H2    6.94407e-21
2000    grainC5H3    0.00000e+00
2000    grainCH3C4H    3.66746e-22
2000    grainS2    1.65055e-19
2000    grainSO2    2.82566e-19
2000    grainCH3C3N    7.05205e-23
2000    grainHS2    7.38753e-17
2000    grainSiC3H    6.09631e-43
2000    grainH2S2    2.12015e-17
2000    grainC3S    4.61604e-23
2000    grainC6    3.38647e-22
2000    grainC6H    5.40157e-23
2000    grainC5N    1.74322e-25
2000    grainC6H2    2.94898e-22
2000    grainC6H3    0.00000e+00
2000    grainHC5N    1.43148e-24
2000    grainC6H4    0.00000e+00
2000    grainH2C5N    0.00000e+00
2000    grainSiC4    0.00000e+00
2000    grainH3C5N    0.00000e+00
2000    grainC6H6    5.23983e-27
2000    grainC4S    1.06079e-24
2000    grainC7    1.06621e-25
2000    grainC7H    4.40614e-23
2000    grainC7H2    6.64766e-23
2000    grainC7H3    0.00000e+00
2000    grainC7H4    0.00000e+00
2000    grainCH3C6H    2.32641e-25
2000    grainCH3C5N    3.04692e-31
2000    grainC8    2.25029e-22
2000    grainC8H    2.79631e-23
2000    grainC7N    1.42503e-27
2000    grainC8H2    1.56679e-22
2000    grainC8H3    0.00000e+00
2000    grainHC7N    5.73845e-30
2000    grainC8H4    0.00000e+00
2000    grainH2C7N    0.00000e+00
2000    grainH3C7N    0.00000e+00
2000    grainC9    3.67228e-23
2000    grainC9H    2.18818e-22
2000    grainC9H2    7.16919e-23
2000    grainC9H3    0.00000e+00
2000    grainC9H4    0.00000e+00
2000    grainCH3C7N    7.77259e-39
2000    grainC10    1.60410e-24
2000    grainC9N    2.34976e-30
2000    grainHC9N    7.51253e-32
2000    grainH2C9N    0.00000e+00
2000    grainH3C9N    0.00000e+00
3000    grain    1.86042e-13
3000    grainH    2.43690e-07
3000    grainH(-)    3.91437e-13
3000    grainH2    9.16361e-03
3000    grainHe    1.89588e-14
3000    grainC    2.10103e-14
3000    grainCH    1.65481e-14
3000    grainC(-)    8.42268e-19
3000    grainCH2    2.03668e-12
3000    grainCH3    2.43688e-11
3000    grainN    6.15796e-13
3000    grainNH    3.08263e-13
3000    grainCH4    1.69314e-07
3000    grainNH2    2.41077e-12
3000    grainNH3    1.22668e-07
3000    grainO    3.00398e-11
3000    grainOH    4.20918e-11
3000    grainO(-)    1.63201e-20
3000    grainH2O    9.97889e-06
3000    grainOH(-)    1.17313e-14
3000    grainNa    0.00000e+00
3000    grainC2    9.08281e-15
3000    grainMg    0.00000e+00
3000    grainNaH    0.00000e+00
3000    grainC2H    1.26248e-14
3000    grainMgH    0.00000e+00
3000    grainC2H2    1.27814e-14
3000    grainCN    2.05873e-12
3000    grainCN(-)    9.32716e-15
3000    grainMgH2    0.00000e+00
3000    grainC2H3    1.73057e-16
3000    grainHCN    2.95840e-08
3000    grainHNC    1.07915e-11
3000    grainC2H4    5.24534e-15
3000    grainCHNH    0.00000e+00
3000    grainCNH2    0.00000e+00
3000    grainCO    5.07386e-06
3000    grainH2CN    1.03127e-16
3000    grainN2    1.69127e-06
3000    grainSi    2.01218e-29
3000    grainC2H5    8.82914e-20
3000    grainCH2NH    6.48736e-17
3000    grainCH3N    0.00000e+00
3000    grainCHNH2    0.00000e+00
3000    grainHCO    1.27840e-13
3000    grainHOC    0.00000e+00
3000    grainN2H    0.00000e+00
3000    grainSiH    5.05982e-31
3000    grainC2H6    0.00000e+00
3000    grainCH2NH2    0.00000e+00
3000    grainCH3NH    0.00000e+00
3000    grainCHOH    0.00000e+00
3000    grainH2CO    2.12775e-12
3000    grainHOCH    0.00000e+00
3000    grainN2H2    0.00000e+00
3000    grainNO    2.14761e-15
3000    grainSiH2    3.85370e-34
3000    grainCH2OH    0.00000e+00
3000    grainCH3O    0.00000e+00
3000    grainCH5N    0.00000e+00
3000    grainHNO    1.84434e-15
3000    grainHON    0.00000e+00
3000    grainSiH3    3.77426e-37
3000    grainCH3OH    8.44858e-08
3000    grainNH2OH    0.00000e+00
3000    grainO2    1.77708e-13
3000    grainS    3.31628e-14
3000    grainHS    3.92879e-13
3000    grainS(-)    5.70111e-22
3000    grainSiH4    3.43155e-37
3000    grainO2H    3.06242e-18
3000    grainH2O2    3.70269e-30
3000    grainH2S    1.61476e-09
3000    grainCl    0.00000e+00
3000    grainC3    1.01923e-16
3000    grainHCl    0.00000e+00
3000    grainC3H    1.91592e-17
3000    grainC2N    1.33148e-17
3000    grainC3H2    3.19164e-17
3000    grainH2CCC    5.96642e-19
3000    grainC3H3    0.00000e+00
3000    grainHCCN    0.00000e+00
3000    grainC2O    8.51817e-20
3000    grainC3H4    0.00000e+00
3000    grainCH2CN    3.87975e-21
3000    grainCH3CCH    1.95638e-17
3000    grainNaOH    0.00000e+00
3000    grainSiC    9.70437e-31
3000    grainC3H5    0.00000e+00
3000    grainCH3CN    9.37065e-14
3000    grainHC2O    0.00000e+00
3000    grainHCSi    8.36854e-31
3000    grainC3H6    0.00000e+00
3000    grainCH2CO    6.73906e-16
3000    grainNH2CN    1.66129e-13
3000    grainOCN    1.12683e-15
3000    grainSiCH2    1.18517e-37
3000    grainSiN    4.46033e-35
3000    grainC3H7    0.00000e+00
3000    grainHNCO    7.77847e-17
3000    grainHNSi    2.68183e-38
3000    grainSiCH3    8.20579e-41
3000    grainC3H8    0.00000e+00
3000    grainCH3CHO    6.91662e-14
3000    grainCO2    4.22812e-06
3000    grainCS    1.04391e-15
3000    grainN2O    5.21694e-22
3000    grainSiO    7.76168e-35
3000    grainHCS    4.90039e-18
3000    grainNH2CHO    0.00000e+00
3000    grainNHNO    0.00000e+00
3000    grainC2H5OH    2.13394e-20
3000    grainCH3OCH3    2.63184e-12
3000    grainH2CS    6.67969e-16
3000    grainH2SiO    4.63831e-44
3000    grainHCOOH    2.72666e-14
3000    grainNH2NO    0.00000e+00
3000    grainNO2    1.23426e-20
3000    grainNS    2.96596e-18
3000    grainCCl    0.00000e+00
3000    grainC4    1.41625e-18
3000    grainO3    0.00000e+00
3000    grainSO    4.22808e-16
3000    grainC4H    4.55099e-18
3000    grainC3N    1.29773e-18
3000    grainC4H2    0.00000e+00
3000    grainC4H3    7.67377e-18
3000    grainClO    0.00000e+00
3000    grainHC2NC    0.00000e+00
3000    grainHC3N    2.80181e-19
3000    grainHCNC2    0.00000e+00
3000    grainHNC3    1.23072e-21
3000    grainC3O    3.17424e-18
3000    grainC4H4    0.00000e+00
3000    grainCH2CCN    0.00000e+00
3000    grainNCCN    5.96144e-16
3000    grainSiC2    6.74554e-30
3000    grainC4H5    0.00000e+00
3000    grainCH2CHCN    1.68616e-21
3000    grainHC3O    0.00000e+00
3000    grainSiC2H    4.31100e-31
3000    grainC4H6    0.00000e+00
3000    grainH2C3O    0.00000e+00
3000    grainH4C3N    0.00000e+00
3000    grainSiC2H2    3.53483e-31
3000    grainSiNC    3.24137e-44
3000    grainH5C3N    0.00000e+00
3000    grainC2S    5.58635e-20
3000    grainFe    0.00000e+00
3000    grainFeH    0.00000e+00
3000    grainC5    4.02035e-20
3000    grainHCOOCH3    3.03588e-17
3000    grainOCS    9.69875e-19
3000    grainSiO2    7.44195e-44
3000    grainSiS    2.56904e-40
3000    grainC5H    2.25509e-20
3000    grainC4N    4.50323e-20
3000    grainC5H2    4.08956e-20
3000    grainC5H3    0.00000e+00
3000    grainCH3C4H    2.15882e-21
3000    grainS2    2.57420e-19
3000    grainSO2    4.42997e-19
3000    grainCH3C3N    1.21122e-22
3000    grainHS2    1.14793e-16
3000    grainSiC3H    2.20871e-42
3000    grainH2S2    3.29467e-17
3000    grainC3S    2.70815e-22
3000    grainC6    6.70757e-22
3000    grainC6H    3.21464e-22
3000    grainC5N    1.02571e-24
3000    grainC6H2    8.73102e-22
3000    grainC6H3    0.00000e+00
3000    grainHC5N    8.14202e-24
3000    grainC6H4    0.00000e+00
3000    grainH2C5N    0.00000e+00
3000    grainSiC4    0.00000e+00
3000    grainH3C5N    0.00000e+00
3000    grainC6H6    2.73564e-26
3000    grainC4S    6.24779e-24
3000    grainC7    1.46597e-24
3000    grainC7H    1.09630e-22
3000    grainC7H2    1.01535e-22
3000    grainC7H3    0.00000e+00
3000    grainC7H4    0.00000e+00
3000    grainCH3C6H    1.37023e-24
3000    grainCH3C5N    1.65140e-30
3000    grainC8    4.92820e-22
3000    grainC8H    8.94510e-23
3000    grainC7N    8.38933e-27
3000    grainC8H2    4.53085e-22
3000    grainC8H3    0.00000e+00
3000    grainHC7N    3.33020e-29
3000    grainC8H4    0.00000e+00
3000    grainH2C7N    0.00000e+00
3000    grainH3C7N    0.00000e+00
3000    grainC9    1.59336e-22
3000    grainC9H    5.34190e-22
3000    grainC9H2    2.38122e-22
3000    grainC9H3    0.00000e+00
3000    grainC9H4    0.00000e+00
3000    grainCH3C7N    1.24604e-38
3000    grainC10    2.74015e-24
3000    grainC9N    1.21583e-29
3000    grainHC9N    2.20887e-31
3000    grainH2C9N    0.00000e+00
3000    grainH3C9N    0.00000e+00
4000    grain    2.44126e-13
4000    grainH    2.71994e-07
4000    grainH(-)    6.02530e-13
4000    grainH2    1.20202e-02
4000    grainHe    2.48689e-14
4000    grainC    2.49380e-14
4000    grainCH    2.10997e-14
4000    grainC(-)    2.31910e-18
4000    grainCH2    2.39302e-12
4000    grainCH3    2.87869e-11
4000    grainN    7.29094e-13
4000    grainNH    4.07015e-13
4000    grainCH4    2.22382e-07
4000    grainNH2    2.86541e-12
4000    grainNH3    1.61040e-07
4000    grainO    3.53938e-11
4000    grainOH    5.15962e-11
4000    grainO(-)    4.49350e-20
4000    grainH2O    1.30947e-05
4000    grainOH(-)    1.54283e-14
4000    grainNa    0.00000e+00
4000    grainC2    2.49777e-14
4000    grainMg    0.00000e+00
4000    grainNaH    0.00000e+00
4000    grainC2H    3.44903e-14
4000    grainMgH    0.00000e+00
4000    grainC2H2    2.95474e-14
4000    grainCN    2.71136e-12
4000    grainCN(-)    1.22589e-14
4000    grainMgH2    0.00000e+00
4000    grainC2H3    2.90210e-16
4000    grainHCN    3.88196e-08
4000    grainHNC    1.41891e-11
4000    grainC2H4    6.92871e-15
4000    grainCHNH    0.00000e+00
4000    grainCNH2    0.00000e+00
4000    grainCO    6.65783e-06
4000    grainH2CN    1.36511e-16
4000    grainN2    2.21925e-06
4000    grainSi    7.25724e-29
4000    grainC2H5    1.33581e-19
4000    grainCH2NH    8.54679e-17
4000    grainCH3N    0.00000e+00
4000    grainCHNH2    0.00000e+00
4000    grainHCO    1.68296e-13
4000    grainHOC    0.00000e+00
4000    grainN2H    0.00000e+00
4000    grainSiH    2.84143e-30
4000    grainC2H6    0.00000e+00
4000    grainCH2NH2    0.00000e+00
4000    grainCH3NH    0.00000e+00
4000    grainCHOH    0.00000e+00
4000    grainH2CO    2.79857e-12
4000    grainHOCH    0.00000e+00
4000    grainN2H2    0.00000e+00
4000    grainNO    2.91985e-15
4000    grainSiH2    1.78699e-33
4000    grainCH2OH    0.00000e+00
4000    grainCH3O    0.00000e+00
4000    grainCH5N    0.00000e+00
4000    grainHNO    2.43553e-15
4000    grainHON    0.00000e+00
4000    grainSiH3    1.55604e-36
4000    grainCH3OH    1.10861e-07
4000    grainNH2OH    0.00000e+00
4000    grainO2    2.34253e-13
4000    grainS    3.90678e-14
4000    grainHS    5.56020e-13
4000    grainS(-)    1.25111e-21
4000    grainSiH4    1.50021e-36
4000    grainO2H    4.02844e-18
4000    grainH2O2    4.88252e-30
4000    grainH2S    2.11886e-09
4000    grainCl    0.00000e+00
4000    grainC3    2.79644e-16
4000    grainHCl    0.00000e+00
4000    grainC3H    5.06858e-17
4000    grainC2N    1.86867e-17
4000    grainC3H2    8.44681e-17
4000    grainH2CCC    1.42365e-18
4000    grainC3H3    0.00000e+00
4000    grainHCCN    0.00000e+00
4000    grainC2O    1.86464e-19
4000    grainC3H4    0.00000e+00
4000    grainCH2CN    7.89921e-21
4000    grainCH3CCH    5.35192e-17
4000    grainNaOH    0.00000e+00
4000    grainSiC    6.16749e-30
4000    grainC3H5    0.00000e+00
4000    grainCH3CN    1.23215e-13
4000    grainHC2O    0.00000e+00
4000    grainHCSi    5.31549e-30
4000    grainC3H6    0.00000e+00
4000    grainCH2CO    8.86706e-16
4000    grainNH2CN    2.18595e-13
4000    grainOCN    1.48651e-15
4000    grainSiCH2    3.29764e-37
4000    grainSiN    1.23224e-34
4000    grainC3H7    0.00000e+00
4000    grainHNCO    1.02687e-16
4000    grainHNSi    1.07321e-37
4000    grainSiCH3    2.05193e-40
4000    grainC3H8    0.00000e+00
4000    grainCH3CHO    9.10332e-14
4000    grainCO2    5.54807e-06
4000    grainCS    1.37329e-15
4000    grainN2O    8.91967e-22
4000    grainSiO    2.28950e-34
4000    grainHCS    6.46517e-18
4000    grainNH2CHO    0.00000e+00
4000    grainNHNO    0.00000e+00
4000    grainC2H5OH    2.80845e-20
4000    grainCH3OCH3    3.45911e-12
4000    grainH2CS    8.78112e-16
4000    grainH2SiO    6.20253e-44
4000    grainHCOOH    3.58293e-14
4000    grainNH2NO    0.00000e+00
4000    grainNO2    1.66405e-20
4000    grainNS    3.91127e-18
4000    grainCCl    0.00000e+00
4000    grainC4    3.90060e-18
4000    grainO3    0.00000e+00
4000    grainSO    5.57602e-16
4000    grainC4H    1.25340e-17
4000    grainC3N    1.70982e-18
4000    grainC4H2    0.00000e+00
4000    grainC4H3    2.11349e-17
4000    grainClO    0.00000e+00
4000    grainHC2NC    0.00000e+00
4000    grainHC3N    3.71367e-19
4000    grainHCNC2    0.00000e+00
4000    grainHNC3    1.62510e-21
4000    grainC3O    4.16917e-18
4000    grainC4H4    0.00000e+00
4000    grainCH2CCN    0.00000e+00
4000    grainNCCN    7.86328e-16
4000    grainSiC2    4.28749e-29
4000    grainC4H5    0.00000e+00
4000    grainCH2CHCN    2.28352e-21
4000    grainHC3O    0.00000e+00
4000    grainSiC2H    2.74008e-30
4000    grainC4H6    0.00000e+00
4000    grainH2C3O    0.00000e+00
4000    grainH4C3N    0.00000e+00
4000    grainSiC2H2    2.24629e-30
4000    grainSiNC    1.04853e-43
4000    grainH5C3N    0.00000e+00
4000    grainC2S    1.52737e-19
4000    grainFe    0.00000e+00
4000    grainFeH    0.00000e+00
4000    grainC5    1.10728e-19
4000    grainHCOOCH3    3.99981e-17
4000    grainOCS    1.27917e-18
4000    grainSiO2    1.54364e-43
4000    grainSiS    8.99184e-40
4000    grainC5H    6.21133e-20
4000    grainC4N    1.24027e-19
4000    grainC5H2    1.12631e-19
4000    grainC5H3    0.00000e+00
4000    grainCH3C4H    5.94509e-21
4000    grainS2    3.39406e-19
4000    grainSO2    5.87197e-19
4000    grainCH3C3N    1.81374e-22
4000    grainHS2    1.50783e-16
4000    grainSiC3H    6.07201e-42
4000    grainH2S2    4.32788e-17
4000    grainC3S    7.45320e-22
4000    grainC6    1.05920e-21
4000    grainC6H    8.66243e-22
4000    grainC5N    2.82445e-24
4000    grainC6H2    1.86253e-21
4000    grainC6H3    0.00000e+00
4000    grainHC5N    2.22744e-23
4000    grainC6H4    0.00000e+00
4000    grainH2C5N    0.00000e+00
4000    grainSiC4    0.00000e+00
4000    grainH3C5N    0.00000e+00
4000    grainC6H6    7.35260e-26
4000    grainC4S    1.72075e-23
4000    grainC7    4.55315e-24
4000    grainC7H    1.60533e-22
4000    grainC7H2    1.46245e-22
4000    grainC7H3    0.00000e+00
4000    grainC7H4    0.00000e+00
4000    grainCH3C6H    3.77384e-24
4000    grainCH3C5N    4.47383e-30
4000    grainC8    7.02318e-22
4000    grainC8H    1.44055e-22
4000    grainC7N    2.31032e-26
4000    grainC8H2    6.82783e-22
4000    grainC8H3    0.00000e+00
4000    grainHC7N    9.14193e-29
4000    grainC8H4    0.00000e+00
4000    grainH2C7N    0.00000e+00
4000    grainH3C7N    0.00000e+00
4000    grainC9    2.63181e-22
4000    grainC9H    7.77403e-22
4000    grainC9H2    3.82915e-22
4000    grainC9H3    0.00000e+00
4000    grainC9H4    0.00000e+00
4000    grainCH3C7N    3.85075e-38
4000    grainC10    3.68131e-24
4000    grainC9N    3.11601e-29
4000    grainHC9N    3.55407e-31
4000    grainH2C9N    0.00000e+00
4000    grainH3C9N    0.00000e+00
5000    grain    2.95731e-13
5000    grainH    3.03661e-07
5000    grainH(-)    8.30112e-13
5000    grainH2    1.45565e-02
5000    grainHe    3.01164e-14
5000    grainC    2.76587e-14
5000    grainCH    2.48325e-14
5000    grainC(-)    4.56037e-18
5000    grainCH2    2.63743e-12
5000    grainCH3    3.18601e-11
5000    grainN    8.07340e-13
5000    grainNH    4.91118e-13
5000    grainCH4    2.69687e-07
5000    grainNH2    3.19309e-12
5000    grainNH3    1.95188e-07
5000    grainO    3.90856e-11
5000    grainOH    5.89221e-11
5000    grainO(-)    8.83615e-20
5000    grainH2O    1.58631e-05
5000    grainOH(-)    1.87317e-14
5000    grainNa    0.00000e+00
5000    grainC2    4.91182e-14
5000    grainMg    0.00000e+00
5000    grainNaH    0.00000e+00
5000    grainC2H    6.76675e-14
5000    grainMgH    0.00000e+00
5000    grainC2H2    5.42419e-14
5000    grainCN    3.29750e-12
5000    grainCN(-)    1.48744e-14
5000    grainMgH2    0.00000e+00
5000    grainC2H3    4.42511e-16
5000    grainHCN    4.70247e-08
5000    grainHNC    1.72233e-11
5000    grainC2H4    8.45609e-15
5000    grainCHNH    0.00000e+00
5000    grainCNH2    0.00000e+00
5000    grainCO    8.06506e-06
5000    grainH2CN    1.66995e-16
5000    grainN2    2.68833e-06
5000    grainSi    1.62927e-28
5000    grainC2H5    1.87318e-19
5000    grainCH2NH    1.03952e-16
5000    grainCH3N    0.00000e+00
5000    grainCHNH2    0.00000e+00
5000    grainHCO    2.04547e-13
5000    grainHOC    0.00000e+00
5000    grainN2H    0.00000e+00
5000    grainSiH    6.99196e-30
5000    grainC2H6    0.00000e+00
5000    grainCH2NH2    0.00000e+00
5000    grainCH3NH    0.00000e+00
5000    grainCHOH    0.00000e+00
5000    grainH2CO    3.39813e-12
5000    grainHOCH    0.00000e+00
5000    grainN2H2    0.00000e+00
5000    grainNO    3.68383e-15
5000    grainSiH2    4.23811e-33
5000    grainCH2OH    0.00000e+00
5000    grainCH3O    0.00000e+00
5000    grainCH5N    0.00000e+00
5000    grainHNO    2.97003e-15
5000    grainHON    0.00000e+00
5000    grainSiH3    3.60465e-36
5000    grainCH3OH    1.34292e-07
5000    grainNH2OH    0.00000e+00
5000    grainO2    2.85214e-13
5000    grainS    4.31255e-14
5000    grainHS    7.29556e-13
5000    grainS(-)    2.24131e-21
5000    grainSiH4    3.52130e-36
5000    grainO2H    4.89198e-18
5000    grainH2O2    5.94195e-30
5000    grainH2S    2.56671e-09
5000    grainCl    0.00000e+00
5000    grainC3    5.49470e-16
5000    grainHCl    0.00000e+00
5000    grainC3H    9.82887e-17
5000    grainC2N    2.43789e-17
5000    grainC3H2    1.63821e-16
5000    grainH2CCC    2.64966e-18
5000    grainC3H3    0.00000e+00
5000    grainHCCN    0.00000e+00
5000    grainC2O    3.33709e-19
5000    grainC3H4    0.00000e+00
5000    grainCH2CN    1.36218e-20
5000    grainCH3CCH    1.05046e-16
5000    grainNaOH    0.00000e+00
5000    grainSiC    1.54564e-29
5000    grainC3H5    0.00000e+00
5000    grainCH3CN    1.49569e-13
5000    grainHC2O    0.00000e+00
5000    grainHCSi    1.33202e-29
5000    grainC3H6    0.00000e+00
5000    grainCH2CO    1.07728e-15
5000    grainNH2CN    2.65537e-13
5000    grainOCN    1.81042e-15
5000    grainSiCH2    6.50766e-37
5000    grainSiN    2.42834e-34
5000    grainC3H7    0.00000e+00
5000    grainHNCO    1.25151e-16
5000    grainHNSi    2.52814e-37
5000    grainSiCH3    3.85717e-40
5000    grainC3H8    0.00000e+00
5000    grainCH3CHO    1.10605e-13
5000    grainCO2    6.72074e-06
5000    grainCS    1.66812e-15
5000    grainN2O    1.54334e-21
5000    grainSiO    4.67191e-34
5000    grainHCS    7.87474e-18
5000    grainNH2CHO    0.00000e+00
5000    grainNHNO    0.00000e+00
5000    grainC2H5OH    3.41216e-20
5000    grainCH3OCH3    4.19715e-12
5000    grainH2CS    1.06567e-15
5000    grainH2SiO    7.49692e-44
5000    grainHCOOH    4.34639e-14
5000    grainNH2NO    0.00000e+00
5000    grainNO2    2.07906e-20
5000    grainNS    4.76192e-18
5000    grainCCl    0.00000e+00
5000    grainC4    7.67454e-18
5000    grainO3    0.00000e+00
5000    grainSO    6.78897e-16
5000    grainC4H    2.46608e-17
5000    grainC3N    2.08010e-18
5000    grainC4H2    0.00000e+00
5000    grainC4H3    4.15835e-17
5000    grainClO    0.00000e+00
5000    grainHC2NC    0.00000e+00
5000    grainHC3N    4.54745e-19
5000    grainHCNC2    0.00000e+00
5000    grainHNC3    1.98118e-21
5000    grainC3O    5.05524e-18
5000    grainC4H4    0.00000e+00
5000    grainCH2CCN    0.00000e+00
5000    grainNCCN    9.57534e-16
5000    grainSiC2    1.07451e-28
5000    grainC4H5    0.00000e+00
5000    grainCH2CHCN    2.86573e-21
5000    grainHC3O    0.00000e+00
5000    grainSiC2H    6.86705e-30
5000    grainC4H6    0.00000e+00
5000    grainH2C3O    0.00000e+00
5000    grainH4C3N    0.00000e+00
5000    grainSiC2H2    5.62939e-30
5000    grainSiNC    1.76567e-43
5000    grainH5C3N    0.00000e+00
5000    grainC2S    2.99743e-19
5000    grainFe    0.00000e+00
5000    grainFeH    0.00000e+00
5000    grainC5    2.17862e-19
5000    grainHCOOCH3    4.86505e-17
5000    grainOCS    1.55749e-18
5000    grainSiO2    2.41152e-43
5000    grainSiS    1.99166e-39
5000    grainC5H    1.22213e-19
5000    grainC4N    2.44026e-19
5000    grainC5H2    2.21603e-19
5000    grainC5H3    0.00000e+00
5000    grainCH3C4H    1.16967e-20
5000    grainS2    4.13136e-19
5000    grainSO2    7.18593e-19
5000    grainCH3C3N    2.51940e-22
5000    grainHS2    1.82836e-16
5000    grainSiC3H    1.19523e-41
5000    grainH2S2    5.24819e-17
5000    grainC3S    1.46606e-21
5000    grainC6    1.52033e-21
5000    grainC6H    1.68584e-21
5000    grainC5N    5.55682e-24
5000    grainC6H2    3.27237e-21
5000    grainC6H3    0.00000e+00
5000    grainHC5N    4.37220e-23
5000    grainC6H4    0.00000e+00
5000    grainH2C5N    0.00000e+00
5000    grainSiC4    0.00000e+00
5000    grainH3C5N    0.00000e+00
5000    grainC6H6    1.43479e-25
5000    grainC4S    3.38561e-23
5000    grainC7    8.57893e-24
5000    grainC7H    2.05703e-22
5000    grainC7H2    1.95552e-22
5000    grainC7H3    0.00000e+00
5000    grainC7H4    0.00000e+00
5000    grainCH3C6H    7.42523e-24
5000    grainCH3C5N    8.75116e-30
5000    grainC8    8.79234e-22
5000    grainC8H    1.89422e-22
5000    grainC7N    4.54546e-26
5000    grainC8H2    8.77760e-22
5000    grainC8H3    0.00000e+00
5000    grainHC7N    1.79709e-28
5000    grainC8H4    0.00000e+00
5000    grainH2C7N    0.00000e+00
5000    grainH3C7N    0.00000e+00
5000    grainC9    3.51692e-22
5000    grainC9H    9.82202e-22
5000    grainC9H2    5.05995e-22
5000    grainC9H3    0.00000e+00
5000    grainC9H4    0.00000e+00
5000    grainCH3C7N    1.64285e-36
5000    grainC10    4.48816e-24
5000    grainC9N    5.93751e-29
5000    grainHC9N    4.93369e-31
5000    grainH2C9N    0.00000e+00
5000    grainH3C9N    0.00000e+00
6000    grain    3.42051e-13
6000    grainH    3.37955e-07
6000    grainH(-)    1.06857e-12
6000    grainH2    1.68320e-02
6000    grainHe    3.48247e-14
6000    grainC    2.95529e-14
6000    grainCH    2.78496e-14
6000    grainC(-)    7.45098e-18
6000    grainCH2    2.80664e-12
6000    grainCH3    3.40160e-11
6000    grainN    8.61715e-13
6000    grainNH    5.60973e-13
6000    grainCH4    3.12296e-07
6000    grainNH2    3.43316e-12
6000    grainNH3    2.25893e-07
6000    grainO    4.16520e-11
6000    grainOH    6.45645e-11
6000    grainO(-)    1.44370e-19
6000    grainH2O    1.83483e-05
6000    grainOH(-)    2.17144e-14
6000    grainNa    0.00000e+00
6000    grainC2    8.02962e-14
6000    grainMg    0.00000e+00
6000    grainNaH    0.00000e+00
6000    grainC2H    1.10499e-13
6000    grainMgH    0.00000e+00
6000    grainC2H2    8.57080e-14
6000    grainCN    3.82955e-12
6000    grainCN(-)    1.72322e-14
6000    grainMgH2    0.00000e+00
6000    grainC2H3    6.24976e-16
6000    grainHCN    5.43889e-08
6000    grainHNC    1.99613e-11
6000    grainC2H4    9.85706e-15
6000    grainCHNH    0.00000e+00
6000    grainCNH2    0.00000e+00
6000    grainCO    9.32809e-06
6000    grainH2CN    1.95348e-16
6000    grainN2    3.10933e-06
6000    grainSi    2.84453e-28
6000    grainC2H5    2.48361e-19
6000    grainCH2NH    1.20720e-16
6000    grainCH3N    0.00000e+00
6000    grainCHNH2    0.00000e+00
6000    grainHCO    2.37371e-13
6000    grainHOC    0.00000e+00
6000    grainN2H    0.00000e+00
6000    grainSiH    1.24243e-29
6000    grainC2H6    0.00000e+00
6000    grainCH2NH2    0.00000e+00
6000    grainCH3NH    0.00000e+00
6000    grainCHOH    0.00000e+00
6000    grainH2CO    3.93961e-12
6000    grainHOCH    0.00000e+00
6000    grainN2H2    0.00000e+00
6000    grainNO    4.44394e-15
6000    grainSiH2    7.41801e-33
6000    grainCH2OH    0.00000e+00
6000    grainCH3O    0.00000e+00
6000    grainCH5N    0.00000e+00
6000    grainHNO    3.45866e-15
6000    grainHON    0.00000e+00
6000    grainSiH3    6.25477e-36
6000    grainCH3OH    1.55323e-07
6000    grainNH2OH    0.00000e+00
6000    grainO2    3.31636e-13
6000    grainS    4.59353e-14
6000    grainHS    9.12155e-13
6000    grainS(-)    3.49556e-21
6000    grainSiH4    6.13950e-36
6000    grainO2H    5.67195e-18
6000    grainH2O2    6.91227e-30
6000    grainH2S    2.96866e-09
6000    grainCl    0.00000e+00
6000    grainC3    8.97907e-16
6000    grainHCl    0.00000e+00
6000    grainC3H    1.59614e-16
6000    grainC2N    3.03607e-17
6000    grainC3H2    2.66050e-16
6000    grainH2CCC    4.21640e-18
6000    grainC3H3    0.00000e+00
6000    grainHCCN    0.00000e+00
6000    grainC2O    5.20228e-19
6000    grainC3H4    0.00000e+00
6000    grainCH2CN    2.08023e-20
6000    grainCH3CCH    1.71570e-16
6000    grainNaOH    0.00000e+00
6000    grainSiC    2.75629e-29
6000    grainC3H5    0.00000e+00
6000    grainCH3CN    1.73351e-13
6000    grainHC2O    0.00000e+00
6000    grainHCSi    2.37531e-29
6000    grainC3H6    0.00000e+00
6000    grainCH2CO    1.24982e-15
6000    grainNH2CN    3.07979e-13
6000    grainOCN    2.10528e-15
6000    grainSiCH2    1.06481e-36
6000    grainSiN    3.97451e-34
6000    grainC3H7    0.00000e+00
6000    grainHNCO    1.45633e-16
6000    grainHNSi    4.51843e-37
6000    grainSiCH3    6.15529e-40
6000    grainC3H8    0.00000e+00
6000    grainCH3CHO    1.28307e-13
6000    grainCO2    7.77324e-06
6000    grainCS    1.93480e-15
6000    grainN2O    2.57839e-21
6000    grainSiO    7.81096e-34
6000    grainHCS    9.15818e-18
6000    grainNH2CHO    0.00000e+00
6000    grainNHNO    0.00000e+00
6000    grainC2H5OH    3.95819e-20
6000    grainCH3OCH3    4.86244e-12
6000    grainH2CS    1.23480e-15
6000    grainH2SiO    7.55134e-44
6000    grainHCOOH    5.03417e-14
6000    grainNH2NO    0.00000e+00
6000    grainNO2    2.49581e-20
6000    grainNS    5.53589e-18
6000    grainCCl    0.00000e+00
6000    grainC4    1.25491e-17
6000    grainO3    0.00000e+00
6000    grainSO    7.89221e-16
6000    grainC4H    4.03244e-17
6000    grainC3N    2.41638e-18
6000    grainC4H2    0.00000e+00
6000    grainC4H3    6.79957e-17
6000    grainClO    0.00000e+00
6000    grainHC2NC    0.00000e+00
6000    grainHC3N    5.31830e-19
6000    grainHCNC2    0.00000e+00
6000    grainHNC3    2.30619e-21
6000    grainC3O    5.85308e-18
6000    grainC4H4    0.00000e+00
6000    grainCH2CCN    0.00000e+00
6000    grainNCCN    1.11331e-15
6000    grainSiC2    1.91614e-28
6000    grainC4H5    0.00000e+00
6000    grainCH2CHCN    3.43724e-21
6000    grainHC3O    0.00000e+00
6000    grainSiC2H    1.22458e-29
6000    grainC4H6    0.00000e+00
6000    grainH2C3O    0.00000e+00
6000    grainH4C3N    0.00000e+00
6000    grainSiC2H2    1.00387e-29
6000    grainSiNC    2.38381e-43
6000    grainH5C3N    0.00000e+00
6000    grainC2S    4.89537e-19
6000    grainFe    0.00000e+00
6000    grainFeH    0.00000e+00
6000    grainC5    3.56239e-19
6000    grainHCOOCH3    5.65000e-17
6000    grainOCS    1.81065e-18
6000    grainSiO2    3.26174e-43
6000    grainSiS    3.48974e-39
6000    grainC5H    1.99840e-19
6000    grainC4N    3.99023e-19
6000    grainC5H2    3.62356e-19
6000    grainC5H3    0.00000e+00
6000    grainCH3C4H    1.91258e-20
6000    grainS2    4.80149e-19
6000    grainSO2    8.39682e-19
6000    grainCH3C3N    3.31457e-22
6000    grainHS2    2.11676e-16
6000    grainSiC3H    1.90185e-41
6000    grainH2S2    6.07639e-17
6000    grainC3S    2.39695e-21
6000    grainC6    2.04742e-21
6000    grainC6H    2.74045e-21
6000    grainC5N    9.08609e-24
6000    grainC6H2    5.04390e-21
6000    grainC6H3    0.00000e+00
6000    grainHC5N    7.14131e-23
6000    grainC6H4    0.00000e+00
6000    grainH2C5N    0.00000e+00
6000    grainSiC4    0.00000e+00
6000    grainH3C5N    0.00000e+00
6000    grainC6H6    2.34950e-25
6000    grainC4S    5.53602e-23
6000    grainC7    1.34652e-23
6000    grainC7H    2.47165e-22
6000    grainC7H2    2.49403e-22
6000    grainC7H3    0.00000e+00
6000    grainC7H4    0.00000e+00
6000    grainCH3C6H    1.21432e-23
6000    grainCH3C5N    1.42736e-29
6000    grainC8    1.03460e-21
6000    grainC8H    2.28939e-22
6000    grainC7N    7.43254e-26
6000    grainC8H2    1.04842e-21
6000    grainC8H3    0.00000e+00
6000    grainHC7N    2.95126e-28
6000    grainC8H4    0.00000e+00
6000    grainH2C7N    0.00000e+00
6000    grainH3C7N    0.00000e+00
6000    grainC9    4.28244e-22
6000    grainC9H    1.16159e-21
6000    grainC9H2    6.12454e-22
6000    grainC9H3    0.00000e+00
6000    grainC9H4    0.00000e+00
6000    grainCH3C7N    4.68605e-35
6000    grainC10    5.19953e-24
6000    grainC9N    9.54836e-29
6000    grainHC9N    6.45504e-31
6000    grainH2C9N    0.00000e+00
6000    grainH3C9N    0.00000e+00
7000    grain    3.83984e-13
7000    grainH    3.74333e-07
7000    grainH(-)    1.31395e-12
7000    grainH2    1.88918e-02
7000    grainHe    3.90868e-14
7000    grainC    3.08751e-14
7000    grainCH    3.02626e-14
7000    grainC(-)    1.08537e-17
7000    grainCH2    2.92450e-12
7000    grainCH3    3.55367e-11
7000    grainN    8.99647e-13
7000    grainNH    6.18030e-13
7000    grainCH4    3.51003e-07
7000    grainNH2    3.61156e-12
7000    grainNH3    2.53738e-07
7000    grainO    4.34465e-11
7000    grainOH    6.89077e-11
7000    grainO(-)    2.10299e-19
7000    grainH2O    2.05983e-05
7000    grainOH(-)    2.44311e-14
7000    grainNa    0.00000e+00
7000    grainC2    1.17070e-13
7000    grainMg    0.00000e+00
7000    grainNaH    0.00000e+00
7000    grainC2H    1.61007e-13
7000    grainMgH    0.00000e+00
7000    grainC2H2    1.22555e-13
7000    grainCN    4.31666e-12
7000    grainCN(-)    1.93761e-14
7000    grainMgH2    0.00000e+00
7000    grainC2H3    8.31318e-16
7000    grainHCN    6.10552e-08
7000    grainHNC    2.24537e-11
7000    grainC2H4    1.11526e-14
7000    grainCHNH    0.00000e+00
7000    grainCNH2    0.00000e+00
7000    grainCO    1.04714e-05
7000    grainH2CN    2.22546e-16
7000    grainN2    3.49043e-06
7000    grainSi    4.29610e-28
7000    grainC2H5    3.15145e-19
7000    grainCH2NH    1.36071e-16
7000    grainCH3N    0.00000e+00
7000    grainCHNH2    0.00000e+00
7000    grainHCO    2.67353e-13
7000    grainHOC    0.00000e+00
7000    grainN2H    0.00000e+00
7000    grainSiH    1.86787e-29
7000    grainC2H6    0.00000e+00
7000    grainCH2NH2    0.00000e+00
7000    grainCH3NH    0.00000e+00
7000    grainCHOH    0.00000e+00
7000    grainH2CO    4.43293e-12
7000    grainHOCH    0.00000e+00
7000    grainN2H2    0.00000e+00
7000    grainNO    5.20032e-15
7000    grainSiH2    1.10555e-32
7000    grainCH2OH    0.00000e+00
7000    grainCH3O    0.00000e+00
7000    grainCH5N    0.00000e+00
7000    grainHNO    3.90968e-15
7000    grainHON    0.00000e+00
7000    grainSiH3    9.27973e-36
7000    grainCH3OH    1.74360e-07
7000    grainNH2OH    0.00000e+00
7000    grainO2    3.74280e-13
7000    grainS    4.78906e-14
7000    grainHS    1.10144e-12
7000    grainS(-)    4.95948e-21
7000    grainSiH4    9.12969e-36
7000    grainO2H    6.38260e-18
7000    grainH2O2    7.94671e-30
7000    grainH2S    3.33252e-09
7000    grainCl    0.00000e+00
7000    grainC3    1.30885e-15
7000    grainHCl    0.00000e+00
7000    grainC3H    2.31849e-16
7000    grainC2N    3.65616e-17
7000    grainC3H2    3.86467e-16
7000    grainH2CCC    6.05396e-18
7000    grainC3H3    0.00000e+00
7000    grainHCCN    0.00000e+00
7000    grainC2O    7.37958e-19
7000    grainC3H4    0.00000e+00
7000    grainCH2CN    2.91492e-20
7000    grainCH3CCH    2.50017e-16
7000    grainNaOH    0.00000e+00
7000    grainSiC    4.14167e-29
7000    grainC3H5    0.00000e+00
7000    grainCH3CN    1.95001e-13
7000    grainHC2O    0.00000e+00
7000    grainHCSi    3.56921e-29
7000    grainC3H6    0.00000e+00
7000    grainCH2CO    1.40764e-15
7000    grainNH2CN    3.46689e-13
7000    grainOCN    2.37617e-15
7000    grainSiCH2    1.55241e-36
7000    grainSiN    5.79919e-34
7000    grainC3H7    0.00000e+00
7000    grainHNCO    1.64475e-16
7000    grainHNSi    6.94480e-37
7000    grainSiCH3    8.84440e-40
7000    grainC3H8    0.00000e+00
7000    grainCH3CHO    1.44457e-13
7000    grainCO2    8.72598e-06
7000    grainCS    2.17809e-15
7000    grainN2O    4.06977e-21
7000    grainSiO    1.15600e-33
7000    grainHCS    1.03373e-17
7000    grainNH2CHO    0.00000e+00
7000    grainNHNO    0.00000e+00
7000    grainC2H5OH    4.45636e-20
7000    grainCH3OCH3    5.46736e-12
7000    grainH2CS    1.38865e-15
7000    grainH2SiO    7.59435e-44
7000    grainHCOOH    5.65914e-14
7000    grainNH2NO    0.00000e+00
7000    grainNO2    2.96790e-20
7000    grainNS    6.24697e-18
7000    grainCCl    0.00000e+00
7000    grainC4    1.82989e-17
7000    grainO3    0.00000e+00
7000    grainSO    8.90476e-16
7000    grainC4H    5.88001e-17
7000    grainC3N    2.72443e-18
7000    grainC4H2    0.00000e+00
7000    grainC4H3    9.91499e-17
7000    grainClO    0.00000e+00
7000    grainHC2NC    0.00000e+00
7000    grainHC3N    6.03730e-19
7000    grainHCNC2    0.00000e+00
7000    grainHNC3    2.60568e-21
7000    grainC3O    6.58044e-18
7000    grainC4H4    0.00000e+00
7000    grainCH2CCN    0.00000e+00
7000    grainNCCN    1.25633e-15
7000    grainSiC2    2.87924e-28
7000    grainC4H5    0.00000e+00
7000    grainCH2CHCN    3.99918e-21
7000    grainHC3O    0.00000e+00
7000    grainSiC2H    1.84009e-29
7000    grainC4H6    0.00000e+00
7000    grainH2C3O    0.00000e+00
7000    grainH4C3N    0.00000e+00
7000    grainSiC2H2    1.50844e-29
7000    grainSiNC    2.89800e-43
7000    grainH5C3N    0.00000e+00
7000    grainC2S    7.13353e-19
7000    grainFe    0.00000e+00
7000    grainFeH    0.00000e+00
7000    grainC5    5.19461e-19
7000    grainHCOOCH3    6.36843e-17
7000    grainOCS    2.04299e-18
7000    grainSiO2    4.05479e-43
7000    grainSiS    5.32064e-39
7000    grainC5H    2.91405e-19
7000    grainC4N    5.81847e-19
7000    grainC5H2    5.28379e-19
7000    grainC5H3    0.00000e+00
7000    grainCH3C4H    2.78907e-20
7000    grainS2    5.41601e-19
7000    grainSO2    9.52355e-19
7000    grainCH3C3N    4.18132e-22
7000    grainHS2    2.37849e-16
7000    grainSiC3H    2.69677e-41
7000    grainH2S2    6.82812e-17
7000    grainC3S    3.49495e-21
7000    grainC6    2.62749e-21
7000    grainC6H    3.98203e-21
7000    grainC5N    1.32496e-23
7000    grainC6H2    7.10348e-21
7000    grainC6H3    0.00000e+00
7000    grainHC5N    1.04070e-22
7000    grainC6H4    0.00000e+00
7000    grainH2C5N    0.00000e+00
7000    grainSiC4    0.00000e+00
7000    grainH3C5N    0.00000e+00
7000    grainC6H6    3.55284e-25
7000    grainC4S    8.07251e-23
7000    grainC7    1.90506e-23
7000    grainC7H    2.85879e-22
7000    grainC7H2    3.06954e-22
7000    grainC7H3    0.00000e+00
7000    grainC7H4    0.00000e+00
7000    grainCH3C6H    1.77274e-23
7000    grainCH3C5N    2.08172e-29
7000    grainC8    1.17396e-21
7000    grainC8H    2.64235e-22
7000    grainC7N    1.08391e-25
7000    grainC8H2    1.20069e-21
7000    grainC8H3    0.00000e+00
7000    grainHC7N    4.50044e-28
7000    grainC8H4    0.00000e+00
7000    grainH2C7N    0.00000e+00
7000    grainH3C7N    0.00000e+00
7000    grainC9    4.95457e-22
7000    grainC9H    1.32214e-21
7000    grainC9H2    7.06001e-22
7000    grainC9H3    0.00000e+00
7000    grainC9H4    0.00000e+00
7000    grainCH3C7N    7.05527e-34
7000    grainC10    5.83755e-24
7000    grainC9N    1.37961e-28
7000    grainHC9N    9.31676e-31
7000    grainH2C9N    0.00000e+00
7000    grainH3C9N    0.00000e+00
8000    grain    4.22222e-13
8000    grainH    3.36416e-04
8000    grainH(-)    1.57651e-12
8000    grainH2    2.10670e-02
8000    grainHe    4.41805e-14
8000    grainC    3.29883e-14
8000    grainCH    3.31480e-14
8000    grainC(-)    1.66640e-17
8000    grainCH2    2.97970e-12
8000    grainCH3    3.62350e-11
8000    grainN    9.17774e-13
8000    grainNH    6.48440e-13
8000    grainCH4    3.86766e-07
8000    grainNH2    3.69905e-12
8000    grainNH3    2.79297e-07
8000    grainO    4.42782e-11
8000    grainOH    7.10742e-11
8000    grainO(-)    3.02217e-19
8000    grainH2O    2.26507e-05
8000    grainOH(-)    2.69234e-14
8000    grainNa    0.00000e+00
8000    grainC2    1.58184e-13
8000    grainMg    0.00000e+00
8000    grainNaH    0.00000e+00
8000    grainC2H    2.17506e-13
8000    grainMgH    0.00000e+00
8000    grainC2H2    1.63683e-13
8000    grainCN    4.76698e-12
8000    grainCN(-)    2.13397e-14
8000    grainMgH2    0.00000e+00
8000    grainC2H3    1.05627e-15
8000    grainHCN    6.71326e-08
8000    grainHNC    2.47395e-11
8000    grainC2H4    1.23581e-14
8000    grainCHNH    0.00000e+00
8000    grainCNH2    0.00000e+00
8000    grainCO    1.15137e-05
8000    grainH2CN    2.50206e-16
8000    grainN2    3.83787e-06
8000    grainSi    4.64591e-26
8000    grainC2H5    3.86182e-19
8000    grainCH2NH    1.50233e-16
8000    grainCH3N    0.00000e+00
8000    grainCHNH2    0.00000e+00
8000    grainHCO    2.95015e-13
8000    grainHOC    0.00000e+00
8000    grainN2H    0.00000e+00
8000    grainSiH    3.03232e-28
8000    grainC2H6    0.00000e+00
8000    grainCH2NH2    0.00000e+00
8000    grainCH3NH    0.00000e+00
8000    grainCHOH    0.00000e+00
8000    grainH2CO    4.88568e-12
8000    grainHOCH    0.00000e+00
8000    grainN2H2    0.00000e+00
8000    grainNO    5.95492e-15
8000    grainSiH2    1.38123e-30
8000    grainCH2OH    0.00000e+00
8000    grainCH3O    0.00000e+00
8000    grainCH5N    0.00000e+00
8000    grainHNO    4.33004e-15
8000    grainHON    0.00000e+00
8000    grainSiH3    3.16491e-34
8000    grainCH3OH    1.91716e-07
8000    grainNH2OH    0.00000e+00
8000    grainO2    4.13952e-13
8000    grainS    4.87842e-14
8000    grainHS    1.35395e-12
8000    grainS(-)    7.37746e-21
8000    grainSiH4    3.12860e-34
8000    grainO2H    7.03478e-18
8000    grainH2O2    1.01939e-29
8000    grainH2S    3.66424e-09
8000    grainCl    0.00000e+00
8000    grainC3    1.76751e-15
8000    grainHCl    0.00000e+00
8000    grainC3H    3.12411e-16
8000    grainC2N    4.29088e-17
8000    grainC3H2    5.20766e-16
8000    grainH2CCC    8.09805e-18
8000    grainC3H3    0.00000e+00
8000    grainHCCN    0.00000e+00
8000    grainC2O    9.79628e-19
8000    grainC3H4    0.00000e+00
8000    grainCH2CN    3.84216e-20
8000    grainCH3CCH    3.37569e-16
8000    grainNaOH    0.00000e+00
8000    grainSiC    5.66674e-29
8000    grainC3H5    0.00000e+00
8000    grainCH3CN    2.14852e-13
8000    grainHC2O    0.00000e+00
8000    grainHCSi    5.06402e-29
8000    grainC3H6    0.00000e+00
8000    grainCH2CO    1.55368e-15
8000    grainNH2CN    3.82253e-13
8000    grainOCN    2.62709e-15
8000    grainSiCH2    9.81865e-35
8000    grainSiN    9.57864e-34
8000    grainC3H7    0.00000e+00
8000    grainHNCO    1.81934e-16
8000    grainHNSi    7.12520e-34
8000    grainSiCH3    3.30538e-37
8000    grainC3H8    0.00000e+00
8000    grainCH3CHO    1.59298e-13
8000    grainCO2    9.59457e-06
8000    grainCS    2.40171e-15
8000    grainN2O    6.08517e-21
8000    grainSiO    1.81178e-31
8000    grainHCS    1.14287e-17
8000    grainNH2CHO    0.00000e+00
8000    grainNHNO    0.00000e+00
8000    grainC2H5OH    4.91418e-20
8000    grainCH3OCH3    6.02127e-12
8000    grainH2CS    1.52960e-15
8000    grainH2SiO    3.33966e-43
8000    grainHCOOH    6.23116e-14
8000    grainNH2NO    0.00000e+00
8000    grainNO2    3.65902e-20
8000    grainNS    6.90616e-18
8000    grainCCl    0.00000e+00
8000    grainC4    2.47167e-17
8000    grainO3    0.00000e+00
8000    grainSO    9.84122e-16
8000    grainC4H    7.94227e-17
8000    grainC3N    3.00866e-18
8000    grainC4H2    0.00000e+00
8000    grainC4H3    1.33924e-16
8000    grainClO    0.00000e+00
8000    grainHC2NC    0.00000e+00
8000    grainHC3N    6.71399e-19
8000    grainHCNC2    0.00000e+00
8000    grainHNC3    2.88436e-21
8000    grainC3O    7.25850e-18
8000    grainC4H4    0.00000e+00
8000    grainCH2CCN    0.00000e+00
8000    grainNCCN    1.38861e-15
8000    grainSiC2    3.91144e-28
8000    grainC4H5    0.00000e+00
8000    grainCH2CHCN    4.55228e-21
8000    grainHC3O    0.00000e+00
8000    grainSiC2H    2.50262e-29
8000    grainC4H6    0.00000e+00
8000    grainH2C3O    0.00000e+00
8000    grainH4C3N    0.00000e+00
8000    grainSiC2H2    2.36288e-29
8000    grainSiNC    2.69719e-39
8000    grainH5C3N    0.00000e+00
8000    grainC2S    9.63175e-19
8000    grainFe    0.00000e+00
8000    grainFeH    0.00000e+00
8000    grainC5    7.01650e-19
8000    grainHCOOCH3    7.03087e-17
8000    grainOCS    2.25782e-18
8000    grainSiO2    1.12377e-33
8000    grainSiS    9.78516e-38
8000    grainC5H    3.93611e-19
8000    grainC4N    7.85916e-19
8000    grainC5H2    7.13700e-19
8000    grainC5H3    0.00000e+00
8000    grainCH3C4H    3.76867e-20
8000    grainS2    5.98383e-19
8000    grainSO2    1.05809e-18
8000    grainCH3C3N    5.10930e-22
8000    grainHS2    2.61771e-16
8000    grainSiC3H    8.01694e-41
8000    grainH2S2    7.51531e-17
8000    grainC3S    4.72052e-21
8000    grainC6    3.24719e-21
8000    grainC6H    5.36645e-21
8000    grainC5N    1.79011e-23
8000    grainC6H2    9.38276e-21
8000    grainC6H3    0.00000e+00
8000    grainHC5N    1.40530e-22
8000    grainC6H4    0.00000e+00
8000    grainH2C5N    0.00000e+00
8000    grainSiC4    0.00000e+00
8000    grainH3C5N    0.00000e+00
8000    grainC6H6    5.71944e-25
8000    grainC4S    1.09038e-22
8000    grainC7    2.51604e-23
8000    grainC7H    3.22384e-22
8000    grainC7H2    3.67246e-22
8000    grainC7H3    0.00000e+00
8000    grainC7H4    0.00000e+00
8000    grainCH3C6H    2.40993e-23
8000    grainCH3C5N    2.83430e-29
8000    grainC8    1.30060e-21
8000    grainC8H    2.96246e-22
8000    grainC7N    1.56421e-25
8000    grainC8H2    1.33836e-21
8000    grainC8H3    0.00000e+00
8000    grainHC7N    7.80313e-28
8000    grainC8H4    0.00000e+00
8000    grainH2C7N    0.00000e+00
8000    grainH3C7N    0.00000e+00
8000    grainC9    5.55258e-22
8000    grainC9H    1.46777e-21
8000    grainC9H2    7.89303e-22
8000    grainC9H3    0.00000e+00
8000    grainC9H4    0.00000e+00
8000    grainCH3C7N    7.04878e-33
8000    grainC10    6.41655e-24
8000    grainC9N    1.85855e-28
8000    grainHC9N    2.33686e-30
8000    grainH2C9N    0.00000e+00
8000    grainH3C9N    0.00000e+00
9000    grain    4.57310e-13
9000    grainH    6.41917e-04
9000    grainH(-)    1.83871e-12
9000    grainH2    2.32324e-02
9000    grainHe    4.91565e-14
9000    grainC    3.31389e-14
9000    grainCH    3.35245e-14
9000    grainC(-)    2.25824e-17
9000    grainCH2    2.99037e-12
9000    grainCH3    3.63771e-11
9000    grainN    9.21332e-13
9000    grainNH    6.56622e-13
9000    grainCH4    4.19685e-07
9000    grainNH2    3.72082e-12
9000    grainNH3    3.02788e-07
9000    grainO    4.44448e-11
9000    grainOH    7.16015e-11
9000    grainO(-)    3.97974e-19
9000    grainH2O    2.45342e-05
9000    grainOH(-)    2.92248e-14
9000    grainNa    0.00000e+00
9000    grainC2    2.02461e-13
9000    grainMg    0.00000e+00
9000    grainNaH    0.00000e+00
9000    grainC2H    2.78341e-13
9000    grainMgH    0.00000e+00
9000    grainC2H2    2.07832e-13
9000    grainCN    5.18470e-12
9000    grainCN(-)    2.31497e-14
9000    grainMgH2    0.00000e+00
9000    grainC2H3    1.29428e-15
9000    grainHCN    7.27090e-08
9000    grainHNC    2.68490e-11
9000    grainC2H4    1.34861e-14
9000    grainCHNH    0.00000e+00
9000    grainCNH2    0.00000e+00
9000    grainCO    1.24702e-05
9000    grainH2CN    2.80924e-16
9000    grainN2    4.15668e-06
9000    grainSi    9.09613e-26
9000    grainC2H5    4.60235e-19
9000    grainCH2NH    1.63393e-16
9000    grainCH3N    0.00000e+00
9000    grainCHNH2    0.00000e+00
9000    grainHCO    3.20623e-13
9000    grainHOC    0.00000e+00
9000    grainN2H    0.00000e+00
9000    grainSiH    7.84247e-28
9000    grainC2H6    0.00000e+00
9000    grainCH2NH2    0.00000e+00
9000    grainCH3NH    0.00000e+00
9000    grainCHOH    0.00000e+00
9000    grainH2CO    5.30391e-12
9000    grainHOCH    0.00000e+00
9000    grainN2H2    0.00000e+00
9000    grainNO    6.70926e-15
9000    grainSiH2    3.94405e-30
9000    grainCH2OH    0.00000e+00
9000    grainCH3O    0.00000e+00
9000    grainCH5N    0.00000e+00
9000    grainHNO    4.72646e-15
9000    grainHON    0.00000e+00
9000    grainSiH3    8.89627e-34
9000    grainCH3OH    2.07641e-07
9000    grainNH2OH    0.00000e+00
9000    grainO2    4.50852e-13
9000    grainS    4.89610e-14
9000    grainHS    1.60597e-12
9000    grainS(-)    9.86639e-21
9000    grainSiH4    8.79503e-34
9000    grainO2H    7.63720e-18
9000    grainH2O2    2.08785e-29
9000    grainH2S    3.96862e-09
9000    grainCl    0.00000e+00
9000    grainC3    2.26157e-15
9000    grainHCl    0.00000e+00
9000    grainC3H    3.99148e-16
9000    grainC2N    4.93413e-17
9000    grainC3H2    6.65358e-16
9000    grainH2CCC    1.02951e-17
9000    grainC3H3    0.00000e+00
9000    grainHCCN    0.00000e+00
9000    grainC2O    1.23898e-18
9000    grainC3H4    0.00000e+00
9000    grainCH2CN    4.84980e-20
9000    grainCH3CCH    4.31873e-16
9000    grainNaOH    0.00000e+00
9000    grainSiC    7.24495e-29
9000    grainC3H5    0.00000e+00
9000    grainCH3CN    2.33173e-13
9000    grainHC2O    0.00000e+00
9000    grainHCSi    6.60193e-29
9000    grainC3H6    0.00000e+00
9000    grainCH2CO    1.69098e-15
9000    grainNH2CN    4.15141e-13
9000    grainOCN    2.86148e-15
9000    grainSiCH2    2.57099e-34
9000    grainSiN    1.34030e-33
9000    grainC3H7    0.00000e+00
9000    grainHNCO    1.98220e-16
9000    grainHNSi    1.36467e-33
9000    grainSiCH3    8.67204e-37
9000    grainC3H8    0.00000e+00
9000    grainCH3CHO    1.73027e-13
9000    grainCO2    1.03916e-05
9000    grainCS    2.60844e-15
9000    grainN2O    8.71811e-21
9000    grainSiO    3.46002e-31
9000    grainHCS    1.24457e-17
9000    grainNH2CHO    0.00000e+00
9000    grainNHNO    0.00000e+00
9000    grainC2H5OH    5.33767e-20
9000    grainCH3OCH3    6.53188e-12
9000    grainH2CS    1.65960e-15
9000    grainH2SiO    6.45934e-43
9000    grainHCOOH    6.75812e-14
9000    grainNH2NO    0.00000e+00
9000    grainNO2    4.98602e-20
9000    grainNS    7.52266e-18
9000    grainCCl    0.00000e+00
9000    grainC4    3.16302e-17
9000    grainO3    0.00000e+00
9000    grainSO    1.07134e-15
9000    grainC4H    1.01638e-16
9000    grainC3N    3.27260e-18
9000    grainC4H2    0.00000e+00
9000    grainC4H3    1.71384e-16
9000    grainClO    0.00000e+00
9000    grainHC2NC    0.00000e+00
9000    grainHC3N    7.36062e-19
9000    grainHCNC2    0.00000e+00
9000    grainHNC3    3.14790e-21
9000    grainC3O    7.92478e-18
9000    grainC4H4    0.00000e+00
9000    grainCH2CCN    0.00000e+00
9000    grainNCCN    1.51177e-15
9000    grainSiC2    4.98069e-28
9000    grainC4H5    0.00000e+00
9000    grainCH2CHCN    5.10071e-21
9000    grainHC3O    0.00000e+00
9000    grainSiC2H    3.18858e-29
9000    grainC4H6    0.00000e+00
9000    grainH2C3O    0.00000e+00
9000    grainH4C3N    0.00000e+00
9000    grainSiC2H2    3.21001e-29
9000    grainSiNC    5.16682e-39
9000    grainH5C3N    0.00000e+00
9000    grainC2S    1.23226e-18
9000    grainFe    0.00000e+00
9000    grainFeH    0.00000e+00
9000    grainC5    8.97907e-19
9000    grainHCOOCH3    7.64575e-17
9000    grainOCS    2.45782e-18
9000    grainSiO2    2.15181e-33
9000    grainSiS    2.69302e-37
9000    grainC5H    5.03713e-19
9000    grainC4N    1.00575e-18
9000    grainC5H2    9.13355e-19
9000    grainC5H3    0.00000e+00
9000    grainCH3C4H    4.83018e-20
9000    grainS2    6.51198e-19
9000    grainSO2    1.15811e-18
9000    grainCH3C3N    6.12108e-22
9000    grainHS2    2.83779e-16
9000    grainSiC3H    1.53585e-40
9000    grainH2S2    8.14759e-17
9000    grainC3S    6.04071e-21
9000    grainC6    3.89605e-21
9000    grainC6H    6.85743e-21
9000    grainC5N    2.29305e-23
9000    grainC6H2    1.18257e-20
9000    grainC6H3    0.00000e+00
9000    grainHC5N    1.79858e-22
9000    grainC6H4    0.00000e+00
9000    grainH2C5N    0.00000e+00
9000    grainSiC4    0.00000e+00
9000    grainH3C5N    0.00000e+00
9000    grainC6H6    1.20357e-24
9000    grainC4S    1.39536e-22
9000    grainC7    3.17165e-23
9000    grainC7H    3.57064e-22
9000    grainC7H2    4.29557e-22
9000    grainC7H3    0.00000e+00
9000    grainC7H4    0.00000e+00
9000    grainCH3C6H    3.16848e-23
9000    grainCH3C5N    3.75677e-29
9000    grainC8    1.40365e-21
9000    grainC8H    3.98082e-22
9000    grainC7N    2.06985e-25
9000    grainC8H2    1.44007e-21
9000    grainC8H3    0.00000e+00
9000    grainHC7N    2.06048e-27
9000    grainC8H4    0.00000e+00
9000    grainH2C7N    0.00000e+00
9000    grainH3C7N    0.00000e+00
9000    grainC9    5.89360e-22
9000    grainC9H    1.62565e-21
9000    grainC9H2    8.73645e-22
9000    grainC9H3    0.00000e+00
9000    grainC9H4    0.00000e+00
9000    grainCH3C7N    4.51070e-32
9000    grainC10    6.94668e-24
9000    grainC9N    2.40862e-28
9000    grainHC9N    1.03947e-29
9000    grainH2C9N    0.00000e+00
9000    grainH3C9N    0.00000e+00
10000    grain    4.89685e-13
10000    grainH    9.20797e-04
10000    grainH(-)    2.10027e-12
10000    grainH2    2.52747e-02
10000    grainHe    5.38196e-14
10000    grainC    3.31464e-14
10000    grainCH    3.35653e-14
10000    grainC(-)    2.85504e-17
10000    grainCH2    2.99101e-12
10000    grainCH3    3.63856e-11
10000    grainN    9.21539e-13
10000    grainNH    6.57457e-13
10000    grainCH4    4.50146e-07
10000    grainNH2    3.72322e-12
10000    grainNH3    3.24494e-07
10000    grainO    4.44585e-11
10000    grainOH    7.16593e-11
10000    grainO(-)    4.96168e-19
10000    grainH2O    2.62721e-05
10000    grainOH(-)    3.13617e-14
10000    grainNa    0.00000e+00
10000    grainC2    2.49021e-13
10000    grainMg    0.00000e+00
10000    grainNaH    0.00000e+00
10000    grainC2H    3.42304e-13
10000    grainMgH    0.00000e+00
10000    grainC2H2    2.54149e-13
10000    grainCN    5.57418e-12
10000    grainCN(-)    2.48276e-14
10000    grainMgH2    0.00000e+00
10000    grainC2H3    1.54147e-15
10000    grainHCN    7.78539e-08
10000    grainHNC    2.88066e-11
10000    grainC2H4    1.45462e-14
10000    grainCHNH    0.00000e+00
10000    grainCNH2    0.00000e+00
10000    grainCO    1.33526e-05
10000    grainH2CN    3.18806e-16
10000    grainN2    4.45081e-06
10000    grainSi    1.32010e-25
10000    grainC2H5    5.36343e-19
10000    grainCH2NH    1.75702e-16
10000    grainCH3N    0.00000e+00
10000    grainCHNH2    0.00000e+00
10000    grainHCO    3.44462e-13
10000    grainHOC    0.00000e+00
10000    grainN2H    0.00000e+00
10000    grainSiH    1.22842e-27
10000    grainC2H6    0.00000e+00
10000    grainCH2NH2    0.00000e+00
10000    grainCH3NH    0.00000e+00
10000    grainCHOH    0.00000e+00
10000    grainH2CO    5.69242e-12
10000    grainHOCH    0.00000e+00
10000    grainN2H2    0.00000e+00
10000    grainNO    7.47126e-15
10000    grainSiH2    6.30778e-30
10000    grainCH2OH    0.00000e+00
10000    grainCH3O    0.00000e+00
10000    grainCH5N    0.00000e+00
10000    grainHNO    5.10637e-15
10000    grainHON    0.00000e+00
10000    grainSiH3    1.41857e-33
10000    grainCH3OH    2.22333e-07
10000    grainNH2OH    0.00000e+00
10000    grainO2    4.85342e-13
10000    grainS    4.89718e-14
10000    grainHS    1.85430e-12
10000    grainS(-)    1.23815e-20
10000    grainSiH4    1.40245e-33
10000    grainO2H    8.19678e-18
10000    grainH2O2    7.13132e-29
10000    grainH2S    4.24944e-09
10000    grainCl    0.00000e+00
10000    grainC3    2.78118e-15
10000    grainHCl    0.00000e+00
10000    grainC3H    4.90338e-16
10000    grainC2N    5.58133e-17
10000    grainC3H2    8.17376e-16
10000    grainH2CCC    1.26025e-17
10000    grainC3H3    0.00000e+00
10000    grainHCCN    0.00000e+00
10000    grainC2O    1.51129e-18
10000    grainC3H4    0.00000e+00
10000    grainCH2CN    5.95209e-20
10000    grainCH3CCH    5.31055e-16
10000    grainNaOH    0.00000e+00
10000    grainSiC    8.84215e-29
10000    grainC3H5    0.00000e+00
10000    grainCH3CN    2.50177e-13
10000    grainHC2O    0.00000e+00
10000    grainHCSi    8.14234e-29
10000    grainC3H6    0.00000e+00
10000    grainCH2CO    1.82316e-15
10000    grainNH2CN    4.45725e-13
10000    grainOCN    3.08245e-15
10000    grainSiCH2    4.03594e-34
10000    grainSiN    1.72142e-33
10000    grainC3H7    0.00000e+00
10000    grainHNCO    2.13495e-16
10000    grainHNSi    1.96596e-33
10000    grainSiCH3    1.36173e-36
10000    grainC3H8    0.00000e+00
10000    grainCH3CHO    1.85798e-13
10000    grainCO2    1.11269e-05
10000    grainCS    2.80057e-15
10000    grainN2O    1.21610e-20
10000    grainSiO    4.98016e-31
10000    grainHCS    1.33987e-17
10000    grainNH2CHO    0.00000e+00
10000    grainNHNO    0.00000e+00
10000    grainC2H5OH    5.73159e-20
10000    grainCH3OCH3    7.00519e-12
10000    grainH2CS    1.78015e-15
10000    grainH2SiO    6.45941e-43
10000    grainHCOOH    7.24627e-14
10000    grainNH2NO    0.00000e+00
10000    grainNO2    7.85755e-20
10000    grainNS    8.10440e-18
10000    grainCCl    0.00000e+00
10000    grainC4    3.89014e-17
10000    grainO3    0.00000e+00
10000    grainSO    1.15306e-15
10000    grainC4H    1.25003e-16
10000    grainC3N    3.51909e-18
10000    grainC4H2    0.00000e+00
10000    grainC4H3    2.10783e-16
10000    grainClO    0.00000e+00
10000    grainHC2NC    0.00000e+00
10000    grainHC3N    8.00035e-19
10000    grainHCNC2    0.00000e+00
10000    grainHNC3    3.40612e-21
10000    grainC3O    8.65706e-18
10000    grainC4H4    0.00000e+00
10000    grainCH2CCN    0.00000e+00
10000    grainNCCN    1.62711e-15
10000    grainSiC2    6.06531e-28
10000    grainC4H5    0.00000e+00
10000    grainCH2CHCN    5.66149e-21
10000    grainHC3O    0.00000e+00
10000    grainSiC2H    3.88416e-29
10000    grainC4H6    0.00000e+00
10000    grainH2C3O    0.00000e+00
10000    grainH4C3N    0.00000e+00
10000    grainSiC2H2    4.04280e-29
10000    grainSiNC    7.44372e-39
10000    grainH5C3N    0.00000e+00
10000    grainC2S    1.51525e-18
10000    grainFe    0.00000e+00
10000    grainFeH    0.00000e+00
10000    grainC5    1.10432e-18
10000    grainHCOOCH3    8.21973e-17
10000    grainOCS    2.64511e-18
10000    grainSiO2    3.09958e-33
10000    grainSiS    4.27530e-37
10000    grainC5H    6.19529e-19
10000    grainC4N    1.23695e-18
10000    grainC5H2    1.12342e-18
10000    grainC5H3    0.00000e+00
10000    grainCH3C4H    5.97062e-20
10000    grainS2    7.00593e-19
10000    grainSO2    1.25352e-18
10000    grainCH3C3N    7.34663e-22
10000    grainHS2    3.04136e-16
10000    grainSiC3H    2.21883e-40
10000    grainH2S2    8.73255e-17
10000    grainC3S    7.42922e-21
10000    grainC6    4.39387e-21
10000    grainC6H    8.67126e-21
10000    grainC5N    2.82885e-23
10000    grainC6H2    1.42930e-20
10000    grainC6H3    0.00000e+00
10000    grainHC5N    2.21440e-22
10000    grainC6H4    0.00000e+00
10000    grainH2C5N    0.00000e+00
10000    grainSiC4    0.00000e+00
10000    grainH3C5N    0.00000e+00
10000    grainC6H6    3.38598e-24
10000    grainC4S    1.71613e-22
10000    grainC7    6.06816e-23
10000    grainC7H    3.79974e-22
10000    grainC7H2    5.34157e-22
10000    grainC7H3    0.00000e+00
10000    grainC7H4    0.00000e+00
10000    grainCH3C6H    4.25761e-23
10000    grainCH3C5N    5.16875e-29
10000    grainC8    1.68780e-21
10000    grainC8H    5.36448e-22
10000    grainC7N    2.60745e-25
10000    grainC8H2    2.08391e-21
10000    grainC8H3    0.00000e+00
10000    grainHC7N    7.54855e-27
10000    grainC8H4    0.00000e+00
10000    grainH2C7N    0.00000e+00
10000    grainH3C7N    0.00000e+00
10000    grainC9    8.33511e-22
10000    grainC9H    1.89661e-21
10000    grainC9H2    1.50131e-21
10000    grainC9H3    0.00000e+00
10000    grainC9H4    0.00000e+00
10000    grainCH3C7N    2.27142e-31
10000    grainC10    7.43537e-24
10000    grainC9N    3.16790e-28
10000    grainHC9N    4.86511e-29
10000    grainH2C9N    0.00000e+00
10000    grainH3C9N    0.00000e+00
