time    species    pebble_col_abundance
1000    grain    8.53379e-14
1000    grainH    9.09591e-09
1000    grainH(-)    8.81373e-14
1000    grainH2    4.20550e-03
1000    grainHe    8.70087e-15
1000    grainC    1.41923e-14
1000    grainCH    8.44310e-15
1000    grainC(-)    1.46009e-26
1000    grainCH2    1.48306e-12
1000    grainCH3    1.72611e-11
1000    grainN    4.23270e-13
1000    grainNH    1.25688e-13
1000    grainCH4    7.75932e-08
1000    grainNH2    1.69612e-12
1000    grainNH3    5.62439e-08
1000    grainO    2.14810e-11
1000    grainOH    2.58209e-11
1000    grainO(-)    4.57617e-27
1000    grainH2O    4.57722e-06
1000    grainOH(-)    5.35423e-15
1000    grainNa    0.00000e+00
1000    grainC2    1.20133e-17
1000    grainMg    0.00000e+00
1000    grainNaH    0.00000e+00
1000    grainC2H    8.85830e-17
1000    grainMgH    0.00000e+00
1000    grainC2H2    1.79357e-15
1000    grainCN    9.38440e-13
1000    grainCN(-)    4.26317e-15
1000    grainMgH2    0.00000e+00
1000    grainC2H3    5.88439e-17
1000    grainHCN    1.35705e-08
1000    grainHNC    4.92806e-12
1000    grainC2H4    2.38423e-15
1000    grainCHNH    0.00000e+00
1000    grainCNH2    0.00000e+00
1000    grainCO    2.32742e-06
1000    grainH2CN    4.66186e-17
1000    grainN2    7.75798e-07
1000    grainSi    0.00000e+00
1000    grainC2H5    3.46520e-20
1000    grainCH2NH    2.94806e-17
1000    grainCH3N    0.00000e+00
1000    grainCHNH2    0.00000e+00
1000    grainHCO    5.82076e-14
1000    grainHOC    0.00000e+00
1000    grainN2H    0.00000e+00
1000    grainSiH    0.00000e+00
1000    grainC2H6    0.00000e+00
1000    grainCH2NH2    0.00000e+00
1000    grainCH3NH    0.00000e+00
1000    grainCHOH    0.00000e+00
1000    grainH2CO    9.70849e-13
1000    grainHOCH    0.00000e+00
1000    grainN2H2    0.00000e+00
1000    grainNO    9.52061e-16
1000    grainSiH2    0.00000e+00
1000    grainCH2OH    0.00000e+00
1000    grainCH3O    0.00000e+00
1000    grainCH5N    0.00000e+00
1000    grainHNO    8.35538e-16
1000    grainHON    0.00000e+00
1000    grainSiH3    0.00000e+00
1000    grainCH3OH    3.87544e-08
1000    grainNH2OH    0.00000e+00
1000    grainO2    8.09737e-14
1000    grainS    2.36499e-14
1000    grainHS    1.59804e-13
1000    grainS(-)    1.00567e-22
1000    grainSiH4    0.00000e+00
1000    grainO2H    1.39654e-18
1000    grainH2O2    1.67445e-30
1000    grainH2S    7.40703e-10
1000    grainCl    0.00000e+00
1000    grainC3    3.32947e-19
1000    grainHCl    0.00000e+00
1000    grainC3H    6.53225e-19
1000    grainC2N    5.69344e-18
1000    grainC3H2    1.07148e-18
1000    grainH2CCC    6.91857e-20
1000    grainC3H3    0.00000e+00
1000    grainHCCN    0.00000e+00
1000    grainC2O    1.52267e-20
1000    grainC3H4    0.00000e+00
1000    grainCH2CN    8.79192e-22
1000    grainCH3CCH    1.01108e-19
1000    grainNaOH    0.00000e+00
1000    grainSiC    0.00000e+00
1000    grainC3H5    0.00000e+00
1000    grainCH3CN    4.27811e-14
1000    grainHC2O    0.00000e+00
1000    grainHCSi    0.00000e+00
1000    grainC3H6    0.00000e+00
1000    grainCH2CO    3.07584e-16
1000    grainNH2CN    7.57370e-14
1000    grainOCN    5.10678e-16
1000    grainSiCH2    0.00000e+00
1000    grainSiN    0.00000e+00
1000    grainC3H7    0.00000e+00
1000    grainHNCO    3.51923e-17
1000    grainHNSi    0.00000e+00
1000    grainSiCH3    0.00000e+00
1000    grainC3H8    0.00000e+00
1000    grainCH3CHO    3.14969e-14
1000    grainCO2    1.93947e-06
1000    grainCS    4.76701e-16
1000    grainN2O    2.05634e-22
1000    grainSiO    0.00000e+00
1000    grainHCS    2.22063e-18
1000    grainNH2CHO    0.00000e+00
1000    grainNHNO    0.00000e+00
1000    grainC2H5OH    9.72187e-21
1000    grainCH3OCH3    1.20285e-12
1000    grainH2CS    3.05069e-16
1000    grainH2SiO    0.00000e+00
1000    grainHCOOH    1.24677e-14
1000    grainNH2NO    0.00000e+00
1000    grainNO2    5.45283e-21
1000    grainNS    1.34520e-18
1000    grainCCl    0.00000e+00
1000    grainC4    2.12066e-27
1000    grainO3    0.00000e+00
1000    grainSO    1.91740e-16
1000    grainC4H    7.12987e-23
1000    grainC3N    5.90558e-19
1000    grainC4H2    0.00000e+00
1000    grainC4H3    9.24634e-24
1000    grainClO    0.00000e+00
1000    grainHC2NC    0.00000e+00
1000    grainHC3N    1.26241e-19
1000    grainHCNC2    0.00000e+00
1000    grainHNC3    5.56601e-22
1000    grainC3O    1.45268e-18
1000    grainC4H4    0.00000e+00
1000    grainCH2CCN    0.00000e+00
1000    grainNCCN    2.70255e-16
1000    grainSiC2    0.00000e+00
1000    grainC4H5    0.00000e+00
1000    grainCH2CHCN    7.44145e-22
1000    grainHC3O    0.00000e+00
1000    grainSiC2H    0.00000e+00
1000    grainC4H6    0.00000e+00
1000    grainH2C3O    0.00000e+00
1000    grainH4C3N    0.00000e+00
1000    grainSiC2H2    0.00000e+00
1000    grainSiNC    0.00000e+00
1000    grainH5C3N    0.00000e+00
1000    grainC2S    3.54830e-22
1000    grainFe    0.00000e+00
1000    grainFeH    0.00000e+00
1000    grainC5    1.11957e-26
1000    grainHCOOCH3    1.37986e-17
1000    grainOCS    4.39620e-19
1000    grainSiO2    0.00000e+00
1000    grainSiS    0.00000e+00
1000    grainC5H    1.37711e-25
1000    grainC4N    8.06183e-27
1000    grainC5H2    4.69967e-25
1000    grainC5H3    0.00000e+00
1000    grainCH3C4H    2.06812e-25
1000    grainS2    1.16801e-19
1000    grainSO2    1.98520e-19
1000    grainCH3C3N    4.80519e-23
1000    grainHS2    5.25239e-17
1000    grainSiC3H    0.00000e+00
1000    grainH2S2    1.50724e-17
1000    grainC3S    1.73230e-25
1000    grainC6    7.17588e-28
1000    grainC6H    1.82937e-27
1000    grainC5N    1.65924e-28
1000    grainC6H2    1.82285e-27
1000    grainC6H3    0.00000e+00
1000    grainHC5N    4.68326e-26
1000    grainC6H4    0.00000e+00
1000    grainH2C5N    0.00000e+00
1000    grainSiC4    0.00000e+00
1000    grainH3C5N    0.00000e+00
1000    grainC6H6    5.66919e-28
1000    grainC4S    1.63024e-29
1000    grainC7    3.92401e-30
1000    grainC7H    3.23883e-31
1000    grainC7H2    1.67826e-31
1000    grainC7H3    0.00000e+00
1000    grainC7H4    0.00000e+00
1000    grainCH3C6H    1.36306e-31
1000    grainCH3C5N    2.30820e-32
1000    grainC8    8.23636e-28
1000    grainC8H    4.35805e-28
1000    grainC7N    4.11476e-33
1000    grainC8H2    9.20683e-31
1000    grainC8H3    0.00000e+00
1000    grainHC7N    1.66767e-32
1000    grainC8H4    0.00000e+00
1000    grainH2C7N    0.00000e+00
1000    grainH3C7N    0.00000e+00
1000    grainC9    1.82921e-27
1000    grainC9H    2.35378e-30
1000    grainC9H2    1.33094e-32
1000    grainC9H3    0.00000e+00
1000    grainC9H4    0.00000e+00
1000    grainCH3C7N    5.30364e-39
1000    grainC10    5.15573e-30
1000    grainC9N    1.46471e-39
1000    grainHC9N    5.53133e-39
1000    grainH2C9N    0.00000e+00
1000    grainH3C9N    0.00000e+00
2000    grain    1.57963e-13
2000    grainH    2.64509e-08
2000    grainH(-)    2.29929e-13
2000    grainH2    7.78175e-03
2000    grainHe    1.60998e-14
2000    grainC    2.30697e-14
2000    grainCH    1.60079e-14
2000    grainC(-)    2.70994e-26
2000    grainCH2    2.36725e-12
2000    grainCH3    2.78576e-11
2000    grainN    6.84889e-13
2000    grainNH    2.73072e-13
2000    grainCH4    1.43632e-07
2000    grainNH2    2.75082e-12
2000    grainNH3    1.04110e-07
2000    grainO    3.44468e-11
2000    grainOH    4.51132e-11
2000    grainO(-)    8.96542e-27
2000    grainH2O    8.47260e-06
2000    grainOH(-)    9.93227e-15
2000    grainNa    0.00000e+00
2000    grainC2    2.23075e-17
2000    grainMg    0.00000e+00
2000    grainNaH    0.00000e+00
2000    grainC2H    1.64743e-16
2000    grainMgH    0.00000e+00
2000    grainC2H2    3.32657e-15
2000    grainCN    1.74077e-12
2000    grainCN(-)    7.90363e-15
2000    grainMgH2    0.00000e+00
2000    grainC2H3    1.09514e-16
2000    grainHCN    2.51193e-08
2000    grainHNC    9.13964e-12
2000    grainC2H4    4.42242e-15
2000    grainCHNH    0.00000e+00
2000    grainCNH2    0.00000e+00
2000    grainCO    4.30813e-06
2000    grainH2CN    8.66924e-17
2000    grainN2    1.43603e-06
2000    grainSi    0.00000e+00
2000    grainC2H5    6.44121e-20
2000    grainCH2NH    5.47805e-17
2000    grainCH3N    0.00000e+00
2000    grainCHNH2    0.00000e+00
2000    grainHCO    1.08074e-13
2000    grainHOC    0.00000e+00
2000    grainN2H    0.00000e+00
2000    grainSiH    0.00000e+00
2000    grainC2H6    0.00000e+00
2000    grainCH2NH2    0.00000e+00
2000    grainCH3NH    0.00000e+00
2000    grainCHOH    0.00000e+00
2000    grainH2CO    1.80118e-12
2000    grainHOCH    0.00000e+00
2000    grainN2H2    0.00000e+00
2000    grainNO    1.76309e-15
2000    grainSiH2    0.00000e+00
2000    grainCH2OH    0.00000e+00
2000    grainCH3O    0.00000e+00
2000    grainCH5N    0.00000e+00
2000    grainHNO    1.55395e-15
2000    grainHON    0.00000e+00
2000    grainSiH3    0.00000e+00
2000    grainCH3OH    7.17356e-08
2000    grainNH2OH    0.00000e+00
2000    grainO2    1.50139e-13
2000    grainS    3.79254e-14
2000    grainHS    3.02339e-13
2000    grainS(-)    1.86951e-22
2000    grainSiH4    0.00000e+00
2000    grainO2H    2.59145e-18
2000    grainH2O2    3.12006e-30
2000    grainH2S    1.37107e-09
2000    grainCl    0.00000e+00
2000    grainC3    6.24530e-19
2000    grainHCl    0.00000e+00
2000    grainC3H    1.21973e-18
2000    grainC2N    1.05737e-17
2000    grainC3H2    2.00708e-18
2000    grainH2CCC    1.28917e-19
2000    grainC3H3    0.00000e+00
2000    grainHCCN    0.00000e+00
2000    grainC2O    2.82932e-20
2000    grainC3H4    0.00000e+00
2000    grainCH2CN    1.63650e-21
2000    grainCH3CCH    2.01804e-19
2000    grainNaOH    0.00000e+00
2000    grainSiC    0.00000e+00
2000    grainC3H5    0.00000e+00
2000    grainCH3CN    7.93496e-14
2000    grainHC2O    0.00000e+00
2000    grainHCSi    0.00000e+00
2000    grainC3H6    0.00000e+00
2000    grainCH2CO    5.70323e-16
2000    grainNH2CN    1.40566e-13
2000    grainOCN    9.50168e-16
2000    grainSiCH2    0.00000e+00
2000    grainSiN    0.00000e+00
2000    grainC3H7    0.00000e+00
2000    grainHNCO    6.55261e-17
2000    grainHNSi    0.00000e+00
2000    grainSiCH3    0.00000e+00
2000    grainC3H8    0.00000e+00
2000    grainCH3CHO    5.84788e-14
2000    grainCO2    3.59003e-06
2000    grainCS    8.83683e-16
2000    grainN2O    3.82167e-22
2000    grainSiO    0.00000e+00
2000    grainHCS    4.13164e-18
2000    grainNH2CHO    0.00000e+00
2000    grainNHNO    0.00000e+00
2000    grainC2H5OH    1.80482e-20
2000    grainCH3OCH3    2.23009e-12
2000    grainH2CS    5.65731e-16
2000    grainH2SiO    0.00000e+00
2000    grainHCOOH    2.31100e-14
2000    grainNH2NO    0.00000e+00
2000    grainNO2    1.01810e-20
2000    grainNS    2.50180e-18
2000    grainCCl    0.00000e+00
2000    grainC4    3.96028e-27
2000    grainO3    0.00000e+00
2000    grainSO    3.56650e-16
2000    grainC4H    1.32997e-22
2000    grainC3N    1.09631e-18
2000    grainC4H2    0.00000e+00
2000    grainC4H3    1.71852e-23
2000    grainClO    0.00000e+00
2000    grainHC2NC    0.00000e+00
2000    grainHC3N    2.35068e-19
2000    grainHCNC2    0.00000e+00
2000    grainHNC3    1.03625e-21
2000    grainC3O    2.69158e-18
2000    grainC4H4    0.00000e+00
2000    grainCH2CCN    0.00000e+00
2000    grainNCCN    5.02777e-16
2000    grainSiC2    0.00000e+00
2000    grainC4H5    0.00000e+00
2000    grainCH2CHCN    1.38600e-21
2000    grainHC3O    0.00000e+00
2000    grainSiC2H    0.00000e+00
2000    grainC4H6    0.00000e+00
2000    grainH2C3O    0.00000e+00
2000    grainH4C3N    0.00000e+00
2000    grainSiC2H2    0.00000e+00
2000    grainSiNC    0.00000e+00
2000    grainH5C3N    0.00000e+00
2000    grainC2S    6.59646e-22
2000    grainFe    0.00000e+00
2000    grainFeH    0.00000e+00
2000    grainC5    2.10484e-26
2000    grainHCOOCH3    2.56422e-17
2000    grainOCS    8.17836e-19
2000    grainSiO2    0.00000e+00
2000    grainSiS    0.00000e+00
2000    grainC5H    2.57469e-25
2000    grainC4N    1.50121e-26
2000    grainC5H2    8.77666e-25
2000    grainC5H3    0.00000e+00
2000    grainCH3C4H    3.85907e-25
2000    grainS2    2.17211e-19
2000    grainSO2    3.71097e-19
2000    grainCH3C3N    8.94634e-23
2000    grainHS2    9.73257e-17
2000    grainSiC3H    0.00000e+00
2000    grainH2S2    2.79307e-17
2000    grainC3S    3.23187e-25
2000    grainC6    1.35938e-27
2000    grainC6H    3.43875e-27
2000    grainC5N    3.11888e-28
2000    grainC6H2    3.42253e-27
2000    grainC6H3    0.00000e+00
2000    grainHC5N    8.78367e-26
2000    grainC6H4    0.00000e+00
2000    grainH2C5N    0.00000e+00
2000    grainSiC4    0.00000e+00
2000    grainH3C5N    0.00000e+00
2000    grainC6H6    1.06457e-27
2000    grainC4S    3.04729e-29
2000    grainC7    1.60446e-29
2000    grainC7H    8.95929e-31
2000    grainC7H2    3.18438e-31
2000    grainC7H3    0.00000e+00
2000    grainC7H4    0.00000e+00
2000    grainCH3C6H    2.55706e-31
2000    grainCH3C5N    4.34730e-32
2000    grainC8    3.54246e-27
2000    grainC8H    1.86187e-27
2000    grainC7N    7.86085e-33
2000    grainC8H2    4.04027e-30
2000    grainC8H3    0.00000e+00
2000    grainHC7N    3.17031e-32
2000    grainC8H4    0.00000e+00
2000    grainH2C7N    0.00000e+00
2000    grainH3C7N    0.00000e+00
2000    grainC9    7.88267e-27
2000    grainC9H    1.02364e-29
2000    grainC9H2    6.03915e-32
2000    grainC9H3    0.00000e+00
2000    grainC9H4    0.00000e+00
2000    grainCH3C7N    1.01283e-38
2000    grainC10    1.45824e-29
2000    grainC9N    1.18194e-38
2000    grainHC9N    1.05523e-38
2000    grainH2C9N    0.00000e+00
2000    grainH3C9N    0.00000e+00
3000    grain    2.20961e-13
3000    grainH    4.96798e-08
3000    grainH(-)    4.07275e-13
3000    grainH2    1.08810e-02
3000    grainHe    2.25118e-14
3000    grainC    2.88110e-14
3000    grainCH    2.21370e-14
3000    grainC(-)    3.80213e-26
3000    grainCH2    2.91666e-12
3000    grainCH3    3.45880e-11
3000    grainN    8.52438e-13
3000    grainNH    4.04072e-13
3000    grainCH4    2.00920e-07
3000    grainNH2    3.44109e-12
3000    grainNH3    1.45631e-07
3000    grainO    4.25897e-11
3000    grainOH    5.90896e-11
3000    grainO(-)    1.32423e-26
3000    grainH2O    1.18516e-05
3000    grainOH(-)    1.39247e-14
3000    grainNa    0.00000e+00
3000    grainC2    3.13013e-17
3000    grainMg    0.00000e+00
3000    grainNaH    0.00000e+00
3000    grainC2H    2.31511e-16
3000    grainMgH    0.00000e+00
3000    grainC2H2    4.66259e-15
3000    grainCN    2.44037e-12
3000    grainCN(-)    1.10738e-14
3000    grainMgH2    0.00000e+00
3000    grainC2H3    1.54039e-16
3000    grainHCN    3.51372e-08
3000    grainHNC    1.28103e-11
3000    grainC2H4    6.19912e-15
3000    grainCHNH    0.00000e+00
3000    grainCNH2    0.00000e+00
3000    grainCO    6.02627e-06
3000    grainH2CN    1.21843e-16
3000    grainN2    2.00874e-06
3000    grainSi    0.00000e+00
3000    grainC2H5    9.04902e-20
3000    grainCH2NH    7.69307e-17
3000    grainCH3N    0.00000e+00
3000    grainCHNH2    0.00000e+00
3000    grainHCO    1.51638e-13
3000    grainHOC    0.00000e+00
3000    grainN2H    0.00000e+00
3000    grainSiH    0.00000e+00
3000    grainC2H6    0.00000e+00
3000    grainCH2NH2    0.00000e+00
3000    grainCH3NH    0.00000e+00
3000    grainCHOH    0.00000e+00
3000    grainH2CO    2.52546e-12
3000    grainHOCH    0.00000e+00
3000    grainN2H2    0.00000e+00
3000    grainNO    2.46729e-15
3000    grainSiH2    0.00000e+00
3000    grainCH2OH    0.00000e+00
3000    grainCH3O    0.00000e+00
3000    grainCH5N    0.00000e+00
3000    grainHNO    2.18432e-15
3000    grainHON    0.00000e+00
3000    grainSiH3    0.00000e+00
3000    grainCH3OH    1.00345e-07
3000    grainNH2OH    0.00000e+00
3000    grainO2    2.10377e-13
3000    grainS    4.68868e-14
3000    grainHS    4.30076e-13
3000    grainS(-)    2.62645e-22
3000    grainSiH4    0.00000e+00
3000    grainO2H    3.63409e-18
3000    grainH2O2    4.39386e-30
3000    grainH2S    1.91786e-09
3000    grainCl    0.00000e+00
3000    grainC3    8.83298e-19
3000    grainHCl    0.00000e+00
3000    grainC3H    1.71949e-18
3000    grainC2N    1.48403e-17
3000    grainC3H2    2.83559e-18
3000    grainH2CCC    1.81528e-19
3000    grainC3H3    0.00000e+00
3000    grainHCCN    0.00000e+00
3000    grainC2O    3.97300e-20
3000    grainC3H4    0.00000e+00
3000    grainCH2CN    2.30226e-21
3000    grainCH3CCH    2.95626e-19
3000    grainNaOH    0.00000e+00
3000    grainSiC    0.00000e+00
3000    grainC3H5    0.00000e+00
3000    grainCH3CN    1.11227e-13
3000    grainHC2O    0.00000e+00
3000    grainHCSi    0.00000e+00
3000    grainC3H6    0.00000e+00
3000    grainCH2CO    7.99156e-16
3000    grainNH2CN    1.97173e-13
3000    grainOCN    1.33622e-15
3000    grainSiCH2    0.00000e+00
3000    grainSiN    0.00000e+00
3000    grainC3H7    0.00000e+00
3000    grainHNCO    9.22170e-17
3000    grainHNSi    0.00000e+00
3000    grainSiCH3    0.00000e+00
3000    grainC3H8    0.00000e+00
3000    grainCH3CHO    8.20517e-14
3000    grainCO2    5.02178e-06
3000    grainCS    1.23793e-15
3000    grainN2O    5.36836e-22
3000    grainSiO    0.00000e+00
3000    grainHCS    5.81014e-18
3000    grainNH2CHO    0.00000e+00
3000    grainNHNO    0.00000e+00
3000    grainC2H5OH    2.53219e-20
3000    grainCH3OCH3    3.12471e-12
3000    grainH2CS    7.92829e-16
3000    grainH2SiO    0.00000e+00
3000    grainHCOOH    3.23726e-14
3000    grainNH2NO    0.00000e+00
3000    grainNO2    1.43685e-20
3000    grainNS    3.51654e-18
3000    grainCCl    0.00000e+00
3000    grainC4    5.59102e-27
3000    grainO3    0.00000e+00
3000    grainSO    5.01404e-16
3000    grainC4H    1.87507e-22
3000    grainC3N    1.53805e-18
3000    grainC4H2    0.00000e+00
3000    grainC4H3    2.41382e-23
3000    grainClO    0.00000e+00
3000    grainHC2NC    0.00000e+00
3000    grainHC3N    3.30818e-19
3000    grainHCNC2    0.00000e+00
3000    grainHNC3    1.45809e-21
3000    grainC3O    3.76870e-18
3000    grainC4H4    0.00000e+00
3000    grainCH2CCN    0.00000e+00
3000    grainNCCN    7.06969e-16
3000    grainSiC2    0.00000e+00
3000    grainC4H5    0.00000e+00
3000    grainCH2CHCN    1.95116e-21
3000    grainHC3O    0.00000e+00
3000    grainSiC2H    0.00000e+00
3000    grainC4H6    0.00000e+00
3000    grainH2C3O    0.00000e+00
3000    grainH4C3N    0.00000e+00
3000    grainSiC2H2    0.00000e+00
3000    grainSiNC    0.00000e+00
3000    grainH5C3N    0.00000e+00
3000    grainC2S    9.26753e-22
3000    grainFe    0.00000e+00
3000    grainFeH    0.00000e+00
3000    grainC5    2.99138e-26
3000    grainHCOOCH3    3.60148e-17
3000    grainOCS    1.14988e-18
3000    grainSiO2    0.00000e+00
3000    grainSiS    0.00000e+00
3000    grainC5H    3.63843e-25
3000    grainC4N    2.11272e-26
3000    grainC5H2    1.23884e-24
3000    grainC5H3    0.00000e+00
3000    grainCH3C4H    5.44256e-25
3000    grainS2    3.05303e-19
3000    grainSO2    5.24373e-19
3000    grainCH3C3N    1.25886e-22
3000    grainHS2    1.36283e-16
3000    grainSiC3H    0.00000e+00
3000    grainH2S2    3.91131e-17
3000    grainC3S    4.55731e-25
3000    grainC6    1.94537e-27
3000    grainC6H    4.88625e-27
3000    grainC5N    4.43239e-28
3000    grainC6H2    4.85789e-27
3000    grainC6H3    0.00000e+00
3000    grainHC5N    1.24538e-25
3000    grainC6H4    0.00000e+00
3000    grainH2C5N    0.00000e+00
3000    grainSiC4    0.00000e+00
3000    grainH3C5N    0.00000e+00
3000    grainC6H6    1.51128e-27
3000    grainC4S    4.30547e-29
3000    grainC7    3.26836e-29
3000    grainC7H    1.45969e-30
3000    grainC7H2    4.55422e-31
3000    grainC7H3    0.00000e+00
3000    grainC7H4    0.00000e+00
3000    grainCH3C6H    3.67628e-31
3000    grainCH3C5N    6.19062e-32
3000    grainC8    7.33687e-27
3000    grainC8H    3.80905e-27
3000    grainC7N    1.13671e-32
3000    grainC8H2    8.49946e-30
3000    grainC8H3    0.00000e+00
3000    grainHC7N    4.55926e-32
3000    grainC8H4    0.00000e+00
3000    grainH2C7N    0.00000e+00
3000    grainH3C7N    0.00000e+00
3000    grainC9    1.58745e-26
3000    grainC9H    2.12884e-29
3000    grainC9H2    1.29017e-31
3000    grainC9H3    0.00000e+00
3000    grainC9H4    0.00000e+00
3000    grainCH3C7N    1.46905e-38
3000    grainC10    2.27514e-29
3000    grainC9N    7.84398e-38
3000    grainHC9N    2.27840e-38
3000    grainH2C9N    0.00000e+00
3000    grainH3C9N    0.00000e+00
4000    grain    2.76420e-13
4000    grainH    7.72938e-08
4000    grainH(-)    6.08627e-13
4000    grainH2    1.36071e-02
4000    grainHe    2.81520e-14
4000    grainC    3.26314e-14
4000    grainCH    2.69597e-14
4000    grainC(-)    4.77387e-26
4000    grainCH2    3.27172e-12
4000    grainCH3    3.90106e-11
4000    grainN    9.63143e-13
4000    grainNH    5.11902e-13
4000    grainCH4    2.51353e-07
4000    grainNH2    3.91072e-12
4000    grainNH3    1.82183e-07
4000    grainO    4.78973e-11
4000    grainOH    6.92265e-11
4000    grainO(-)    1.74616e-26
4000    grainH2O    1.48262e-05
4000    grainOH(-)    1.74595e-14
4000    grainNa    0.00000e+00
4000    grainC2    3.92774e-17
4000    grainMg    0.00000e+00
4000    grainNaH    0.00000e+00
4000    grainC2H    2.90930e-16
4000    grainMgH    0.00000e+00
4000    grainC2H2    5.84452e-15
4000    grainCN    3.05968e-12
4000    grainCN(-)    1.38763e-14
4000    grainMgH2    0.00000e+00
4000    grainC2H3    1.93776e-16
4000    grainHCN    4.39563e-08
4000    grainHNC    1.60582e-11
4000    grainC2H4    7.77131e-15
4000    grainCHNH    0.00000e+00
4000    grainCNH2    0.00000e+00
4000    grainCO    7.53880e-06
4000    grainH2CN    1.53160e-16
4000    grainN2    2.51291e-06
4000    grainSi    0.00000e+00
4000    grainC2H5    1.13694e-19
4000    grainCH2NH    9.66238e-17
4000    grainCH3N    0.00000e+00
4000    grainCHNH2    0.00000e+00
4000    grainHCO    1.90276e-13
4000    grainHOC    0.00000e+00
4000    grainN2H    0.00000e+00
4000    grainSiH    0.00000e+00
4000    grainC2H6    0.00000e+00
4000    grainCH2NH2    0.00000e+00
4000    grainCH3NH    0.00000e+00
4000    grainCHOH    0.00000e+00
4000    grainH2CO    3.16688e-12
4000    grainHOCH    0.00000e+00
4000    grainN2H2    0.00000e+00
4000    grainNO    3.08785e-15
4000    grainSiH2    0.00000e+00
4000    grainCH2OH    0.00000e+00
4000    grainCH3O    0.00000e+00
4000    grainCH5N    0.00000e+00
4000    grainHNO    2.74610e-15
4000    grainHON    0.00000e+00
4000    grainSiH3    0.00000e+00
4000    grainCH3OH    1.25530e-07
4000    grainNH2OH    0.00000e+00
4000    grainO2    2.63629e-13
4000    grainS    5.27206e-14
4000    grainHS    5.45220e-13
4000    grainS(-)    3.29997e-22
4000    grainSiH4    0.00000e+00
4000    grainO2H    4.55764e-18
4000    grainH2O2    5.53389e-30
4000    grainH2S    2.39923e-09
4000    grainCl    0.00000e+00
4000    grainC3    1.11550e-18
4000    grainHCl    0.00000e+00
4000    grainC3H    2.16635e-18
4000    grainC2N    1.86277e-17
4000    grainC3H2    3.57781e-18
4000    grainH2CCC    2.28585e-19
4000    grainC3H3    0.00000e+00
4000    grainHCCN    0.00000e+00
4000    grainC2O    4.98941e-20
4000    grainC3H4    0.00000e+00
4000    grainCH2CN    2.89680e-21
4000    grainCH3CCH    3.81317e-19
4000    grainNaOH    0.00000e+00
4000    grainSiC    0.00000e+00
4000    grainC3H5    0.00000e+00
4000    grainCH3CN    1.39437e-13
4000    grainHC2O    0.00000e+00
4000    grainHCSi    0.00000e+00
4000    grainC3H6    0.00000e+00
4000    grainCH2CO    1.00146e-15
4000    grainNH2CN    2.47357e-13
4000    grainOCN    1.68065e-15
4000    grainSiCH2    0.00000e+00
4000    grainSiN    0.00000e+00
4000    grainC3H7    0.00000e+00
4000    grainHNCO    1.16074e-16
4000    grainHNSi    0.00000e+00
4000    grainSiCH3    0.00000e+00
4000    grainC3H8    0.00000e+00
4000    grainCH3CHO    1.02960e-13
4000    grainCO2    6.28220e-06
4000    grainCS    1.55091e-15
4000    grainN2O    6.74857e-22
4000    grainSiO    0.00000e+00
4000    grainHCS    7.30758e-18
4000    grainNH2CHO    0.00000e+00
4000    grainNHNO    0.00000e+00
4000    grainC2H5OH    3.17731e-20
4000    grainCH3OCH3    3.91563e-12
4000    grainH2CS    9.93670e-16
4000    grainH2SiO    0.00000e+00
4000    grainHCOOH    4.05560e-14
4000    grainNH2NO    0.00000e+00
4000    grainNO2    1.81386e-20
4000    grainNS    4.42072e-18
4000    grainCCl    0.00000e+00
4000    grainC4    7.06586e-27
4000    grainO3    0.00000e+00
4000    grainSO    6.30455e-16
4000    grainC4H    2.36449e-22
4000    grainC3N    1.92974e-18
4000    grainC4H2    0.00000e+00
4000    grainC4H3    3.03230e-23
4000    grainClO    0.00000e+00
4000    grainHC2NC    0.00000e+00
4000    grainHC3N    4.16393e-19
4000    grainHCNC2    0.00000e+00
4000    grainHNC3    1.83491e-21
4000    grainC3O    4.71916e-18
4000    grainC4H4    0.00000e+00
4000    grainCH2CCN    0.00000e+00
4000    grainNCCN    8.89097e-16
4000    grainSiC2    0.00000e+00
4000    grainC4H5    0.00000e+00
4000    grainCH2CHCN    2.45670e-21
4000    grainHC3O    0.00000e+00
4000    grainSiC2H    0.00000e+00
4000    grainC4H6    0.00000e+00
4000    grainH2C3O    0.00000e+00
4000    grainH4C3N    0.00000e+00
4000    grainSiC2H2    0.00000e+00
4000    grainSiNC    0.00000e+00
4000    grainH5C3N    0.00000e+00
4000    grainC2S    1.16442e-21
4000    grainFe    0.00000e+00
4000    grainFeH    0.00000e+00
4000    grainC5    3.80284e-26
4000    grainHCOOCH3    4.52401e-17
4000    grainOCS    1.44593e-18
4000    grainSiO2    0.00000e+00
4000    grainSiS    0.00000e+00
4000    grainC5H    4.59899e-25
4000    grainC4N    2.66087e-26
4000    grainC5H2    1.56409e-24
4000    grainC5H3    0.00000e+00
4000    grainCH3C4H    6.86695e-25
4000    grainS2    3.83795e-19
4000    grainSO2    6.62735e-19
4000    grainCH3C3N    1.58420e-22
4000    grainHS2    1.70664e-16
4000    grainSiC3H    0.00000e+00
4000    grainH2S2    4.89835e-17
4000    grainC3S    5.74779e-25
4000    grainC6    2.51299e-27
4000    grainC6H    6.21589e-27
4000    grainC5N    5.63623e-28
4000    grainC6H2    6.17234e-27
4000    grainC6H3    0.00000e+00
4000    grainHC5N    1.57948e-25
4000    grainC6H4    0.00000e+00
4000    grainH2C5N    0.00000e+00
4000    grainSiC4    0.00000e+00
4000    grainH3C5N    0.00000e+00
4000    grainC6H6    1.92053e-27
4000    grainC4S    5.44118e-29
4000    grainC7    7.38437e-29
4000    grainC7H    2.10893e-30
4000    grainC7H2    8.45758e-31
4000    grainC7H3    0.00000e+00
4000    grainC7H4    0.00000e+00
4000    grainCH3C6H    1.67208e-30
4000    grainCH3C5N    7.88777e-32
4000    grainC8    1.68530e-26
4000    grainC8H    8.51640e-27
4000    grainC7N    1.56754e-32
4000    grainC8H2    2.00676e-29
4000    grainC8H3    0.00000e+00
4000    grainHC7N    5.93250e-32
4000    grainC8H4    0.00000e+00
4000    grainH2C7N    0.00000e+00
4000    grainH3C7N    0.00000e+00
4000    grainC9    3.42356e-26
4000    grainC9H    4.86148e-29
4000    grainC9H2    3.10181e-31
4000    grainC9H3    0.00000e+00
4000    grainC9H4    0.00000e+00
4000    grainCH3C7N    3.23972e-38
4000    grainC10    2.89277e-29
4000    grainC9N    9.92647e-36
4000    grainHC9N    2.14032e-36
4000    grainH2C9N    0.00000e+00
4000    grainH3C9N    0.00000e+00
5000    grain    3.25825e-13
5000    grainH    3.31623e-05
5000    grainH(-)    8.27863e-13
5000    grainH2    1.60355e-02
5000    grainHe    3.31998e-14
5000    grainC    3.53000e-14
5000    grainCH    3.08097e-14
5000    grainC(-)    9.30263e-19
5000    grainCH2    3.50812e-12
5000    grainCH3    4.19954e-11
5000    grainN    1.03795e-12
5000    grainNH    5.98736e-13
5000    grainCH4    2.96440e-07
5000    grainNH2    4.23943e-12
5000    grainNH3    2.14802e-07
5000    grainO    5.14532e-11
5000    grainOH    7.66694e-11
5000    grainO(-)    1.45888e-20
5000    grainH2O    1.74764e-05
5000    grainOH(-)    2.06270e-14
5000    grainNa    0.00000e+00
5000    grainC2    9.46156e-15
5000    grainMg    0.00000e+00
5000    grainNaH    0.00000e+00
5000    grainC2H    1.49437e-14
5000    grainMgH    0.00000e+00
5000    grainC2H2    1.93423e-14
5000    grainCN    3.61787e-12
5000    grainCN(-)    1.63835e-14
5000    grainMgH2    0.00000e+00
5000    grainC2H3    2.89376e-16
5000    grainHCN    5.18121e-08
5000    grainHNC    1.89670e-11
5000    grainC2H4    9.20702e-15
5000    grainCHNH    0.00000e+00
5000    grainCNH2    0.00000e+00
5000    grainCO    8.88613e-06
5000    grainH2CN    1.82085e-16
5000    grainN2    2.96201e-06
5000    grainSi    7.44278e-27
5000    grainC2H5    1.47984e-19
5000    grainCH2NH    1.14353e-16
5000    grainCH3N    0.00000e+00
5000    grainCHNH2    0.00000e+00
5000    grainHCO    2.25015e-13
5000    grainHOC    0.00000e+00
5000    grainN2H    0.00000e+00
5000    grainSiH    4.43764e-30
5000    grainC2H6    0.00000e+00
5000    grainCH2NH2    0.00000e+00
5000    grainCH3NH    0.00000e+00
5000    grainCHOH    0.00000e+00
5000    grainH2CO    3.74181e-12
5000    grainHOCH    0.00000e+00
5000    grainN2H2    0.00000e+00
5000    grainNO    3.72621e-15
5000    grainSiH2    0.00000e+00
5000    grainCH2OH    0.00000e+00
5000    grainCH3O    0.00000e+00
5000    grainCH5N    0.00000e+00
5000    grainHNO    3.25580e-15
5000    grainHON    0.00000e+00
5000    grainSiH3    0.00000e+00
5000    grainCH3OH    1.47964e-07
5000    grainNH2OH    0.00000e+00
5000    grainO2    3.11858e-13
5000    grainS    5.66211e-14
5000    grainHS    6.76498e-13
5000    grainS(-)    7.69546e-22
5000    grainSiH4    0.00000e+00
5000    grainO2H    5.38558e-18
5000    grainH2O2    6.60574e-30
5000    grainH2S    2.82801e-09
5000    grainCl    1.75646e-31
5000    grainC3    1.06685e-16
5000    grainHCl    1.95572e-34
5000    grainC3H    2.29162e-17
5000    grainC2N    2.28577e-17
5000    grainC3H2    3.80479e-17
5000    grainH2CCC    7.49708e-19
5000    grainC3H3    0.00000e+00
5000    grainHCCN    0.00000e+00
5000    grainC2O    1.14452e-19
5000    grainC3H4    0.00000e+00
5000    grainCH2CN    5.68378e-21
5000    grainCH3CCH    2.20472e-17
5000    grainNaOH    0.00000e+00
5000    grainSiC    7.64439e-32
5000    grainC3H5    0.00000e+00
5000    grainCH3CN    1.64702e-13
5000    grainHC2O    0.00000e+00
5000    grainHCSi    4.10822e-31
5000    grainC3H6    0.00000e+00
5000    grainCH2CO    1.18333e-15
5000    grainNH2CN    2.92388e-13
5000    grainOCN    1.99179e-15
5000    grainSiCH2    2.28335e-36
5000    grainSiN    6.49630e-32
5000    grainC3H7    0.00000e+00
5000    grainHNCO    1.37662e-16
5000    grainHNSi    1.79940e-30
5000    grainSiCH3    1.21989e-38
5000    grainC3H8    0.00000e+00
5000    grainCH3CHO    1.21728e-13
5000    grainCO2    7.40495e-06
5000    grainCS    1.83190e-15
5000    grainN2O    8.16899e-22
5000    grainSiO    2.55912e-32
5000    grainHCS    8.66088e-18
5000    grainNH2CHO    0.00000e+00
5000    grainNHNO    0.00000e+00
5000    grainC2H5OH    3.75641e-20
5000    grainCH3OCH3    4.62323e-12
5000    grainH2CS    1.17343e-15
5000    grainH2SiO    2.68275e-38
5000    grainHCOOH    4.78727e-14
5000    grainNH2NO    0.00000e+00
5000    grainNO2    2.17963e-20
5000    grainNS    5.23686e-18
5000    grainCCl    0.00000e+00
5000    grainC4    1.50572e-18
5000    grainO3    0.00000e+00
5000    grainSO    7.46936e-16
5000    grainC4H    5.50572e-18
5000    grainC3N    2.28277e-18
5000    grainC4H2    0.00000e+00
5000    grainC4H3    9.62212e-18
5000    grainClO    0.00000e+00
5000    grainHC2NC    0.00000e+00
5000    grainHC3N    4.94971e-19
5000    grainHCNC2    0.00000e+00
5000    grainHNC3    2.17632e-21
5000    grainC3O    5.56792e-18
5000    grainC4H4    0.00000e+00
5000    grainCH2CCN    0.00000e+00
5000    grainNCCN    1.05355e-15
5000    grainSiC2    0.00000e+00
5000    grainC4H5    0.00000e+00
5000    grainCH2CHCN    2.96695e-21
5000    grainHC3O    0.00000e+00
5000    grainSiC2H    0.00000e+00
5000    grainC4H6    0.00000e+00
5000    grainH2C3O    0.00000e+00
5000    grainH4C3N    0.00000e+00
5000    grainSiC2H2    2.38470e-31
5000    grainSiNC    1.86654e-39
5000    grainH5C3N    0.00000e+00
5000    grainC2S    6.05474e-20
5000    grainFe    0.00000e+00
5000    grainFeH    0.00000e+00
5000    grainC5    4.31317e-20
5000    grainHCOOCH3    5.35457e-17
5000    grainOCS    1.71316e-18
5000    grainSiO2    4.61419e-41
5000    grainSiS    4.26035e-41
5000    grainC5H    2.24803e-20
5000    grainC4N    5.10977e-20
5000    grainC5H2    3.58913e-20
5000    grainC5H3    0.00000e+00
5000    grainCH3C4H    2.64726e-21
5000    grainS2    4.54596e-19
5000    grainSO2    7.89233e-19
5000    grainCH3C3N    2.07454e-22
5000    grainHS2    2.01367e-16
5000    grainSiC3H    4.74782e-42
5000    grainH2S2    5.77994e-17
5000    grainC3S    2.66276e-22
5000    grainC6    1.03640e-22
5000    grainC6H    2.65477e-22
5000    grainC5N    1.09207e-24
5000    grainC6H2    3.57271e-22
5000    grainC6H3    0.00000e+00
5000    grainHC5N    7.62044e-24
5000    grainC6H4    0.00000e+00
5000    grainH2C5N    0.00000e+00
5000    grainSiC4    0.00000e+00
5000    grainH3C5N    0.00000e+00
5000    grainC6H6    4.26048e-26
5000    grainC4S    5.65729e-24
5000    grainC7    1.01346e-24
5000    grainC7H    1.30321e-24
5000    grainC7H2    6.33427e-24
5000    grainC7H3    0.00000e+00
5000    grainC7H4    0.00000e+00
5000    grainCH3C6H    1.66379e-24
5000    grainCH3C5N    1.79682e-30
5000    grainC8    9.12283e-26
5000    grainC8H    8.58775e-26
5000    grainC7N    6.03855e-27
5000    grainC8H2    1.79569e-25
5000    grainC8H3    0.00000e+00
5000    grainHC7N    2.19777e-29
5000    grainC8H4    0.00000e+00
5000    grainH2C7N    0.00000e+00
5000    grainH3C7N    0.00000e+00
5000    grainC9    5.39511e-26
5000    grainC9H    4.75537e-28
5000    grainC9H2    2.61459e-27
5000    grainC9H3    0.00000e+00
5000    grainC9H4    0.00000e+00
5000    grainCH3C7N    4.82000e-37
5000    grainC10    7.69188e-29
5000    grainC9N    7.20863e-31
5000    grainHC9N    1.00593e-32
5000    grainH2C9N    0.00000e+00
5000    grainH3C9N    0.00000e+00
6000    grain    3.70270e-13
6000    grainH    2.38173e-04
6000    grainH(-)    1.06646e-12
6000    grainH2    1.82668e-02
6000    grainHe    3.79603e-14
6000    grainC    3.70186e-14
6000    grainCH    3.34737e-14
6000    grainC(-)    7.07592e-18
6000    grainCH2    3.66002e-12
6000    grainCH3    4.39335e-11
6000    grainN    1.08713e-12
6000    grainNH    6.61530e-13
6000    grainCH4    3.37903e-07
6000    grainNH2    4.45349e-12
6000    grainNH3    2.44473e-07
6000    grainO    5.37238e-11
6000    grainOH    8.15628e-11
6000    grainO(-)    1.10949e-19
6000    grainH2O    1.98618e-05
6000    grainOH(-)    2.34926e-14
6000    grainNa    0.00000e+00
6000    grainC2    7.16546e-14
6000    grainMg    0.00000e+00
6000    grainNaH    0.00000e+00
6000    grainC2H    1.11422e-13
6000    grainMgH    0.00000e+00
6000    grainC2H2    1.02473e-13
6000    grainCN    4.14152e-12
6000    grainCN(-)    1.86478e-14
6000    grainMgH2    0.00000e+00
6000    grainC2H3    7.16452e-16
6000    grainHCN    5.88763e-08
6000    grainHNC    2.15982e-11
6000    grainC2H4    1.06632e-14
6000    grainCHNH    0.00000e+00
6000    grainCNH2    0.00000e+00
6000    grainCO    1.00977e-05
6000    grainH2CN    2.12275e-16
6000    grainN2    3.36587e-06
6000    grainSi    5.92657e-26
6000    grainC2H5    2.55440e-19
6000    grainCH2NH    1.30494e-16
6000    grainCH3N    0.00000e+00
6000    grainCHNH2    0.00000e+00
6000    grainHCO    2.56779e-13
6000    grainHOC    0.00000e+00
6000    grainN2H    0.00000e+00
6000    grainSiH    2.97830e-28
6000    grainC2H6    0.00000e+00
6000    grainCH2NH2    0.00000e+00
6000    grainCH3NH    0.00000e+00
6000    grainCHOH    0.00000e+00
6000    grainH2CO    4.26204e-12
6000    grainHOCH    0.00000e+00
6000    grainN2H2    0.00000e+00
6000    grainNO    4.78574e-15
6000    grainSiH2    7.84358e-31
6000    grainCH2OH    0.00000e+00
6000    grainCH3O    0.00000e+00
6000    grainCH5N    0.00000e+00
6000    grainHNO    3.73641e-15
6000    grainHON    0.00000e+00
6000    grainSiH3    1.82841e-34
6000    grainCH3OH    1.68138e-07
6000    grainNH2OH    0.00000e+00
6000    grainO2    3.58764e-13
6000    grainS    5.91412e-14
6000    grainHS    9.51733e-13
6000    grainS(-)    3.35902e-21
6000    grainSiH4    1.80637e-34
6000    grainO2H    6.13485e-18
6000    grainH2O2    7.80736e-30
6000    grainH2S    3.21360e-09
6000    grainCl    1.34172e-30
6000    grainC3    8.02765e-16
6000    grainHCl    1.48733e-33
6000    grainC3H    1.57668e-16
6000    grainC2N    3.14081e-17
6000    grainC3H2    2.61898e-16
6000    grainH2CCC    3.94921e-18
6000    grainC3H3    0.00000e+00
6000    grainHCCN    0.00000e+00
6000    grainC2O    4.88767e-19
6000    grainC3H4    0.00000e+00
6000    grainCH2CN    2.10320e-20
6000    grainCH3CCH    1.64705e-16
6000    grainNaOH    0.00000e+00
6000    grainSiC    6.67592e-31
6000    grainC3H5    0.00000e+00
6000    grainCH3CN    1.87545e-13
6000    grainHC2O    0.00000e+00
6000    grainHCSi    3.51899e-30
6000    grainC3H6    0.00000e+00
6000    grainCH2CO    1.35252e-15
6000    grainNH2CN    3.33175e-13
6000    grainOCN    2.27561e-15
6000    grainSiCH2    1.98822e-34
6000    grainSiN    4.94047e-31
6000    grainC3H7    0.00000e+00
6000    grainHNCO    1.57380e-16
6000    grainHNSi    1.36843e-29
6000    grainSiCH3    7.01288e-37
6000    grainC3H8    0.00000e+00
6000    grainCH3CHO    1.38734e-13
6000    grainCO2    8.41457e-06
6000    grainCS    2.09214e-15
6000    grainN2O    1.04468e-21
6000    grainSiO    1.94781e-31
6000    grainHCS    9.89962e-18
6000    grainNH2CHO    0.00000e+00
6000    grainNHNO    0.00000e+00
6000    grainC2H5OH    4.28112e-20
6000    grainCH3OCH3    5.26193e-12
6000    grainH2CS    1.33583e-15
6000    grainH2SiO    2.04023e-37
6000    grainHCOOH    5.44766e-14
6000    grainNH2NO    0.00000e+00
6000    grainNO2    2.64499e-20
6000    grainNS    5.98309e-18
6000    grainCCl    3.60661e-39
6000    grainC4    1.14509e-17
6000    grainO3    0.00000e+00
6000    grainSO    8.53120e-16
6000    grainC4H    4.18687e-17
6000    grainC3N    2.61113e-18
6000    grainC4H2    0.00000e+00
6000    grainC4H3    7.31752e-17
6000    grainClO    0.00000e+00
6000    grainHC2NC    0.00000e+00
6000    grainHC3N    5.73272e-19
6000    grainHCNC2    0.00000e+00
6000    grainHNC3    2.49153e-21
6000    grainC3O    6.33366e-18
6000    grainC4H4    0.00000e+00
6000    grainCH2CCN    0.00000e+00
6000    grainNCCN    1.20345e-15
6000    grainSiC2    1.15946e-35
6000    grainC4H5    0.00000e+00
6000    grainCH2CHCN    3.73132e-21
6000    grainHC3O    0.00000e+00
6000    grainSiC2H    8.55092e-35
6000    grainC4H6    0.00000e+00
6000    grainH2C3O    0.00000e+00
6000    grainH4C3N    0.00000e+00
6000    grainSiC2H2    1.81227e-30
6000    grainSiNC    1.42007e-38
6000    grainH5C3N    0.00000e+00
6000    grainC2S    4.51586e-19
6000    grainFe    0.00000e+00
6000    grainFeH    0.00000e+00
6000    grainC5    3.28013e-19
6000    grainHCOOCH3    6.10939e-17
6000    grainOCS    1.95668e-18
6000    grainSiO2    3.52025e-40
6000    grainSiS    2.56665e-37
6000    grainC5H    1.70957e-19
6000    grainC4N    3.88593e-19
6000    grainC5H2    2.72938e-19
6000    grainC5H3    0.00000e+00
6000    grainCH3C4H    2.01270e-20
6000    grainS2    5.19077e-19
6000    grainSO2    9.05985e-19
6000    grainCH3C3N    3.63841e-22
6000    grainHS2    2.29046e-16
6000    grainSiC3H    1.56048e-40
6000    grainH2S2    6.57481e-17
6000    grainC3S    2.02060e-21
6000    grainC6    7.88152e-22
6000    grainC6H    2.01888e-21
6000    grainC5N    8.30079e-24
6000    grainC6H2    2.71697e-21
6000    grainC6H3    0.00000e+00
6000    grainHC5N    5.67348e-23
6000    grainC6H4    0.00000e+00
6000    grainH2C5N    0.00000e+00
6000    grainSiC4    0.00000e+00
6000    grainH3C5N    0.00000e+00
6000    grainC6H6    3.09704e-25
6000    grainC4S    4.30228e-23
6000    grainC7    7.70659e-24
6000    grainC7H    9.91084e-24
6000    grainC7H2    4.81724e-23
6000    grainC7H3    0.00000e+00
6000    grainC7H4    0.00000e+00
6000    grainCH3C6H    1.26537e-23
6000    grainCH3C5N    1.30571e-29
6000    grainC8    5.28114e-25
6000    grainC8H    5.70087e-25
6000    grainC7N    4.59230e-26
6000    grainC8H2    1.36793e-24
6000    grainC8H3    0.00000e+00
6000    grainHC7N    1.67085e-28
6000    grainC8H4    0.00000e+00
6000    grainH2C7N    0.00000e+00
6000    grainH3C7N    0.00000e+00
6000    grainC9    7.89893e-26
6000    grainC9H    3.01576e-27
6000    grainC9H2    2.04488e-26
6000    grainC9H3    0.00000e+00
6000    grainC9H4    0.00000e+00
6000    grainCH3C7N    1.17234e-35
6000    grainC10    3.59890e-28
6000    grainC9N    5.48960e-30
6000    grainHC9N    7.78839e-32
6000    grainH2C9N    0.00000e+00
6000    grainH3C9N    0.00000e+00
7000    grain    4.10584e-13
7000    grainH    5.01603e-04
7000    grainH(-)    1.31879e-12
7000    grainH2    2.03356e-02
7000    grainHe    4.24241e-14
7000    grainC    3.81809e-14
7000    grainCH    3.55301e-14
7000    grainC(-)    1.55019e-17
7000    grainCH2    3.76205e-12
7000    grainCH3    4.52535e-11
7000    grainN    1.12032e-12
7000    grainNH    7.11209e-13
7000    grainCH4    3.75997e-07
7000    grainNH2    4.60684e-12
7000    grainNH3    2.71562e-07
7000    grainO    5.52459e-11
7000    grainOH    8.51696e-11
7000    grainO(-)    2.43059e-19
7000    grainH2O    2.20261e-05
7000    grainOH(-)    2.61072e-14
7000    grainNa    0.00000e+00
7000    grainC2    1.56918e-13
7000    grainMg    0.00000e+00
7000    grainNaH    0.00000e+00
7000    grainC2H    2.43673e-13
7000    grainMgH    0.00000e+00
7000    grainC2H2    2.16006e-13
7000    grainCN    4.62911e-12
7000    grainCN(-)    2.07104e-14
7000    grainMgH2    0.00000e+00
7000    grainC2H3    1.28721e-15
7000    grainHCN    6.52822e-08
7000    grainHNC    2.39980e-11
7000    grainC2H4    1.20751e-14
7000    grainCHNH    0.00000e+00
7000    grainCNH2    0.00000e+00
7000    grainCO    1.11964e-05
7000    grainH2CN    2.42687e-16
7000    grainN2    3.73209e-06
7000    grainSi    1.30296e-25
7000    grainC2H5    3.94138e-19
7000    grainCH2NH    1.45309e-16
7000    grainCH3N    0.00000e+00
7000    grainCHNH2    0.00000e+00
7000    grainHCO    2.85930e-13
7000    grainHOC    0.00000e+00
7000    grainN2H    0.00000e+00
7000    grainSiH    6.97705e-28
7000    grainC2H6    0.00000e+00
7000    grainCH2NH2    0.00000e+00
7000    grainCH3NH    0.00000e+00
7000    grainCHOH    0.00000e+00
7000    grainH2CO    4.73684e-12
7000    grainHOCH    0.00000e+00
7000    grainN2H2    0.00000e+00
7000    grainNO    6.00905e-15
7000    grainSiH2    1.57346e-30
7000    grainCH2OH    0.00000e+00
7000    grainCH3O    0.00000e+00
7000    grainCH5N    0.00000e+00
7000    grainHNO    4.18706e-15
7000    grainHON    0.00000e+00
7000    grainSiH3    3.54124e-34
7000    grainCH3OH    1.86432e-07
7000    grainNH2OH    0.00000e+00
7000    grainO2    4.03272e-13
7000    grainS    6.08322e-14
7000    grainHS    1.28585e-12
7000    grainS(-)    6.88343e-21
7000    grainSiH4    3.49871e-34
7000    grainO2H    6.81875e-18
7000    grainH2O2    9.03138e-30
7000    grainH2S    3.56325e-09
7000    grainCl    2.94038e-30
7000    grainC3    1.75701e-15
7000    grainHCl    3.25832e-33
7000    grainC3H    3.42247e-16
7000    grainC2N    4.17235e-17
7000    grainC3H2    5.68523e-16
7000    grainH2CCC    8.31827e-18
7000    grainC3H3    0.00000e+00
7000    grainHCCN    0.00000e+00
7000    grainC2O    9.98187e-19
7000    grainC3H4    0.00000e+00
7000    grainCH2CN    4.18624e-20
7000    grainCH3CCH    3.60260e-16
7000    grainNaOH    0.00000e+00
7000    grainSiC    1.48185e-30
7000    grainC3H5    0.00000e+00
7000    grainCH3CN    2.08375e-13
7000    grainHC2O    0.00000e+00
7000    grainHCSi    7.95988e-30
7000    grainC3H6    0.00000e+00
7000    grainCH2CO    1.50954e-15
7000    grainNH2CN    3.70440e-13
7000    grainOCN    2.53686e-15
7000    grainSiCH2    4.67919e-34
7000    grainSiN    1.08232e-30
7000    grainC3H7    0.00000e+00
7000    grainHNCO    1.75550e-16
7000    grainHNSi    2.99785e-29
7000    grainSiCH3    1.64938e-36
7000    grainC3H8    0.00000e+00
7000    grainCH3CHO    1.54278e-13
7000    grainCO2    9.33011e-06
7000    grainCS    2.33257e-15
7000    grainN2O    1.33091e-21
7000    grainSiO    4.26742e-31
7000    grainHCS    1.10417e-17
7000    grainNH2CHO    0.00000e+00
7000    grainNHNO    0.00000e+00
7000    grainC2H5OH    4.76068e-20
7000    grainCH3OCH3    5.84354e-12
7000    grainH2CS    1.48382e-15
7000    grainH2SiO    4.46957e-37
7000    grainHCOOH    6.04879e-14
7000    grainNH2NO    0.00000e+00
7000    grainNO2    3.20160e-20
7000    grainNS    6.67076e-18
7000    grainCCl    6.81315e-39
7000    grainC4    2.50857e-17
7000    grainO3    0.00000e+00
7000    grainSO    9.50764e-16
7000    grainC4H    9.17224e-17
7000    grainC3N    2.91573e-18
7000    grainC4H2    0.00000e+00
7000    grainC4H3    1.60307e-16
7000    grainClO    0.00000e+00
7000    grainHC2NC    0.00000e+00
7000    grainHC3N    6.48881e-19
7000    grainHCNC2    0.00000e+00
7000    grainHNC3    2.78387e-21
7000    grainC3O    7.03302e-18
7000    grainC4H4    0.00000e+00
7000    grainCH2CCN    0.00000e+00
7000    grainNCCN    1.34131e-15
7000    grainSiC2    4.39645e-31
7000    grainC4H5    0.00000e+00
7000    grainCH2CHCN    4.59188e-21
7000    grainHC3O    0.00000e+00
7000    grainSiC2H    1.64032e-32
7000    grainC4H6    0.00000e+00
7000    grainH2C3O    0.00000e+00
7000    grainH4C3N    0.00000e+00
7000    grainSiC2H2    3.94162e-30
7000    grainSiNC    3.11109e-38
7000    grainH5C3N    0.00000e+00
7000    grainC2S    9.87636e-19
7000    grainFe    0.00000e+00
7000    grainFeH    0.00000e+00
7000    grainC5    7.18585e-19
7000    grainHCOOCH3    6.80144e-17
7000    grainOCS    2.18057e-18
7000    grainSiO2    7.70732e-40
7000    grainSiS    7.43687e-37
7000    grainC5H    3.74519e-19
7000    grainC4N    8.51300e-19
7000    grainC5H2    5.97930e-19
7000    grainC5H3    0.00000e+00
7000    grainCH3C4H    4.40930e-20
7000    grainS2    5.78319e-19
7000    grainSO2    1.01478e-18
7000    grainCH3C3N    5.66353e-22
7000    grainHS2    2.54209e-16
7000    grainSiC3H    4.40943e-40
7000    grainH2S2    7.29754e-17
7000    grainC3S    4.42573e-21
7000    grainC6    1.72662e-21
7000    grainC6H    4.42280e-21
7000    grainC5N    1.81844e-23
7000    grainC6H2    5.95215e-21
7000    grainC6H3    0.00000e+00
7000    grainHC5N    1.24061e-22
7000    grainC6H4    0.00000e+00
7000    grainH2C5N    0.00000e+00
7000    grainSiC4    0.00000e+00
7000    grainH3C5N    0.00000e+00
7000    grainC6H6    6.82577e-25
7000    grainC4S    9.42509e-23
7000    grainC7    1.68829e-23
7000    grainC7H    2.17121e-23
7000    grainC7H2    1.05534e-22
7000    grainC7H3    0.00000e+00
7000    grainC7H4    0.00000e+00
7000    grainCH3C6H    2.77313e-23
7000    grainCH3C5N    2.85324e-29
7000    grainC8    1.12330e-24
7000    grainC8H    1.23201e-24
7000    grainC7N    1.00611e-25
7000    grainC8H2    2.99647e-24
7000    grainC8H3    0.00000e+00
7000    grainHC7N    3.71769e-28
7000    grainC8H4    0.00000e+00
7000    grainH2C7N    0.00000e+00
7000    grainH3C7N    0.00000e+00
7000    grainC9    1.05839e-25
7000    grainC9H    6.56835e-27
7000    grainC9H2    4.47295e-26
7000    grainC9H3    0.00000e+00
7000    grainC9H4    0.00000e+00
7000    grainCH3C7N    1.43176e-34
7000    grainC10    7.42301e-28
7000    grainC9N    1.20493e-29
7000    grainHC9N    1.90224e-31
7000    grainH2C9N    0.00000e+00
7000    grainH3C9N    0.00000e+00
8000    grain    4.47408e-13
8000    grainH    7.61611e-04
8000    grainH(-)    1.58131e-12
8000    grainH2    2.22668e-02
8000    grainHe    4.65943e-14
8000    grainC    3.89368e-14
8000    grainCH    3.70414e-14
8000    grainC(-)    2.45576e-17
8000    grainCH2    3.82788e-12
8000    grainCH3    4.61166e-11
8000    grainN    1.14184e-12
8000    grainNH    7.48388e-13
8000    grainCH4    4.11023e-07
8000    grainNH2    4.71381e-12
8000    grainNH3    2.96388e-07
8000    grainO    5.62257e-11
8000    grainOH    8.77125e-11
8000    grainO(-)    3.85043e-19
8000    grainH2O    2.40033e-05
8000    grainOH(-)    2.85102e-14
8000    grainNa    0.00000e+00
8000    grainC2    2.48554e-13
8000    grainMg    0.00000e+00
8000    grainNaH    0.00000e+00
8000    grainC2H    3.85801e-13
8000    grainMgH    0.00000e+00
8000    grainC2H2    3.37889e-13
8000    grainCN    5.08168e-12
8000    grainCN(-)    2.26027e-14
8000    grainMgH2    0.00000e+00
8000    grainC2H3    1.89618e-15
8000    grainHCN    7.11327e-08
8000    grainHNC    2.62024e-11
8000    grainC2H4    1.34112e-14
8000    grainCHNH    0.00000e+00
8000    grainCNH2    0.00000e+00
8000    grainCO    1.21998e-05
8000    grainH2CN    2.73764e-16
8000    grainN2    4.06656e-06
8000    grainSi    2.06602e-25
8000    grainC2H5    5.40575e-19
8000    grainCH2NH    1.59004e-16
8000    grainCH3N    0.00000e+00
8000    grainCHNH2    0.00000e+00
8000    grainHCO    3.12798e-13
8000    grainHOC    0.00000e+00
8000    grainN2H    0.00000e+00
8000    grainSiH    1.12774e-27
8000    grainC2H6    0.00000e+00
8000    grainCH2NH2    0.00000e+00
8000    grainCH3NH    0.00000e+00
8000    grainCHOH    0.00000e+00
8000    grainH2CO    5.17333e-12
8000    grainHOCH    0.00000e+00
8000    grainN2H2    0.00000e+00
8000    grainNO    7.25556e-15
8000    grainSiH2    2.33455e-30
8000    grainCH2OH    0.00000e+00
8000    grainCH3O    0.00000e+00
8000    grainCH5N    0.00000e+00
8000    grainHNO    4.60955e-15
8000    grainHON    0.00000e+00
8000    grainSiH3    5.14593e-34
8000    grainCH3OH    2.03139e-07
8000    grainNH2OH    0.00000e+00
8000    grainO2    4.44944e-13
8000    grainS    6.19215e-14
8000    grainHS    1.63170e-12
8000    grainS(-)    1.06632e-20
8000    grainSiH4    5.08429e-34
8000    grainO2H    7.44750e-18
8000    grainH2O2    1.02205e-29
8000    grainH2S    3.88258e-09
8000    grainCl    4.65853e-30
8000    grainC3    2.78254e-15
8000    grainHCl    5.16167e-33
8000    grainC3H    5.40572e-16
8000    grainC2N    5.23784e-17
8000    grainC3H2    8.97983e-16
8000    grainH2CCC    1.30087e-17
8000    grainC3H3    0.00000e+00
8000    grainHCCN    0.00000e+00
8000    grainC2O    1.54457e-18
8000    grainC3H4    0.00000e+00
8000    grainCH2CN    6.42225e-20
8000    grainCH3CCH    5.70422e-16
8000    grainNaOH    0.00000e+00
8000    grainSiC    3.11191e-30
8000    grainC3H5    0.00000e+00
8000    grainCH3CN    2.27509e-13
8000    grainHC2O    0.00000e+00
8000    grainHCSi    1.74605e-29
8000    grainC3H6    0.00000e+00
8000    grainCH2CO    1.65572e-15
8000    grainNH2CN    4.04737e-13
8000    grainOCN    2.77928e-15
8000    grainSiCH2    7.54922e-34
8000    grainSiN    1.71457e-30
8000    grainC3H7    0.00000e+00
8000    grainHNCO    1.92419e-16
8000    grainHNSi    4.74905e-29
8000    grainSiCH3    2.66220e-36
8000    grainC3H8    0.00000e+00
8000    grainCH3CHO    1.68588e-13
8000    grainCO2    1.01663e-05
8000    grainCS    2.55466e-15
8000    grainN2O    1.69606e-21
8000    grainSiO    6.76044e-31
8000    grainHCS    1.21012e-17
8000    grainNH2CHO    0.00000e+00
8000    grainNHNO    0.00000e+00
8000    grainC2H5OH    5.20218e-20
8000    grainCH3OCH3    6.37712e-12
8000    grainH2CS    1.61965e-15
8000    grainH2SiO    7.08047e-37
8000    grainHCOOH    6.59995e-14
8000    grainNH2NO    0.00000e+00
8000    grainNO2    3.97830e-20
8000    grainNS    7.30926e-18
8000    grainCCl    9.82115e-39
8000    grainC4    3.97396e-17
8000    grainO3    0.00000e+00
8000    grainSO    1.04122e-15
8000    grainC4H    1.45302e-16
8000    grainC3N    3.19824e-18
8000    grainC4H2    0.00000e+00
8000    grainC4H3    2.53950e-16
8000    grainClO    0.00000e+00
8000    grainHC2NC    0.00000e+00
8000    grainHC3N    7.20791e-19
8000    grainHCNC2    0.00000e+00
8000    grainHNC3    3.05670e-21
8000    grainC3O    7.68622e-18
8000    grainC4H4    0.00000e+00
8000    grainCH2CCN    0.00000e+00
8000    grainNCCN    1.46903e-15
8000    grainSiC2    1.07354e-29
8000    grainC4H5    0.00000e+00
8000    grainCH2CHCN    5.46249e-21
8000    grainHC3O    0.00000e+00
8000    grainSiC2H    4.71893e-31
8000    grainC4H6    0.00000e+00
8000    grainH2C3O    0.00000e+00
8000    grainH4C3N    0.00000e+00
8000    grainSiC2H2    6.50309e-30
8000    grainSiNC    4.92850e-38
8000    grainH5C3N    0.00000e+00
8000    grainC2S    1.56373e-18
8000    grainFe    0.00000e+00
8000    grainFeH    0.00000e+00
8000    grainC5    1.13835e-18
8000    grainHCOOCH3    7.44068e-17
8000    grainOCS    2.38796e-18
8000    grainSiO2    1.22062e-39
8000    grainSiS    1.30091e-36
8000    grainC5H    5.93296e-19
8000    grainC4N    1.34859e-18
8000    grainC5H2    9.47215e-19
8000    grainC5H3    0.00000e+00
8000    grainCH3C4H    6.98592e-20
8000    grainS2    6.33147e-19
8000    grainSO2    1.11700e-18
8000    grainCH3C3N    7.81705e-22
8000    grainHS2    2.77250e-16
8000    grainSiC3H    7.66078e-40
8000    grainH2S2    7.95942e-17
8000    grainC3S    7.01061e-21
8000    grainC6    2.73523e-21
8000    grainC6H    7.00640e-21
8000    grainC5N    2.88096e-23
8000    grainC6H2    9.42929e-21
8000    grainC6H3    0.00000e+00
8000    grainHC5N    1.96434e-22
8000    grainC6H4    0.00000e+00
8000    grainH2C5N    0.00000e+00
8000    grainSiC4    0.00000e+00
8000    grainH3C5N    0.00000e+00
8000    grainC6H6    1.12345e-24
8000    grainC4S    1.49308e-22
8000    grainC7    2.67450e-23
8000    grainC7H    3.43963e-23
8000    grainC7H2    1.67192e-22
8000    grainC7H3    0.00000e+00
8000    grainC7H4    0.00000e+00
8000    grainCH3C6H    4.40060e-23
8000    grainCH3C5N    4.54558e-29
8000    grainC8    1.76080e-24
8000    grainC8H    1.94244e-24
8000    grainC7N    1.59423e-25
8000    grainC8H2    4.74659e-24
8000    grainC8H3    0.00000e+00
8000    grainHC7N    6.30731e-28
8000    grainC8H4    0.00000e+00
8000    grainH2C7N    0.00000e+00
8000    grainH3C7N    0.00000e+00
8000    grainC9    1.30871e-25
8000    grainC9H    1.04060e-26
8000    grainC9H2    7.07376e-26
8000    grainC9H3    0.00000e+00
8000    grainC9H4    0.00000e+00
8000    grainCH3C7N    1.06743e-33
8000    grainC10    1.15166e-27
8000    grainC9N    1.92519e-29
8000    grainHC9N    4.39630e-31
8000    grainH2C9N    0.00000e+00
8000    grainH3C9N    0.00000e+00
9000    grain    4.81250e-13
9000    grainH    9.95802e-04
9000    grainH(-)    1.85088e-12
9000    grainH2    2.40765e-02
9000    grainHe    5.04890e-14
9000    grainC    3.94228e-14
9000    grainCH    3.81365e-14
9000    grainC(-)    3.36504e-17
9000    grainCH2    3.87009e-12
9000    grainCH3    4.66776e-11
9000    grainN    1.15564e-12
9000    grainNH    7.75751e-13
9000    grainCH4    4.43341e-07
9000    grainNH2    4.78866e-12
9000    grainNH3    3.19250e-07
9000    grainO    5.68512e-11
9000    grainOH    8.94934e-11
9000    grainO(-)    5.27609e-19
9000    grainH2O    2.58205e-05
9000    grainOH(-)    3.07323e-14
9000    grainNa    0.00000e+00
9000    grainC2    3.40566e-13
9000    grainMg    0.00000e+00
9000    grainNaH    0.00000e+00
9000    grainC2H    5.28511e-13
9000    grainMgH    0.00000e+00
9000    grainC2H2    4.60209e-13
9000    grainCN    5.50255e-12
9000    grainCN(-)    2.43497e-14
9000    grainMgH2    0.00000e+00
9000    grainC2H3    2.50566e-15
9000    grainHCN    7.65086e-08
9000    grainHNC    2.82396e-11
9000    grainC2H4    1.46676e-14
9000    grainCHNH    0.00000e+00
9000    grainCNH2    0.00000e+00
9000    grainCO    1.31218e-05
9000    grainH2CN    3.07724e-16
9000    grainN2    4.37389e-06
9000    grainSi    2.83212e-25
9000    grainC2H5    6.86426e-19
9000    grainCH2NH    1.71748e-16
9000    grainCH3N    0.00000e+00
9000    grainCHNH2    0.00000e+00
9000    grainHCO    3.37689e-13
9000    grainHOC    0.00000e+00
9000    grainN2H    0.00000e+00
9000    grainSiH    1.56263e-27
9000    grainC2H6    0.00000e+00
9000    grainCH2NH2    0.00000e+00
9000    grainCH3NH    0.00000e+00
9000    grainCHOH    0.00000e+00
9000    grainH2CO    5.57708e-12
9000    grainHOCH    0.00000e+00
9000    grainN2H2    0.00000e+00
9000    grainNO    8.48246e-15
9000    grainSiH2    3.06043e-30
9000    grainCH2OH    0.00000e+00
9000    grainCH3O    0.00000e+00
9000    grainCH5N    0.00000e+00
9000    grainHNO    5.00867e-15
9000    grainHON    0.00000e+00
9000    grainSiH3    6.66317e-34
9000    grainCH3OH    2.18491e-07
9000    grainNH2OH    0.00000e+00
9000    grainO2    4.83876e-13
9000    grainS    6.26172e-14
9000    grainHS    1.97280e-12
9000    grainS(-)    1.44548e-20
9000    grainSiH4    6.58357e-34
9000    grainO2H    8.02911e-18
9000    grainH2O2    1.13589e-29
9000    grainH2S    4.17601e-09
9000    grainCl    6.38374e-30
9000    grainC3    3.81229e-15
9000    grainHCl    7.07285e-33
9000    grainC3H    7.39692e-16
9000    grainC2N    6.28803e-17
9000    grainC3H2    1.22876e-15
9000    grainH2CCC    1.77161e-17
9000    grainC3H3    0.00000e+00
9000    grainHCCN    0.00000e+00
9000    grainC2O    2.09279e-18
9000    grainC3H4    0.00000e+00
9000    grainCH2CN    8.67856e-20
9000    grainCH3CCH    7.81446e-16
9000    grainNaOH    0.00000e+00
9000    grainSiC    1.17421e-29
9000    grainC3H5    0.00000e+00
9000    grainCH3CN    2.45193e-13
9000    grainHC2O    0.00000e+00
9000    grainHCSi    3.96047e-29
9000    grainC3H6    0.00000e+00
9000    grainCH2CO    1.79348e-15
9000    grainNH2CN    4.36499e-13
9000    grainOCN    3.00603e-15
9000    grainSiCH2    1.04110e-33
9000    grainSiN    2.34941e-30
9000    grainC3H7    0.00000e+00
9000    grainHNCO    2.08176e-16
9000    grainHNSi    6.50746e-29
9000    grainSiCH3    3.67296e-36
9000    grainC3H8    0.00000e+00
9000    grainCH3CHO    1.81845e-13
9000    grainCO2    1.09346e-05
9000    grainCS    2.76045e-15
9000    grainN2O    2.22949e-21
9000    grainSiO    9.26382e-31
9000    grainHCS    1.30899e-17
9000    grainNH2CHO    0.00000e+00
9000    grainNHNO    0.00000e+00
9000    grainC2H5OH    5.61116e-20
9000    grainCH3OCH3    6.86968e-12
9000    grainH2CS    1.74509e-15
9000    grainH2SiO    9.70212e-37
9000    grainHCOOH    7.10842e-14
9000    grainNH2NO    0.00000e+00
9000    grainNO2    5.37856e-20
9000    grainNS    7.90672e-18
9000    grainCCl    1.26836e-38
9000    grainC4    5.44538e-17
9000    grainO3    0.00000e+00
9000    grainSO    1.12557e-15
9000    grainC4H    1.99102e-16
9000    grainC3N    3.46111e-18
9000    grainC4H2    0.00000e+00
9000    grainC4H3    3.47979e-16
9000    grainClO    0.00000e+00
9000    grainHC2NC    0.00000e+00
9000    grainHC3N    7.89433e-19
9000    grainHCNC2    0.00000e+00
9000    grainHNC3    3.31451e-21
9000    grainC3O    8.32913e-18
9000    grainC4H4    0.00000e+00
9000    grainCH2CCN    0.00000e+00
9000    grainNCCN    1.58812e-15
9000    grainSiC2    4.45071e-29
9000    grainC4H5    0.00000e+00
9000    grainCH2CHCN    6.32050e-21
9000    grainHC3O    0.00000e+00
9000    grainSiC2H    4.11675e-30
9000    grainC4H6    0.00000e+00
9000    grainH2C3O    0.00000e+00
9000    grainH4C3N    0.00000e+00
9000    grainSiC2H2    1.15843e-29
9000    grainSiNC    6.75345e-38
9000    grainH5C3N    0.00000e+00
9000    grainC2S    2.14218e-18
9000    grainFe    0.00000e+00
9000    grainFeH    0.00000e+00
9000    grainC5    1.55984e-18
9000    grainHCOOCH3    8.03482e-17
9000    grainOCS    2.58128e-18
9000    grainSiO2    1.67225e-39
9000    grainSiS    1.87245e-36
9000    grainC5H    8.12976e-19
9000    grainC4N    1.84793e-18
9000    grainC5H2    1.29795e-18
9000    grainC5H3    0.00000e+00
9000    grainCH3C4H    9.57739e-20
9000    grainS2    6.84207e-19
9000    grainSO2    1.21374e-18
9000    grainCH3C3N    1.00308e-21
9000    grainHS2    2.98476e-16
9000    grainSiC3H    1.10105e-39
9000    grainH2S2    8.56928e-17
9000    grainC3S    9.60612e-21
9000    grainC6    3.74800e-21
9000    grainC6H    9.60073e-21
9000    grainC5N    3.94914e-23
9000    grainC6H2    1.29215e-20
9000    grainC6H3    0.00000e+00
9000    grainHC5N    2.69190e-22
9000    grainC6H4    0.00000e+00
9000    grainH2C5N    0.00000e+00
9000    grainSiC4    0.00000e+00
9000    grainH3C5N    0.00000e+00
9000    grainC6H6    1.73734e-24
9000    grainC4S    2.04591e-22
9000    grainC7    3.66479e-23
9000    grainC7H    4.71369e-23
9000    grainC7H2    2.29149e-22
9000    grainC7H3    0.00000e+00
9000    grainC7H4    0.00000e+00
9000    grainCH3C6H    6.06909e-23
9000    grainCH3C5N    6.38555e-29
9000    grainC8    2.40015e-24
9000    grainC8H    2.65582e-24
9000    grainC7N    2.18654e-25
9000    grainC8H2    6.50529e-24
9000    grainC8H3    0.00000e+00
9000    grainHC7N    1.08065e-27
9000    grainC8H4    0.00000e+00
9000    grainH2C7N    0.00000e+00
9000    grainH3C7N    0.00000e+00
9000    grainC9    1.54549e-25
9000    grainC9H    1.42886e-26
9000    grainC9H2    9.68919e-26
9000    grainC9H3    0.00000e+00
9000    grainC9H4    0.00000e+00
9000    grainCH3C7N    5.79625e-33
9000    grainC10    1.55443e-27
9000    grainC9N    2.71772e-29
9000    grainHC9N    1.30106e-30
9000    grainH2C9N    0.00000e+00
9000    grainH3C9N    0.00000e+00
10000    grain    5.12516e-13
10000    grainH    1.19679e-03
10000    grainH(-)    2.12504e-12
10000    grainH2    2.57744e-02
10000    grainHe    5.41257e-14
10000    grainC    3.97263e-14
10000    grainCH    3.89022e-14
10000    grainC(-)    4.25526e-17
10000    grainCH2    3.89648e-12
10000    grainCH3    4.70328e-11
10000    grainN    1.16425e-12
10000    grainNH    7.95130e-13
10000    grainCH4    4.73284e-07
10000    grainNH2    4.84024e-12
10000    grainNH3    3.40401e-07
10000    grainO    5.72399e-11
10000    grainOH    9.07036e-11
10000    grainO(-)    6.67185e-19
10000    grainH2O    2.74994e-05
10000    grainOH(-)    3.27981e-14
10000    grainNa    0.00000e+00
10000    grainC2    4.30653e-13
10000    grainMg    0.00000e+00
10000    grainNaH    0.00000e+00
10000    grainC2H    6.68233e-13
10000    grainMgH    0.00000e+00
10000    grainC2H2    5.79933e-13
10000    grainCN    5.89524e-12
10000    grainCN(-)    2.59710e-14
10000    grainMgH2    0.00000e+00
10000    grainC2H3    3.10132e-15
10000    grainHCN    8.14747e-08
10000    grainHNC    3.01322e-11
10000    grainC2H4    1.58487e-14
10000    grainCHNH    0.00000e+00
10000    grainCNH2    0.00000e+00
10000    grainCO    1.39736e-05
10000    grainH2CN    3.48552e-16
10000    grainN2    4.65780e-06
10000    grainSi    3.58250e-25
10000    grainC2H5    8.28608e-19
10000    grainCH2NH    1.83679e-16
10000    grainCH3N    0.00000e+00
10000    grainCHNH2    0.00000e+00
10000    grainHCO    3.60866e-13
10000    grainHOC    0.00000e+00
10000    grainN2H    0.00000e+00
10000    grainSiH    1.99322e-27
10000    grainC2H6    0.00000e+00
10000    grainCH2NH2    0.00000e+00
10000    grainCH3NH    0.00000e+00
10000    grainCHOH    0.00000e+00
10000    grainH2CO    5.95257e-12
10000    grainHOCH    0.00000e+00
10000    grainN2H2    0.00000e+00
10000    grainNO    9.68346e-15
10000    grainSiH2    3.75118e-30
10000    grainCH2OH    0.00000e+00
10000    grainCH3O    0.00000e+00
10000    grainCH5N    0.00000e+00
10000    grainHNO    5.39106e-15
10000    grainHON    0.00000e+00
10000    grainSiH3    8.11037e-34
10000    grainCH3OH    2.32673e-07
10000    grainNH2OH    0.00000e+00
10000    grainO2    5.20303e-13
10000    grainS    6.30496e-14
10000    grainHS    2.30321e-12
10000    grainS(-)    1.81649e-20
10000    grainSiH4    8.01375e-34
10000    grainO2H    8.56998e-18
10000    grainH2O2    1.24443e-29
10000    grainH2S    4.44707e-09
10000    grainCl    8.06964e-30
10000    grainC3    4.82048e-15
10000    grainHCl    8.94384e-33
10000    grainC3H    9.34633e-16
10000    grainC2N    7.30571e-17
10000    grainC3H2    1.55260e-15
10000    grainH2CCC    2.23241e-17
10000    grainC3H3    0.00000e+00
10000    grainHCCN    0.00000e+00
10000    grainC2O    2.62960e-18
10000    grainC3H4    0.00000e+00
10000    grainCH2CN    1.09290e-19
10000    grainCH3CCH    9.88057e-16
10000    grainNaOH    0.00000e+00
10000    grainSiC    3.02753e-29
10000    grainC3H5    0.00000e+00
10000    grainCH3CN    2.61626e-13
10000    grainHC2O    0.00000e+00
10000    grainHCSi    7.64202e-29
10000    grainC3H6    0.00000e+00
10000    grainCH2CO    1.92613e-15
10000    grainNH2CN    4.66070e-13
10000    grainOCN    3.22002e-15
10000    grainSiCH2    1.31969e-33
10000    grainSiN    2.97098e-30
10000    grainC3H7    0.00000e+00
10000    grainHNCO    2.22973e-16
10000    grainHNSi    8.22908e-29
10000    grainSiCH3    4.65750e-36
10000    grainC3H8    0.00000e+00
10000    grainCH3CHO    1.94190e-13
10000    grainCO2    1.16444e-05
10000    grainCS    2.95189e-15
10000    grainN2O    3.11551e-21
10000    grainSiO    1.17149e-30
10000    grainHCS    1.40173e-17
10000    grainNH2CHO    0.00000e+00
10000    grainNHNO    0.00000e+00
10000    grainC2H5OH    5.99203e-20
10000    grainCH3OCH3    7.32682e-12
10000    grainH2CS    1.86156e-15
10000    grainH2SiO    1.22689e-36
10000    grainHCOOH    7.58002e-14
10000    grainNH2NO    0.00000e+00
10000    grainNO2    8.30301e-20
10000    grainNS    8.47029e-18
10000    grainCCl    1.54167e-38
10000    grainC4    6.88601e-17
10000    grainO3    0.00000e+00
10000    grainSO    1.20468e-15
10000    grainC4H    2.51777e-16
10000    grainC3N    3.70674e-18
10000    grainC4H2    0.00000e+00
10000    grainC4H3    4.40041e-16
10000    grainClO    0.00000e+00
10000    grainHC2NC    0.00000e+00
10000    grainHC3N    8.56420e-19
10000    grainHCNC2    0.00000e+00
10000    grainHNC3    3.56478e-21
10000    grainC3O    9.03639e-18
10000    grainC4H4    0.00000e+00
10000    grainCH2CCN    0.00000e+00
10000    grainNCCN    1.69974e-15
10000    grainSiC2    1.09044e-28
10000    grainC4H5    0.00000e+00
10000    grainCH2CHCN    7.18034e-21
10000    grainHC3O    0.00000e+00
10000    grainSiC2H    1.28332e-29
10000    grainC4H6    0.00000e+00
10000    grainH2C3O    0.00000e+00
10000    grainH4C3N    0.00000e+00
10000    grainSiC2H2    2.06868e-29
10000    grainSiNC    8.54028e-38
10000    grainH5C3N    0.00000e+00
10000    grainC2S    2.70852e-18
10000    grainFe    0.00000e+00
10000    grainFeH    0.00000e+00
10000    grainC5    1.97251e-18
10000    grainHCOOCH3    8.59004e-17
10000    grainOCS    2.76247e-18
10000    grainSiO2    2.11448e-39
10000    grainSiS    2.43724e-36
10000    grainC5H    1.02807e-18
10000    grainC4N    2.33682e-18
10000    grainC5H2    1.64140e-18
10000    grainC5H3    0.00000e+00
10000    grainCH3C4H    1.21305e-19
10000    grainS2    7.32010e-19
10000    grainSO2    1.30590e-18
10000    grainCH3C3N    1.24561e-21
10000    grainHS2    3.18136e-16
10000    grainSiC3H    1.43502e-39
10000    grainH2S2    9.13419e-17
10000    grainC3S    1.21473e-20
10000    grainC6    4.73959e-21
10000    grainC6H    1.21410e-20
10000    grainC5N    4.99945e-23
10000    grainC6H2    1.63433e-20
10000    grainC6H3    0.00000e+00
10000    grainHC5N    3.40747e-22
10000    grainC6H4    0.00000e+00
10000    grainH2C5N    0.00000e+00
10000    grainSiC4    0.00000e+00
10000    grainH3C5N    0.00000e+00
10000    grainC6H6    2.91535e-24
10000    grainC4S    2.58718e-22
10000    grainC7    4.63443e-23
10000    grainC7H    5.96252e-23
10000    grainC7H2    2.89967e-22
10000    grainC7H3    0.00000e+00
10000    grainC7H4    0.00000e+00
10000    grainCH3C6H    7.83406e-23
10000    grainCH3C5N    8.71531e-29
10000    grainC8    3.02758e-24
10000    grainC8H    3.35641e-24
10000    grainC7N    2.77288e-25
10000    grainC8H2    8.23381e-24
10000    grainC8H3    0.00000e+00
10000    grainHC7N    2.24692e-27
10000    grainC8H4    0.00000e+00
10000    grainH2C7N    0.00000e+00
10000    grainH3C7N    0.00000e+00
10000    grainC9    1.79314e-25
10000    grainC9H    1.81884e-26
10000    grainC9H2    1.23080e-25
10000    grainC9H3    0.00000e+00
10000    grainC9H4    0.00000e+00
10000    grainCH3C7N    2.49205e-32
10000    grainC10    1.94992e-27
10000    grainC9N    3.74157e-29
10000    grainHC9N    4.41240e-30
10000    grainH2C9N    0.00000e+00
10000    grainH3C9N    0.00000e+00
