time    species    pebble_col_abundance
1000    grain    4.32330e-14
1000    grainH    6.03574e-09
1000    grainH(-)    5.53637e-14
1000    grainH2    2.13083e-03
1000    grainHe    4.40855e-15
1000    grainC    6.63595e-15
1000    grainCH    4.44354e-15
1000    grainC(-)    7.40609e-27
1000    grainCH2    6.84059e-13
1000    grainCH3    8.03262e-12
1000    grainN    1.97243e-13
1000    grainNH    7.39380e-14
1000    grainCH4    3.93103e-08
1000    grainNH2    7.89158e-13
1000    grainNH3    2.84938e-08
1000    grainO    9.94307e-12
1000    grainOH    1.27930e-11
1000    grainO(-)    2.38831e-27
1000    grainH2O    2.31887e-06
1000    grainOH(-)    2.71459e-15
1000    grainNa    0.00000e+00
1000    grainC2    6.09472e-18
1000    grainMg    0.00000e+00
1000    grainNaH    0.00000e+00
1000    grainC2H    4.49702e-17
1000    grainMgH    0.00000e+00
1000    grainC2H2    9.09403e-16
1000    grainCN    4.75788e-13
1000    grainCN(-)    2.16088e-15
1000    grainMgH2    0.00000e+00
1000    grainC2H3    2.98745e-17
1000    grainHCN    6.87493e-09
1000    grainHNC    2.49829e-12
1000    grainC2H4    1.20891e-15
1000    grainCHNH    0.00000e+00
1000    grainCNH2    0.00000e+00
1000    grainCO    1.17909e-06
1000    grainH2CN    2.36608e-17
1000    grainN2    3.93028e-07
1000    grainSi    0.00000e+00
1000    grainC2H5    1.75835e-20
1000    grainCH2NH    1.49596e-17
1000    grainCH3N    0.00000e+00
1000    grainCHNH2    0.00000e+00
1000    grainHCO    2.95288e-14
1000    grainHOC    0.00000e+00
1000    grainN2H    0.00000e+00
1000    grainSiH    0.00000e+00
1000    grainC2H6    0.00000e+00
1000    grainCH2NH2    0.00000e+00
1000    grainCH3NH    0.00000e+00
1000    grainCHOH    0.00000e+00
1000    grainH2CO    4.92250e-13
1000    grainHOCH    0.00000e+00
1000    grainN2H2    0.00000e+00
1000    grainNO    4.82433e-16
1000    grainSiH2    0.00000e+00
1000    grainCH2OH    0.00000e+00
1000    grainCH3O    0.00000e+00
1000    grainCH5N    0.00000e+00
1000    grainHNO    4.24043e-16
1000    grainHON    0.00000e+00
1000    grainSiH3    0.00000e+00
1000    grainCH3OH    1.96334e-08
1000    grainNH2OH    0.00000e+00
1000    grainO2    4.10512e-14
1000    grainS    1.09476e-14
1000    grainHS    8.20589e-14
1000    grainS(-)    5.10434e-23
1000    grainSiH4    0.00000e+00
1000    grainO2H    7.08209e-19
1000    grainH2O2    8.50647e-31
1000    grainH2S    3.75248e-10
1000    grainCl    0.00000e+00
1000    grainC3    1.69915e-19
1000    grainHCl    0.00000e+00
1000    grainC3H    3.32408e-19
1000    grainC2N    2.88826e-18
1000    grainC3H2    5.46444e-19
1000    grainH2CCC    3.51477e-20
1000    grainC3H3    0.00000e+00
1000    grainHCCN    0.00000e+00
1000    grainC2O    7.72685e-21
1000    grainC3H4    0.00000e+00
1000    grainCH2CN    4.46429e-22
1000    grainCH3CCH    5.42021e-20
1000    grainNaOH    0.00000e+00
1000    grainSiC    0.00000e+00
1000    grainC3H5    0.00000e+00
1000    grainCH3CN    2.16897e-14
1000    grainHC2O    0.00000e+00
1000    grainHCSi    0.00000e+00
1000    grainC3H6    0.00000e+00
1000    grainCH2CO    1.55935e-16
1000    grainNH2CN    3.84046e-14
1000    grainOCN    2.59209e-16
1000    grainSiCH2    0.00000e+00
1000    grainSiN    0.00000e+00
1000    grainC3H7    0.00000e+00
1000    grainHNCO    1.78679e-17
1000    grainHNSi    0.00000e+00
1000    grainSiCH3    0.00000e+00
1000    grainC3H8    0.00000e+00
1000    grainCH3CHO    1.59774e-14
1000    grainCO2    9.82558e-07
1000    grainCS    2.41651e-16
1000    grainN2O    1.04353e-22
1000    grainSiO    0.00000e+00
1000    grainHCS    1.12717e-18
1000    grainNH2CHO    0.00000e+00
1000    grainNHNO    0.00000e+00
1000    grainC2H5OH    4.93061e-21
1000    grainCH3OCH3    6.09702e-13
1000    grainH2CS    1.54667e-16
1000    grainH2SiO    0.00000e+00
1000    grainHCOOH    6.31936e-15
1000    grainNH2NO    0.00000e+00
1000    grainNO2    2.77190e-21
1000    grainNS    6.82765e-19
1000    grainCCl    0.00000e+00
1000    grainC4    1.07850e-27
1000    grainO3    0.00000e+00
1000    grainSO    9.73141e-17
1000    grainC4H    3.62407e-23
1000    grainC3N    2.99540e-19
1000    grainC4H2    0.00000e+00
1000    grainC4H3    4.69273e-24
1000    grainClO    0.00000e+00
1000    grainHC2NC    0.00000e+00
1000    grainHC3N    6.41113e-20
1000    grainHCNC2    0.00000e+00
1000    grainHNC3    2.82649e-22
1000    grainC3O    7.36242e-19
1000    grainC4H4    0.00000e+00
1000    grainCH2CCN    0.00000e+00
1000    grainNCCN    1.37168e-16
1000    grainSiC2    0.00000e+00
1000    grainC4H5    0.00000e+00
1000    grainCH2CHCN    3.77950e-22
1000    grainHC3O    0.00000e+00
1000    grainSiC2H    0.00000e+00
1000    grainC4H6    0.00000e+00
1000    grainH2C3O    0.00000e+00
1000    grainH4C3N    0.00000e+00
1000    grainSiC2H2    0.00000e+00
1000    grainSiNC    0.00000e+00
1000    grainH5C3N    0.00000e+00
1000    grainC2S    1.80104e-22
1000    grainFe    0.00000e+00
1000    grainFeH    0.00000e+00
1000    grainC5    5.70870e-27
1000    grainHCOOCH3    7.00062e-18
1000    grainOCS    2.23165e-19
1000    grainSiO2    0.00000e+00
1000    grainSiS    0.00000e+00
1000    grainC5H    7.00651e-26
1000    grainC4N    4.09478e-27
1000    grainC5H2    2.39000e-25
1000    grainC5H3    0.00000e+00
1000    grainCH3C4H    1.05136e-25
1000    grainS2    5.92745e-20
1000    grainSO2    1.00963e-19
1000    grainCH3C3N    2.43828e-23
1000    grainHS2    2.66215e-17
1000    grainSiC3H    0.00000e+00
1000    grainH2S2    7.63963e-18
1000    grainC3S    8.80605e-26
1000    grainC6    3.48882e-28
1000    grainC6H    8.80599e-28
1000    grainC5N    8.46099e-29
1000    grainC6H2    9.29025e-28
1000    grainC6H3    0.00000e+00
1000    grainHC5N    2.38594e-26
1000    grainC6H4    0.00000e+00
1000    grainH2C5N    0.00000e+00
1000    grainSiC4    0.00000e+00
1000    grainH3C5N    0.00000e+00
1000    grainC6H6    2.88966e-28
1000    grainC4S    8.29463e-30
1000    grainC7    5.78748e-30
1000    grainC7H    6.80223e-32
1000    grainC7H2    8.20258e-32
1000    grainC7H3    0.00000e+00
1000    grainC7H4    0.00000e+00
1000    grainCH3C6H    6.94619e-32
1000    grainCH3C5N    1.17819e-32
1000    grainC8    1.43324e-27
1000    grainC8H    7.35559e-28
1000    grainC7N    2.11356e-33
1000    grainC8H2    1.75357e-30
1000    grainC8H3    0.00000e+00
1000    grainHC7N    8.54736e-33
1000    grainC8H4    0.00000e+00
1000    grainH2C7N    0.00000e+00
1000    grainH3C7N    0.00000e+00
1000    grainC9    3.09660e-27
1000    grainC9H    4.42938e-30
1000    grainC9H2    2.78522e-32
1000    grainC9H3    0.00000e+00
1000    grainC9H4    0.00000e+00
1000    grainCH3C7N    2.72394e-39
1000    grainC10    4.60647e-31
1000    grainC9N    1.53976e-39
1000    grainHC9N    2.78914e-39
1000    grainH2C9N    0.00000e+00
1000    grainH3C9N    0.00000e+00
