time    species    pebble_col_abundance
1000    grain    8.53379e-14
1000    grainH    9.09591e-09
1000    grainH(-)    8.81373e-14
1000    grainH2    4.20550e-03
1000    grainHe    8.70087e-15
1000    grainC    1.41922e-14
1000    grainCH    8.45209e-15
1000    grainC(-)    1.46010e-26
1000    grainCH2    1.48310e-12
1000    grainCH3    1.72612e-11
1000    grainN    4.23271e-13
1000    grainNH    1.25693e-13
1000    grainCH4    7.75932e-08
1000    grainNH2    1.69614e-12
1000    grainNH3    5.62439e-08
1000    grainO    2.14866e-11
1000    grainOH    2.58459e-11
1000    grainO(-)    4.61310e-27
1000    grainH2O    4.57722e-06
1000    grainOH(-)    5.35433e-15
1000    grainNa    0.00000e+00
1000    grainC2    1.20137e-17
1000    grainMg    0.00000e+00
1000    grainNaH    0.00000e+00
1000    grainC2H    8.85907e-17
1000    grainMgH    0.00000e+00
1000    grainC2H2    1.79358e-15
1000    grainCN    9.38490e-13
1000    grainCN(-)    4.26317e-15
1000    grainMgH2    0.00000e+00
1000    grainC2H3    5.88464e-17
1000    grainHCN    1.35705e-08
1000    grainHNC    4.92811e-12
1000    grainC2H4    2.38425e-15
1000    grainCHNH    0.00000e+00
1000    grainCNH2    0.00000e+00
1000    grainCO    2.32742e-06
1000    grainH2CN    4.66186e-17
1000    grainN2    7.75798e-07
1000    grainSi    0.00000e+00
1000    grainC2H5    3.53253e-20
1000    grainCH2NH    2.94838e-17
1000    grainCH3N    0.00000e+00
1000    grainCHNH2    0.00000e+00
1000    grainHCO    5.82322e-14
1000    grainHOC    0.00000e+00
1000    grainN2H    0.00000e+00
1000    grainSiH    0.00000e+00
1000    grainC2H6    0.00000e+00
1000    grainCH2NH2    0.00000e+00
1000    grainCH3NH    0.00000e+00
1000    grainCHOH    0.00000e+00
1000    grainH2CO    9.70869e-13
1000    grainHOCH    0.00000e+00
1000    grainN2H2    0.00000e+00
1000    grainNO    9.52064e-16
1000    grainSiH2    0.00000e+00
1000    grainCH2OH    0.00000e+00
1000    grainCH3O    0.00000e+00
1000    grainCH5N    0.00000e+00
1000    grainHNO    8.35546e-16
1000    grainHON    0.00000e+00
1000    grainSiH3    0.00000e+00
1000    grainCH3OH    3.87544e-08
1000    grainNH2OH    0.00000e+00
1000    grainO2    8.09767e-14
1000    grainS    2.36521e-14
1000    grainHS    1.59808e-13
1000    grainS(-)    1.00614e-22
1000    grainSiH4    0.00000e+00
1000    grainO2H    1.39654e-18
1000    grainH2O2    1.67445e-30
1000    grainH2S    7.40703e-10
1000    grainCl    0.00000e+00
1000    grainC3    3.32948e-19
1000    grainHCl    0.00000e+00
1000    grainC3H    6.53227e-19
1000    grainC2N    5.69345e-18
1000    grainC3H2    1.07149e-18
1000    grainH2CCC    6.91858e-20
1000    grainC3H3    0.00000e+00
1000    grainHCCN    0.00000e+00
1000    grainC2O    1.52268e-20
1000    grainC3H4    0.00000e+00
1000    grainCH2CN    8.79194e-22
1000    grainCH3CCH    1.01115e-19
1000    grainNaOH    0.00000e+00
1000    grainSiC    0.00000e+00
1000    grainC3H5    0.00000e+00
1000    grainCH3CN    4.27811e-14
1000    grainHC2O    0.00000e+00
1000    grainHCSi    0.00000e+00
1000    grainC3H6    0.00000e+00
1000    grainCH2CO    3.07598e-16
1000    grainNH2CN    7.57372e-14
1000    grainOCN    5.10744e-16
1000    grainSiCH2    0.00000e+00
1000    grainSiN    0.00000e+00
1000    grainC3H7    0.00000e+00
1000    grainHNCO    3.51978e-17
1000    grainHNSi    0.00000e+00
1000    grainSiCH3    0.00000e+00
1000    grainC3H8    0.00000e+00
1000    grainCH3CHO    3.14979e-14
1000    grainCO2    1.93947e-06
1000    grainCS    4.76701e-16
1000    grainN2O    2.05635e-22
1000    grainSiO    0.00000e+00
1000    grainHCS    2.22065e-18
1000    grainNH2CHO    0.00000e+00
1000    grainNHNO    0.00000e+00
1000    grainC2H5OH    9.76447e-21
1000    grainCH3OCH3    1.20285e-12
1000    grainH2CS    3.05069e-16
1000    grainH2SiO    0.00000e+00
1000    grainHCOOH    1.24678e-14
1000    grainNH2NO    0.00000e+00
1000    grainNO2    5.45286e-21
1000    grainNS    1.34520e-18
1000    grainCCl    0.00000e+00
1000    grainC4    2.12067e-27
1000    grainO3    0.00000e+00
1000    grainSO    1.91745e-16
1000    grainC4H    7.12989e-23
1000    grainC3N    5.90560e-19
1000    grainC4H2    0.00000e+00
1000    grainC4H3    9.24635e-24
1000    grainClO    0.00000e+00
1000    grainHC2NC    0.00000e+00
1000    grainHC3N    1.26242e-19
1000    grainHCNC2    0.00000e+00
1000    grainHNC3    5.56605e-22
1000    grainC3O    1.45268e-18
1000    grainC4H4    0.00000e+00
1000    grainCH2CCN    0.00000e+00
1000    grainNCCN    2.70256e-16
1000    grainSiC2    0.00000e+00
1000    grainC4H5    0.00000e+00
1000    grainCH2CHCN    7.44157e-22
1000    grainHC3O    0.00000e+00
1000    grainSiC2H    0.00000e+00
1000    grainC4H6    0.00000e+00
1000    grainH2C3O    0.00000e+00
1000    grainH4C3N    0.00000e+00
1000    grainSiC2H2    0.00000e+00
1000    grainSiNC    0.00000e+00
1000    grainH5C3N    0.00000e+00
1000    grainC2S    3.54833e-22
1000    grainFe    0.00000e+00
1000    grainFeH    0.00000e+00
1000    grainC5    1.11955e-26
1000    grainHCOOCH3    1.37986e-17
1000    grainOCS    4.39630e-19
1000    grainSiO2    0.00000e+00
1000    grainSiS    0.00000e+00
1000    grainC5H    1.37712e-25
1000    grainC4N    8.06187e-27
1000    grainC5H2    4.69967e-25
1000    grainC5H3    0.00000e+00
1000    grainCH3C4H    2.06814e-25
1000    grainS2    1.16801e-19
1000    grainSO2    1.98547e-19
1000    grainCH3C3N    4.80543e-23
1000    grainHS2    5.25239e-17
1000    grainSiC3H    0.00000e+00
1000    grainH2S2    1.50724e-17
1000    grainC3S    1.73231e-25
1000    grainC6    7.27714e-28
1000    grainC6H    1.83183e-27
1000    grainC5N    1.65924e-28
1000    grainC6H2    1.82284e-27
1000    grainC6H3    0.00000e+00
1000    grainHC5N    4.68326e-26
1000    grainC6H4    0.00000e+00
1000    grainH2C5N    0.00000e+00
1000    grainSiC4    0.00000e+00
1000    grainH3C5N    0.00000e+00
1000    grainC6H6    5.66919e-28
1000    grainC4S    1.63024e-29
1000    grainC7    8.76391e-30
1000    grainC7H    1.37271e-31
1000    grainC7H2    1.66487e-31
1000    grainC7H3    0.00000e+00
1000    grainC7H4    0.00000e+00
1000    grainCH3C6H    1.36307e-31
1000    grainCH3C5N    2.30820e-32
1000    grainC8    2.07066e-27
1000    grainC8H    1.10462e-27
1000    grainC7N    4.11476e-33
1000    grainC8H2    2.30127e-30
1000    grainC8H3    0.00000e+00
1000    grainHC7N    1.66767e-32
1000    grainC8H4    0.00000e+00
1000    grainH2C7N    0.00000e+00
1000    grainH3C7N    0.00000e+00
1000    grainC9    4.65979e-27
1000    grainC9H    5.96397e-30
1000    grainC9H2    3.31691e-32
1000    grainC9H3    0.00000e+00
1000    grainC9H4    0.00000e+00
1000    grainCH3C7N    5.30364e-39
1000    grainC10    9.57250e-32
1000    grainC9N    2.08255e-39
1000    grainHC9N    5.53802e-39
1000    grainH2C9N    0.00000e+00
1000    grainH3C9N    0.00000e+00
2000    grain    1.57963e-13
2000    grainH    2.64509e-08
2000    grainH(-)    2.29929e-13
2000    grainH2    7.78175e-03
2000    grainHe    1.60998e-14
2000    grainC    2.30695e-14
2000    grainCH    1.60856e-14
2000    grainC(-)    2.71010e-26
2000    grainCH2    2.36791e-12
2000    grainCH3    2.78599e-11
2000    grainN    6.84929e-13
2000    grainNH    2.73163e-13
2000    grainCH4    1.43632e-07
2000    grainNH2    2.75128e-12
2000    grainNH3    1.04110e-07
2000    grainO    3.44936e-11
2000    grainOH    4.53803e-11
2000    grainO(-)    9.35682e-27
2000    grainH2O    8.47260e-06
2000    grainOH(-)    9.93696e-15
2000    grainNa    0.00000e+00
2000    grainC2    2.23243e-17
2000    grainMg    0.00000e+00
2000    grainNaH    0.00000e+00
2000    grainC2H    1.65083e-16
2000    grainMgH    0.00000e+00
2000    grainC2H2    3.32699e-15
2000    grainCN    1.74184e-12
2000    grainCN(-)    7.90368e-15
2000    grainMgH2    0.00000e+00
2000    grainC2H3    1.09638e-16
2000    grainHCN    2.51193e-08
2000    grainHNC    9.14089e-12
2000    grainC2H4    4.42342e-15
2000    grainCHNH    0.00000e+00
2000    grainCNH2    0.00000e+00
2000    grainCO    4.30813e-06
2000    grainH2CN    8.66940e-17
2000    grainN2    1.43603e-06
2000    grainSi    0.00000e+00
2000    grainC2H5    6.58033e-20
2000    grainCH2NH    5.49461e-17
2000    grainCH3N    0.00000e+00
2000    grainCHNH2    0.00000e+00
2000    grainHCO    1.08564e-13
2000    grainHOC    0.00000e+00
2000    grainN2H    0.00000e+00
2000    grainSiH    0.00000e+00
2000    grainC2H6    0.00000e+00
2000    grainCH2NH2    0.00000e+00
2000    grainCH3NH    0.00000e+00
2000    grainCHOH    0.00000e+00
2000    grainH2CO    1.80196e-12
2000    grainHOCH    0.00000e+00
2000    grainN2H2    0.00000e+00
2000    grainNO    1.76323e-15
2000    grainSiH2    0.00000e+00
2000    grainCH2OH    0.00000e+00
2000    grainCH3O    0.00000e+00
2000    grainCH5N    0.00000e+00
2000    grainHNO    1.55435e-15
2000    grainHON    0.00000e+00
2000    grainSiH3    0.00000e+00
2000    grainCH3OH    7.17356e-08
2000    grainNH2OH    0.00000e+00
2000    grainO2    1.50205e-13
2000    grainS    3.79481e-14
2000    grainHS    3.02457e-13
2000    grainS(-)    1.87601e-22
2000    grainSiH4    0.00000e+00
2000    grainO2H    2.59149e-18
2000    grainH2O2    3.12004e-30
2000    grainH2S    1.37107e-09
2000    grainCl    0.00000e+00
2000    grainC3    6.24616e-19
2000    grainHCl    0.00000e+00
2000    grainC3H    1.21989e-18
2000    grainC2N    1.05743e-17
2000    grainC3H2    2.00744e-18
2000    grainH2CCC    1.28932e-19
2000    grainC3H3    0.00000e+00
2000    grainHCCN    0.00000e+00
2000    grainC2O    2.82975e-20
2000    grainC3H4    0.00000e+00
2000    grainCH2CN    1.63672e-21
2000    grainCH3CCH    2.01904e-19
2000    grainNaOH    0.00000e+00
2000    grainSiC    0.00000e+00
2000    grainC3H5    0.00000e+00
2000    grainCH3CN    7.93505e-14
2000    grainHC2O    0.00000e+00
2000    grainHCSi    0.00000e+00
2000    grainC3H6    0.00000e+00
2000    grainCH2CO    5.70622e-16
2000    grainNH2CN    1.40601e-13
2000    grainOCN    9.52607e-16
2000    grainSiCH2    0.00000e+00
2000    grainSiN    0.00000e+00
2000    grainC3H7    0.00000e+00
2000    grainHNCO    6.57603e-17
2000    grainHNSi    0.00000e+00
2000    grainSiCH3    0.00000e+00
2000    grainC3H8    0.00000e+00
2000    grainCH3CHO    5.85352e-14
2000    grainCO2    3.59003e-06
2000    grainCS    8.83698e-16
2000    grainN2O    3.82244e-22
2000    grainSiO    0.00000e+00
2000    grainHCS    4.13279e-18
2000    grainNH2CHO    0.00000e+00
2000    grainNHNO    0.00000e+00
2000    grainC2H5OH    1.81322e-20
2000    grainCH3OCH3    2.23012e-12
2000    grainH2CS    5.65750e-16
2000    grainH2SiO    0.00000e+00
2000    grainHCOOH    2.31114e-14
2000    grainNH2NO    0.00000e+00
2000    grainNO2    1.01831e-20
2000    grainNS    2.50204e-18
2000    grainCCl    0.00000e+00
2000    grainC4    3.96039e-27
2000    grainO3    0.00000e+00
2000    grainSO    3.56872e-16
2000    grainC4H    1.33011e-22
2000    grainC3N    1.09635e-18
2000    grainC4H2    0.00000e+00
2000    grainC4H3    1.71859e-23
2000    grainClO    0.00000e+00
2000    grainHC2NC    0.00000e+00
2000    grainHC3N    2.35114e-19
2000    grainHCNC2    0.00000e+00
2000    grainHNC3    1.03648e-21
2000    grainC3O    2.69163e-18
2000    grainC4H4    0.00000e+00
2000    grainCH2CCN    0.00000e+00
2000    grainNCCN    5.02879e-16
2000    grainSiC2    0.00000e+00
2000    grainC4H5    0.00000e+00
2000    grainCH2CHCN    1.38676e-21
2000    grainHC3O    0.00000e+00
2000    grainSiC2H    0.00000e+00
2000    grainC4H6    0.00000e+00
2000    grainH2C3O    0.00000e+00
2000    grainH4C3N    0.00000e+00
2000    grainSiC2H2    0.00000e+00
2000    grainSiNC    0.00000e+00
2000    grainH5C3N    0.00000e+00
2000    grainC2S    6.59783e-22
2000    grainFe    0.00000e+00
2000    grainFeH    0.00000e+00
2000    grainC5    2.10534e-26
2000    grainHCOOCH3    2.56472e-17
2000    grainOCS    8.18346e-19
2000    grainSiO2    0.00000e+00
2000    grainSiS    0.00000e+00
2000    grainC5H    2.57501e-25
2000    grainC4N    1.50122e-26
2000    grainC5H2    8.77759e-25
2000    grainC5H3    0.00000e+00
2000    grainCH3C4H    3.86001e-25
2000    grainS2    2.17251e-19
2000    grainSO2    3.72426e-19
2000    grainCH3C3N    8.96127e-23
2000    grainHS2    9.73262e-17
2000    grainSiC3H    0.00000e+00
2000    grainH2S2    2.79310e-17
2000    grainC3S    3.23238e-25
2000    grainC6    1.38190e-27
2000    grainC6H    3.44508e-27
2000    grainC5N    3.11928e-28
2000    grainC6H2    3.42305e-27
2000    grainC6H3    0.00000e+00
2000    grainHC5N    8.78441e-26
2000    grainC6H4    0.00000e+00
2000    grainH2C5N    0.00000e+00
2000    grainSiC4    0.00000e+00
2000    grainH3C5N    0.00000e+00
2000    grainC6H6    1.06474e-27
2000    grainC4S    3.04745e-29
2000    grainC7    2.65038e-29
2000    grainC7H    6.76523e-31
2000    grainC7H2    3.19867e-31
2000    grainC7H3    0.00000e+00
2000    grainC7H4    0.00000e+00
2000    grainCH3C6H    2.55736e-31
2000    grainCH3C5N    4.34756e-32
2000    grainC8    6.12312e-27
2000    grainC8H    3.24923e-27
2000    grainC7N    7.86435e-33
2000    grainC8H2    6.84899e-30
2000    grainC8H3    0.00000e+00
2000    grainHC7N    3.17126e-32
2000    grainC8H4    0.00000e+00
2000    grainH2C7N    0.00000e+00
2000    grainH3C7N    0.00000e+00
2000    grainC9    1.38794e-26
2000    grainC9H    1.78543e-29
2000    grainC9H2    1.00096e-31
2000    grainC9H3    0.00000e+00
2000    grainC9H4    0.00000e+00
2000    grainCH3C7N    1.01302e-38
2000    grainC10    4.36073e-30
2000    grainC9N    6.26424e-39
2000    grainHC9N    1.05636e-38
2000    grainH2C9N    0.00000e+00
2000    grainH3C9N    0.00000e+00
3000    grain    2.20961e-13
3000    grainH    4.96797e-08
3000    grainH(-)    4.07275e-13
3000    grainH2    1.08810e-02
3000    grainHe    2.25118e-14
3000    grainC    2.88113e-14
3000    grainCH    2.23334e-14
3000    grainC(-)    3.80233e-26
3000    grainCH2    2.91903e-12
3000    grainCH3    3.45978e-11
3000    grainN    8.52604e-13
3000    grainNH    4.04446e-13
3000    grainCH4    2.00920e-07
3000    grainNH2    3.44292e-12
3000    grainNH3    1.45631e-07
3000    grainO    4.27060e-11
3000    grainOH    5.98458e-11
3000    grainO(-)    1.44421e-26
3000    grainH2O    1.18516e-05
3000    grainOH(-)    1.39520e-14
3000    grainNa    0.00000e+00
3000    grainC2    3.13927e-17
3000    grainMg    0.00000e+00
3000    grainNaH    0.00000e+00
3000    grainC2H    2.33315e-16
3000    grainMgH    0.00000e+00
3000    grainC2H2    4.66505e-15
3000    grainCN    2.44566e-12
3000    grainCN(-)    1.10742e-14
3000    grainMgH2    0.00000e+00
3000    grainC2H3    1.54782e-16
3000    grainHCN    3.51372e-08
3000    grainHNC    1.28180e-11
3000    grainC2H4    6.20475e-15
3000    grainCHNH    0.00000e+00
3000    grainCNH2    0.00000e+00
3000    grainCO    6.02627e-06
3000    grainH2CN    1.21858e-16
3000    grainN2    2.00874e-06
3000    grainSi    0.00000e+00
3000    grainC2H5    9.30849e-20
3000    grainCH2NH    7.79515e-17
3000    grainCH3N    0.00000e+00
3000    grainCHNH2    0.00000e+00
3000    grainHCO    1.53797e-13
3000    grainHOC    0.00000e+00
3000    grainN2H    0.00000e+00
3000    grainSiH    0.00000e+00
3000    grainC2H6    0.00000e+00
3000    grainCH2NH2    0.00000e+00
3000    grainCH3NH    0.00000e+00
3000    grainCHOH    0.00000e+00
3000    grainH2CO    2.53016e-12
3000    grainHOCH    0.00000e+00
3000    grainN2H2    0.00000e+00
3000    grainNO    2.46813e-15
3000    grainSiH2    0.00000e+00
3000    grainCH2OH    0.00000e+00
3000    grainCH3O    0.00000e+00
3000    grainCH5N    0.00000e+00
3000    grainHNO    2.18707e-15
3000    grainHON    0.00000e+00
3000    grainSiH3    0.00000e+00
3000    grainCH3OH    1.00345e-07
3000    grainNH2OH    0.00000e+00
3000    grainO2    2.10679e-13
3000    grainS    4.69507e-14
3000    grainHS    4.30718e-13
3000    grainS(-)    2.65067e-22
3000    grainSiH4    0.00000e+00
3000    grainO2H    3.63435e-18
3000    grainH2O2    4.39371e-30
3000    grainH2S    1.91786e-09
3000    grainCl    0.00000e+00
3000    grainC3    8.84007e-19
3000    grainHCl    0.00000e+00
3000    grainC3H    1.72083e-18
3000    grainC2N    1.48463e-17
3000    grainC3H2    2.83819e-18
3000    grainH2CCC    1.81672e-19
3000    grainC3H3    0.00000e+00
3000    grainHCCN    0.00000e+00
3000    grainC2O    3.97615e-20
3000    grainC3H4    0.00000e+00
3000    grainCH2CN    2.30410e-21
3000    grainCH3CCH    2.96027e-19
3000    grainNaOH    0.00000e+00
3000    grainSiC    0.00000e+00
3000    grainC3H5    0.00000e+00
3000    grainCH3CN    1.11236e-13
3000    grainHC2O    0.00000e+00
3000    grainHCSi    0.00000e+00
3000    grainC3H6    0.00000e+00
3000    grainCH2CO    8.00496e-16
3000    grainNH2CN    1.97474e-13
3000    grainOCN    1.35033e-15
3000    grainSiCH2    0.00000e+00
3000    grainSiN    0.00000e+00
3000    grainC3H7    0.00000e+00
3000    grainHNCO    9.34780e-17
3000    grainHNSi    0.00000e+00
3000    grainSiCH3    0.00000e+00
3000    grainC3H8    0.00000e+00
3000    grainCH3CHO    8.24039e-14
3000    grainCO2    5.02178e-06
3000    grainCS    1.23805e-15
3000    grainN2O    5.37231e-22
3000    grainSiO    0.00000e+00
3000    grainHCS    5.81879e-18
3000    grainNH2CHO    0.00000e+00
3000    grainNHNO    0.00000e+00
3000    grainC2H5OH    2.54660e-20
3000    grainCH3OCH3    3.12495e-12
3000    grainH2CS    7.92972e-16
3000    grainH2SiO    0.00000e+00
3000    grainHCOOH    3.23814e-14
3000    grainNH2NO    0.00000e+00
3000    grainNO2    1.43849e-20
3000    grainNS    3.51851e-18
3000    grainCCl    0.00000e+00
3000    grainC4    5.59153e-27
3000    grainO3    0.00000e+00
3000    grainSO    5.02711e-16
3000    grainC4H    1.87634e-22
3000    grainC3N    1.53834e-18
3000    grainC4H2    0.00000e+00
3000    grainC4H3    2.41434e-23
3000    grainClO    0.00000e+00
3000    grainHC2NC    0.00000e+00
3000    grainHC3N    3.31155e-19
3000    grainHCNC2    0.00000e+00
3000    grainHNC3    1.45969e-21
3000    grainC3O    3.76905e-18
3000    grainC4H4    0.00000e+00
3000    grainCH2CCN    0.00000e+00
3000    grainNCCN    7.07782e-16
3000    grainSiC2    0.00000e+00
3000    grainC4H5    0.00000e+00
3000    grainCH2CHCN    1.95610e-21
3000    grainHC3O    0.00000e+00
3000    grainSiC2H    0.00000e+00
3000    grainC4H6    0.00000e+00
3000    grainH2C3O    0.00000e+00
3000    grainH4C3N    0.00000e+00
3000    grainSiC2H2    0.00000e+00
3000    grainSiNC    0.00000e+00
3000    grainH5C3N    0.00000e+00
3000    grainC2S    9.27606e-22
3000    grainFe    0.00000e+00
3000    grainFeH    0.00000e+00
3000    grainC5    2.99639e-26
3000    grainHCOOCH3    3.60566e-17
3000    grainOCS    1.15307e-18
3000    grainSiO2    0.00000e+00
3000    grainSiS    0.00000e+00
3000    grainC5H    3.64187e-25
3000    grainC4N    2.11275e-26
3000    grainC5H2    1.23986e-24
3000    grainC5H3    0.00000e+00
3000    grainCH3C4H    5.44936e-25
3000    grainS2    3.05599e-19
3000    grainSO2    5.32139e-19
3000    grainCH3C3N    1.26786e-22
3000    grainHS2    1.36287e-16
3000    grainSiC3H    0.00000e+00
3000    grainH2S2    3.91154e-17
3000    grainC3S    4.56123e-25
3000    grainC6    1.98792e-27
3000    grainC6H    4.90365e-27
3000    grainC5N    4.43674e-28
3000    grainC6H2    4.86463e-27
3000    grainC6H3    0.00000e+00
3000    grainHC5N    1.24631e-25
3000    grainC6H4    0.00000e+00
3000    grainH2C5N    0.00000e+00
3000    grainSiC4    0.00000e+00
3000    grainH3C5N    0.00000e+00
3000    grainC6H6    1.51346e-27
3000    grainC4S    4.30731e-29
3000    grainC7    5.06306e-29
3000    grainC7H    1.19798e-30
3000    grainC7H2    4.58997e-31
3000    grainC7H3    0.00000e+00
3000    grainC7H4    0.00000e+00
3000    grainCH3C6H    3.63047e-31
3000    grainCH3C5N    6.19439e-32
3000    grainC8    1.16877e-26
3000    grainC8H    6.13285e-27
3000    grainC7N    1.14093e-32
3000    grainC8H2    1.33035e-29
3000    grainC8H3    0.00000e+00
3000    grainHC7N    4.57189e-32
3000    grainC8H4    0.00000e+00
3000    grainH2C7N    0.00000e+00
3000    grainH3C7N    0.00000e+00
3000    grainC9    2.58789e-26
3000    grainC9H    3.42124e-29
3000    grainC9H2    1.98208e-31
3000    grainC9H3    0.00000e+00
3000    grainC9H4    0.00000e+00
3000    grainCH3C7N    1.46663e-38
3000    grainC10    8.55665e-30
3000    grainC9N    1.57769e-38
3000    grainHC9N    1.54233e-38
3000    grainH2C9N    0.00000e+00
3000    grainH3C9N    0.00000e+00
4000    grain    2.76420e-13
4000    grainH    7.72937e-08
4000    grainH(-)    6.08627e-13
4000    grainH2    1.36071e-02
4000    grainHe    2.81520e-14
4000    grainC    3.26329e-14
4000    grainCH    2.72958e-14
4000    grainC(-)    4.77289e-26
4000    grainCH2    3.27675e-12
4000    grainCH3    3.90340e-11
4000    grainN    9.63501e-13
4000    grainNH    5.12763e-13
4000    grainCH4    2.51353e-07
4000    grainNH2    3.91491e-12
4000    grainNH3    1.82183e-07
4000    grainO    4.80933e-11
4000    grainOH    7.06119e-11
4000    grainO(-)    1.99095e-26
4000    grainH2O    1.48262e-05
4000    grainOH(-)    1.75442e-14
4000    grainNa    0.00000e+00
4000    grainC2    3.95466e-17
4000    grainMg    0.00000e+00
4000    grainNaH    0.00000e+00
4000    grainC2H    2.96132e-16
4000    grainMgH    0.00000e+00
4000    grainC2H2    5.85225e-15
4000    grainCN    3.07516e-12
4000    grainCN(-)    1.38781e-14
4000    grainMgH2    0.00000e+00
4000    grainC2H3    1.96136e-16
4000    grainHCN    4.39562e-08
4000    grainHNC    1.60839e-11
4000    grainC2H4    7.78840e-15
4000    grainCHNH    0.00000e+00
4000    grainCNH2    0.00000e+00
4000    grainCO    7.53880e-06
4000    grainH2CN    1.53222e-16
4000    grainN2    2.51291e-06
4000    grainSi    0.00000e+00
4000    grainC2H5    1.18454e-19
4000    grainCH2NH    9.99289e-17
4000    grainCH3N    0.00000e+00
4000    grainCHNH2    0.00000e+00
4000    grainHCO    1.95985e-13
4000    grainHOC    0.00000e+00
4000    grainN2H    0.00000e+00
4000    grainSiH    0.00000e+00
4000    grainC2H6    0.00000e+00
4000    grainCH2NH2    0.00000e+00
4000    grainCH3NH    0.00000e+00
4000    grainCHOH    0.00000e+00
4000    grainH2CO    3.18205e-12
4000    grainHOCH    0.00000e+00
4000    grainN2H2    0.00000e+00
4000    grainNO    3.09046e-15
4000    grainSiH2    0.00000e+00
4000    grainCH2OH    0.00000e+00
4000    grainCH3O    0.00000e+00
4000    grainCH5N    0.00000e+00
4000    grainHNO    2.75586e-15
4000    grainHON    0.00000e+00
4000    grainSiH3    0.00000e+00
4000    grainCH3OH    1.25530e-07
4000    grainNH2OH    0.00000e+00
4000    grainO2    2.64461e-13
4000    grainS    5.28383e-14
4000    grainHS    5.47206e-13
4000    grainS(-)    3.35828e-22
4000    grainSiH4    0.00000e+00
4000    grainO2H    4.55869e-18
4000    grainH2O2    5.53339e-30
4000    grainH2S    2.39922e-09
4000    grainCl    0.00000e+00
4000    grainC3    1.11831e-18
4000    grainHCl    0.00000e+00
4000    grainC3H    2.17167e-18
4000    grainC2N    1.86512e-17
4000    grainC3H2    3.58748e-18
4000    grainH2CCC    2.29176e-19
4000    grainC3H3    0.00000e+00
4000    grainHCCN    0.00000e+00
4000    grainC2O    5.00054e-20
4000    grainC3H4    0.00000e+00
4000    grainCH2CN    2.90417e-21
4000    grainCH3CCH    3.82400e-19
4000    grainNaOH    0.00000e+00
4000    grainSiC    0.00000e+00
4000    grainC3H5    0.00000e+00
4000    grainCH3CN    1.39476e-13
4000    grainHC2O    0.00000e+00
4000    grainHCSi    0.00000e+00
4000    grainC3H6    0.00000e+00
4000    grainCH2CO    1.00505e-15
4000    grainNH2CN    2.48522e-13
4000    grainOCN    1.72473e-15
4000    grainSiCH2    0.00000e+00
4000    grainSiN    0.00000e+00
4000    grainC3H7    0.00000e+00
4000    grainHNCO    1.19766e-16
4000    grainHNSi    0.00000e+00
4000    grainSiCH3    0.00000e+00
4000    grainC3H8    0.00000e+00
4000    grainCH3CHO    1.04106e-13
4000    grainCO2    6.28220e-06
4000    grainCS    1.55137e-15
4000    grainN2O    6.75706e-22
4000    grainSiO    0.00000e+00
4000    grainHCS    7.33940e-18
4000    grainNH2CHO    0.00000e+00
4000    grainNHNO    0.00000e+00
4000    grainC2H5OH    3.20216e-20
4000    grainCH3OCH3    3.91668e-12
4000    grainH2CS    9.94205e-16
4000    grainH2SiO    0.00000e+00
4000    grainHCOOH    4.05858e-14
4000    grainNH2NO    0.00000e+00
4000    grainNO2    1.82002e-20
4000    grainNS    4.42823e-18
4000    grainCCl    0.00000e+00
4000    grainC4    7.06430e-27
4000    grainO3    0.00000e+00
4000    grainSO    6.34587e-16
4000    grainC4H    2.36965e-22
4000    grainC3N    1.93085e-18
4000    grainC4H2    0.00000e+00
4000    grainC4H3    3.03411e-23
4000    grainClO    0.00000e+00
4000    grainHC2NC    0.00000e+00
4000    grainHC3N    4.17589e-19
4000    grainHCNC2    0.00000e+00
4000    grainHNC3    1.84047e-21
4000    grainC3O    4.72044e-18
4000    grainC4H4    0.00000e+00
4000    grainCH2CCN    0.00000e+00
4000    grainNCCN    8.92094e-16
4000    grainSiC2    0.00000e+00
4000    grainC4H5    0.00000e+00
4000    grainCH2CHCN    2.47313e-21
4000    grainHC3O    0.00000e+00
4000    grainSiC2H    0.00000e+00
4000    grainC4H6    0.00000e+00
4000    grainH2C3O    0.00000e+00
4000    grainH4C3N    0.00000e+00
4000    grainSiC2H2    0.00000e+00
4000    grainSiNC    0.00000e+00
4000    grainH5C3N    0.00000e+00
4000    grainC2S    1.16721e-21
4000    grainFe    0.00000e+00
4000    grainFeH    0.00000e+00
4000    grainC5    3.82338e-26
4000    grainHCOOCH3    4.53981e-17
4000    grainOCS    1.45640e-18
4000    grainSiO2    0.00000e+00
4000    grainSiS    0.00000e+00
4000    grainC5H    4.61364e-25
4000    grainC4N    2.65942e-26
4000    grainC5H2    1.56851e-24
4000    grainC5H3    0.00000e+00
4000    grainCH3C4H    6.89043e-25
4000    grainS2    3.84873e-19
4000    grainSO2    6.86849e-19
4000    grainCH3C3N    1.61334e-22
4000    grainHS2    1.70681e-16
4000    grainSiC3H    0.00000e+00
4000    grainH2S2    4.89921e-17
4000    grainC3S    5.76291e-25
4000    grainC6    2.58002e-27
4000    grainC6H    6.26391e-27
4000    grainC5N    5.65470e-28
4000    grainC6H2    6.20010e-27
4000    grainC6H3    0.00000e+00
4000    grainHC5N    1.58385e-25
4000    grainC6H4    0.00000e+00
4000    grainH2C5N    0.00000e+00
4000    grainSiC4    0.00000e+00
4000    grainH3C5N    0.00000e+00
4000    grainC6H6    1.92955e-27
4000    grainC4S    5.44946e-29
4000    grainC7    9.18855e-29
4000    grainC7H    1.68530e-30
4000    grainC7H2    5.86270e-31
4000    grainC7H3    0.00000e+00
4000    grainC7H4    0.00000e+00
4000    grainCH3C6H    4.61946e-31
4000    grainCH3C5N    7.90540e-32
4000    grainC8    2.12529e-26
4000    grainC8H    1.09132e-26
4000    grainC7N    1.49290e-32
4000    grainC8H2    2.47409e-29
4000    grainC8H3    0.00000e+00
4000    grainHC7N    5.93021e-32
4000    grainC8H4    0.00000e+00
4000    grainH2C7N    0.00000e+00
4000    grainH3C7N    0.00000e+00
4000    grainC9    4.50960e-26
4000    grainC9H    6.17389e-29
4000    grainC9H2    3.74483e-31
4000    grainC9H3    0.00000e+00
4000    grainC9H4    0.00000e+00
4000    grainCH3C7N    1.90867e-38
4000    grainC10    1.14378e-29
4000    grainC9N    3.51113e-38
4000    grainHC9N    2.07086e-38
4000    grainH2C9N    0.00000e+00
4000    grainH3C9N    0.00000e+00
5000    grain    3.25825e-13
5000    grainH    1.08276e-07
5000    grainH(-)    8.26232e-13
5000    grainH2    1.60342e-02
5000    grainHe    3.31737e-14
5000    grainC    3.52281e-14
5000    grainCH    3.12155e-14
5000    grainC(-)    5.64793e-26
5000    grainCH2    3.51635e-12
5000    grainCH3    4.20378e-11
5000    grainN    1.03853e-12
5000    grainNH    6.00283e-13
5000    grainCH4    2.96282e-07
5000    grainNH2    4.24690e-12
5000    grainNH3    2.14745e-07
5000    grainO    5.17304e-11
5000    grainOH    7.87356e-11
5000    grainO(-)    2.57498e-26
5000    grainH2O    1.74761e-05
5000    grainOH(-)    2.08197e-14
5000    grainNa    0.00000e+00
5000    grainC2    4.70244e-17
5000    grainMg    0.00000e+00
5000    grainNaH    0.00000e+00
5000    grainC2H    3.55609e-16
5000    grainMgH    0.00000e+00
5000    grainC2H2    6.92062e-15
5000    grainCN    3.64886e-12
5000    grainCN(-)    1.63889e-14
5000    grainMgH2    0.00000e+00
5000    grainC2H3    2.35164e-16
5000    grainHCN    5.18125e-08
5000    grainHNC    1.90296e-11
5000    grainC2H4    9.21772e-15
5000    grainCHNH    0.00000e+00
5000    grainCNH2    0.00000e+00
5000    grainCO    8.88622e-06
5000    grainH2CN    1.81583e-16
5000    grainN2    2.96204e-06
5000    grainSi    0.00000e+00
5000    grainC2H5    1.42891e-19
5000    grainCH2NH    1.22118e-16
5000    grainCH3N    0.00000e+00
5000    grainCHNH2    0.00000e+00
5000    grainHCO    2.36612e-13
5000    grainHOC    0.00000e+00
5000    grainN2H    0.00000e+00
5000    grainSiH    0.00000e+00
5000    grainC2H6    0.00000e+00
5000    grainCH2NH2    0.00000e+00
5000    grainCH3NH    0.00000e+00
5000    grainCHOH    0.00000e+00
5000    grainH2CO    3.77752e-12
5000    grainHOCH    0.00000e+00
5000    grainN2H2    0.00000e+00
5000    grainNO    3.64721e-15
5000    grainSiH2    0.00000e+00
5000    grainCH2OH    0.00000e+00
5000    grainCH3O    0.00000e+00
5000    grainCH5N    0.00000e+00
5000    grainHNO    3.27754e-15
5000    grainHON    0.00000e+00
5000    grainSiH3    0.00000e+00
5000    grainCH3OH    1.47965e-07
5000    grainNH2OH    0.00000e+00
5000    grainO2    3.13027e-13
5000    grainS    5.67987e-14
5000    grainHS    6.54250e-13
5000    grainS(-)    4.01902e-22
5000    grainSiH4    0.00000e+00
5000    grainO2H    5.38848e-18
5000    grainH2O2    6.56579e-30
5000    grainH2S    2.82804e-09
5000    grainCl    0.00000e+00
5000    grainC3    1.33353e-18
5000    grainHCl    0.00000e+00
5000    grainC3H    2.58479e-18
5000    grainC2N    2.20930e-17
5000    grainC3H2    4.27486e-18
5000    grainH2CCC    2.72817e-19
5000    grainC3H3    0.00000e+00
5000    grainHCCN    0.00000e+00
5000    grainC2O    5.93149e-20
5000    grainC3H4    0.00000e+00
5000    grainCH2CN    3.45456e-21
5000    grainCH3CCH    4.61675e-19
5000    grainNaOH    0.00000e+00
5000    grainSiC    0.00000e+00
5000    grainC3H5    0.00000e+00
5000    grainCH3CN    1.64815e-13
5000    grainHC2O    0.00000e+00
5000    grainHCSi    0.00000e+00
5000    grainC3H6    0.00000e+00
5000    grainCH2CO    1.18988e-15
5000    grainNH2CN    2.95448e-13
5000    grainOCN    2.09254e-15
5000    grainSiCH2    0.00000e+00
5000    grainSiN    0.00000e+00
5000    grainC3H7    0.00000e+00
5000    grainHNCO    1.45700e-16
5000    grainHNSi    0.00000e+00
5000    grainSiCH3    0.00000e+00
5000    grainC3H8    0.00000e+00
5000    grainCH3CHO    1.24431e-13
5000    grainCO2    7.40502e-06
5000    grainCS    1.83194e-15
5000    grainN2O    8.01361e-22
5000    grainSiO    0.00000e+00
5000    grainHCS    8.74165e-18
5000    grainNH2CHO    0.00000e+00
5000    grainNHNO    0.00000e+00
5000    grainC2H5OH    3.79873e-20
5000    grainCH3OCH3    4.62631e-12
5000    grainH2CS    1.17482e-15
5000    grainH2SiO    0.00000e+00
5000    grainHCOOH    4.79457e-14
5000    grainNH2NO    0.00000e+00
5000    grainNO2    2.17398e-20
5000    grainNS    5.25622e-18
5000    grainCCl    0.00000e+00
5000    grainC4    8.41572e-27
5000    grainO3    0.00000e+00
5000    grainSO    7.56513e-16
5000    grainC4H    2.82388e-22
5000    grainC3N    2.28421e-18
5000    grainC4H2    0.00000e+00
5000    grainC4H3    3.59396e-23
5000    grainClO    0.00000e+00
5000    grainHC2NC    0.00000e+00
5000    grainHC3N    4.96816e-19
5000    grainHCNC2    0.00000e+00
5000    grainHNC3    2.18937e-21
5000    grainC3O    5.57120e-18
5000    grainC4H4    0.00000e+00
5000    grainCH2CCN    0.00000e+00
5000    grainNCCN    1.06117e-15
5000    grainSiC2    0.00000e+00
5000    grainC4H5    0.00000e+00
5000    grainCH2CHCN    2.95383e-21
5000    grainHC3O    0.00000e+00
5000    grainSiC2H    0.00000e+00
5000    grainC4H6    0.00000e+00
5000    grainH2C3O    0.00000e+00
5000    grainH4C3N    0.00000e+00
5000    grainSiC2H2    0.00000e+00
5000    grainSiNC    0.00000e+00
5000    grainH5C3N    0.00000e+00
5000    grainC2S    1.38513e-21
5000    grainFe    0.00000e+00
5000    grainFeH    0.00000e+00
5000    grainC5    4.61216e-26
5000    grainHCOOCH3    5.39543e-17
5000    grainOCS    1.73803e-18
5000    grainSiO2    0.00000e+00
5000    grainSiS    0.00000e+00
5000    grainC5H    5.51918e-25
5000    grainC4N    3.15452e-26
5000    grainC5H2    1.87345e-24
5000    grainC5H3    0.00000e+00
5000    grainCH3C4H    8.22594e-25
5000    grainS2    4.57342e-19
5000    grainSO2    8.44091e-19
5000    grainCH3C3N    1.94745e-22
5000    grainHS2    2.01416e-16
5000    grainSiC3H    0.00000e+00
5000    grainH2S2    5.78224e-17
5000    grainC3S    6.87131e-25
5000    grainC6    3.16389e-27
5000    grainC6H    7.56994e-27
5000    grainC5N    6.80857e-28
5000    grainC6H2    7.47605e-27
5000    grainC6H3    0.00000e+00
5000    grainHC5N    1.90068e-25
5000    grainC6H4    0.00000e+00
5000    grainH2C5N    0.00000e+00
5000    grainSiC4    0.00000e+00
5000    grainH3C5N    0.00000e+00
5000    grainC6H6    2.32775e-27
5000    grainC4S    6.50410e-29
5000    grainC7    1.38008e-28
5000    grainC7H    2.17343e-30
5000    grainC7H2    7.07931e-31
5000    grainC7H3    0.00000e+00
5000    grainC7H4    0.00000e+00
5000    grainCH3C6H    5.55533e-31
5000    grainCH3C5N    9.52614e-32
5000    grainC8    3.19362e-26
5000    grainC8H    1.62347e-26
5000    grainC7N    1.86208e-32
5000    grainC8H2    3.75495e-29
5000    grainC8H3    0.00000e+00
5000    grainHC7N    7.30831e-32
5000    grainC8H4    0.00000e+00
5000    grainH2C7N    0.00000e+00
5000    grainH3C7N    0.00000e+00
5000    grainC9    6.63026e-26
5000    grainC9H    9.24222e-29
5000    grainC9H2    5.71909e-31
5000    grainC9H3    0.00000e+00
5000    grainC9H4    0.00000e+00
5000    grainCH3C7N    2.35622e-38
5000    grainC10    1.40862e-29
5000    grainC9N    5.75603e-38
5000    grainHC9N    2.68930e-38
5000    grainH2C9N    0.00000e+00
5000    grainH3C9N    0.00000e+00
6000    grain    3.70270e-13
6000    grainH    1.41899e-07
6000    grainH(-)    1.05471e-12
6000    grainH2    1.82170e-02
6000    grainHe    3.76903e-14
6000    grainC    3.70127e-14
6000    grainCH    3.43138e-14
6000    grainC(-)    6.44695e-26
6000    grainCH2    3.68029e-12
6000    grainCH3    4.41122e-11
6000    grainN    1.09002e-12
6000    grainNH    6.70578e-13
6000    grainCH4    3.36702e-07
6000    grainNH2    4.48610e-12
6000    grainNH3    2.44038e-07
6000    grainO    5.42349e-11
6000    grainOH    8.49502e-11
6000    grainO(-)    3.19408e-26
6000    grainH2O    1.98600e-05
6000    grainOH(-)    2.38581e-14
6000    grainNa    0.00000e+00
6000    grainC2    5.40023e-17
6000    grainMg    0.00000e+00
6000    grainNaH    0.00000e+00
6000    grainC2H    4.13254e-16
6000    grainMgH    0.00000e+00
6000    grainC2H2    7.89391e-15
6000    grainCN    4.18064e-12
6000    grainCN(-)    1.86609e-14
6000    grainMgH2    0.00000e+00
6000    grainC2H3    2.73009e-16
6000    grainHCN    5.88800e-08
6000    grainHNC    2.17235e-11
6000    grainC2H4    1.05248e-14
6000    grainCHNH    0.00000e+00
6000    grainCNH2    0.00000e+00
6000    grainCO    1.00984e-05
6000    grainH2CN    2.07537e-16
6000    grainN2    3.36609e-06
6000    grainSi    0.00000e+00
6000    grainC2H5    1.67143e-19
6000    grainCH2NH    1.45544e-16
6000    grainCH3N    0.00000e+00
6000    grainCHNH2    0.00000e+00
6000    grainHCO    2.76748e-13
6000    grainHOC    0.00000e+00
6000    grainN2H    0.00000e+00
6000    grainSiH    0.00000e+00
6000    grainC2H6    0.00000e+00
6000    grainCH2NH2    0.00000e+00
6000    grainCH3NH    0.00000e+00
6000    grainCHOH    0.00000e+00
6000    grainH2CO    4.33168e-12
6000    grainHOCH    0.00000e+00
6000    grainN2H2    0.00000e+00
6000    grainNO    4.15098e-15
6000    grainSiH2    0.00000e+00
6000    grainCH2OH    0.00000e+00
6000    grainCH3O    0.00000e+00
6000    grainCH5N    0.00000e+00
6000    grainHNO    3.76516e-15
6000    grainHON    0.00000e+00
6000    grainSiH3    0.00000e+00
6000    grainCH3OH    1.68148e-07
6000    grainNH2OH    0.00000e+00
6000    grainO2    3.57474e-13
6000    grainS    5.95131e-14
6000    grainHS    7.53809e-13
6000    grainS(-)    4.64770e-22
6000    grainSiH4    0.00000e+00
6000    grainO2H    6.14146e-18
6000    grainH2O2    7.51042e-30
6000    grainH2S    3.21380e-09
6000    grainCl    0.00000e+00
6000    grainC3    1.53464e-18
6000    grainHCl    0.00000e+00
6000    grainC3H    2.97009e-18
6000    grainC2N    2.52501e-17
6000    grainC3H2    4.91629e-18
6000    grainH2CCC    3.13675e-19
6000    grainC3H3    0.00000e+00
6000    grainHCCN    0.00000e+00
6000    grainC2O    6.79063e-20
6000    grainC3H4    0.00000e+00
6000    grainCH2CN    3.96910e-21
6000    grainCH3CCH    5.34962e-19
6000    grainNaOH    0.00000e+00
6000    grainSiC    0.00000e+00
6000    grainC3H5    0.00000e+00
6000    grainCH3CN    1.87806e-13
6000    grainHC2O    0.00000e+00
6000    grainHCSi    0.00000e+00
6000    grainC3H6    0.00000e+00
6000    grainCH2CO    1.35909e-15
6000    grainNH2CN    3.39597e-13
6000    grainOCN    2.46660e-15
6000    grainSiCH2    0.00000e+00
6000    grainSiN    0.00000e+00
6000    grainC3H7    0.00000e+00
6000    grainHNCO    1.72088e-16
6000    grainHNSi    0.00000e+00
6000    grainSiCH3    0.00000e+00
6000    grainC3H8    0.00000e+00
6000    grainCH3CHO    1.43996e-13
6000    grainCO2    8.41512e-06
6000    grainCS    2.08592e-15
6000    grainN2O    9.16942e-22
6000    grainSiO    0.00000e+00
6000    grainHCS    1.00624e-17
6000    grainNH2CHO    0.00000e+00
6000    grainNHNO    0.00000e+00
6000    grainC2H5OH    4.35059e-20
6000    grainCH3OCH3    5.26942e-12
6000    grainH2CS    1.33882e-15
6000    grainH2SiO    0.00000e+00
6000    grainHCOOH    5.46249e-14
6000    grainNH2NO    0.00000e+00
6000    grainNO2    2.50908e-20
6000    grainNS    6.02151e-18
6000    grainCCl    0.00000e+00
6000    grainC4    9.67388e-27
6000    grainO3    0.00000e+00
6000    grainSO    8.71545e-16
6000    grainC4H    3.24989e-22
6000    grainC3N    2.60610e-18
6000    grainC4H2    0.00000e+00
6000    grainC4H3    4.10586e-23
6000    grainClO    0.00000e+00
6000    grainHC2NC    0.00000e+00
6000    grainHC3N    5.70658e-19
6000    grainHCNC2    0.00000e+00
6000    grainHNC3    2.51438e-21
6000    grainC3O    6.34015e-18
6000    grainC4H4    0.00000e+00
6000    grainCH2CCN    0.00000e+00
6000    grainNCCN    1.21907e-15
6000    grainSiC2    0.00000e+00
6000    grainC4H5    0.00000e+00
6000    grainCH2CHCN    3.41046e-21
6000    grainHC3O    0.00000e+00
6000    grainSiC2H    0.00000e+00
6000    grainC4H6    0.00000e+00
6000    grainH2C3O    0.00000e+00
6000    grainH4C3N    0.00000e+00
6000    grainSiC2H2    0.00000e+00
6000    grainSiNC    0.00000e+00
6000    grainH5C3N    0.00000e+00
6000    grainC2S    1.58628e-21
6000    grainFe    0.00000e+00
6000    grainFeH    0.00000e+00
6000    grainC5    5.38432e-26
6000    grainHCOOCH3    6.19440e-17
6000    grainOCS    2.00544e-18
6000    grainSiO2    0.00000e+00
6000    grainSiS    0.00000e+00
6000    grainC5H    6.38177e-25
6000    grainC4N    3.60785e-26
6000    grainC5H2    2.16254e-24
6000    grainC5H3    0.00000e+00
6000    grainCH3C4H    9.48988e-25
6000    grainS2    5.24744e-19
6000    grainSO2    1.00982e-18
6000    grainCH3C3N    2.28239e-22
6000    grainHS2    2.29163e-16
6000    grainSiC3H    0.00000e+00
6000    grainH2S2    6.57996e-17
6000    grainC3S    7.91301e-25
6000    grainC6    3.73657e-27
6000    grainC6H    8.85772e-27
6000    grainC5N    7.92746e-28
6000    grainC6H2    8.73265e-27
6000    grainC6H3    0.00000e+00
6000    grainHC5N    2.20460e-25
6000    grainC6H4    0.00000e+00
6000    grainH2C5N    0.00000e+00
6000    grainSiC4    0.00000e+00
6000    grainH3C5N    0.00000e+00
6000    grainC6H6    2.72079e-27
6000    grainC4S    7.49472e-29
6000    grainC7    1.79298e-28
6000    grainC7H    2.72352e-30
6000    grainC7H2    8.29002e-31
6000    grainC7H3    0.00000e+00
6000    grainC7H4    0.00000e+00
6000    grainCH3C6H    6.46357e-31
6000    grainCH3C5N    1.10931e-31
6000    grainC8    4.14816e-26
6000    grainC8H    2.09623e-26
6000    grainC7N    2.26743e-32
6000    grainC8H2    4.91594e-29
6000    grainC8H3    0.00000e+00
6000    grainHC7N    8.76378e-32
6000    grainC8H4    0.00000e+00
6000    grainH2C7N    0.00000e+00
6000    grainH3C7N    0.00000e+00
6000    grainC9    8.50871e-26
6000    grainC9H    1.19912e-28
6000    grainC9H2    7.53026e-31
6000    grainC9H3    0.00000e+00
6000    grainC9H4    0.00000e+00
6000    grainCH3C7N    2.82455e-38
6000    grainC10    1.77359e-29
6000    grainC9N    8.45543e-38
6000    grainHC9N    3.42760e-38
6000    grainH2C9N    0.00000e+00
6000    grainH3C9N    0.00000e+00
7000    grain    4.10584e-13
7000    grainH    1.77622e-07
7000    grainH(-)    1.29023e-12
7000    grainH2    2.01970e-02
7000    grainHe    4.17874e-14
7000    grainC    3.82481e-14
7000    grainCH    3.67630e-14
7000    grainC(-)    7.18476e-26
7000    grainCH2    3.79398e-12
7000    grainCH3    4.55630e-11
7000    grainN    1.12565e-12
7000    grainNH    7.26786e-13
7000    grainCH4    3.73366e-07
7000    grainNH2    4.66187e-12
7000    grainNH3    2.70609e-07
7000    grainO    5.59823e-11
7000    grainOH    8.97549e-11
7000    grainO(-)    3.84585e-26
7000    grainH2O    2.20223e-05
7000    grainOH(-)    2.67193e-14
7000    grainNa    0.00000e+00
7000    grainC2    6.06123e-17
7000    grainMg    0.00000e+00
7000    grainNaH    0.00000e+00
7000    grainC2H    4.70168e-16
7000    grainMgH    0.00000e+00
7000    grainC2H2    8.79016e-15
7000    grainCN    4.68097e-12
7000    grainCN(-)    2.07351e-14
7000    grainMgH2    0.00000e+00
7000    grainC2H3    3.10559e-16
7000    grainHCN    6.52905e-08
7000    grainHNC    2.42175e-11
7000    grainC2H4    1.17340e-14
7000    grainCHNH    0.00000e+00
7000    grainCNH2    0.00000e+00
7000    grainCO    1.11979e-05
7000    grainH2CN    2.31537e-16
7000    grainN2    3.73258e-06
7000    grainSi    0.00000e+00
7000    grainC2H5    1.91770e-19
7000    grainCH2NH    1.71025e-16
7000    grainCH3N    0.00000e+00
7000    grainCHNH2    0.00000e+00
7000    grainHCO    3.17170e-13
7000    grainHOC    0.00000e+00
7000    grainN2H    0.00000e+00
7000    grainSiH    0.00000e+00
7000    grainC2H6    0.00000e+00
7000    grainCH2NH2    0.00000e+00
7000    grainCH3NH    0.00000e+00
7000    grainCHOH    0.00000e+00
7000    grainH2CO    4.85611e-12
7000    grainHOCH    0.00000e+00
7000    grainN2H2    0.00000e+00
7000    grainNO    4.61131e-15
7000    grainSiH2    0.00000e+00
7000    grainCH2OH    0.00000e+00
7000    grainCH3O    0.00000e+00
7000    grainCH5N    0.00000e+00
7000    grainHNO    4.22882e-15
7000    grainHON    0.00000e+00
7000    grainSiH3    0.00000e+00
7000    grainCH3OH    1.86455e-07
7000    grainNH2OH    0.00000e+00
7000    grainO2    3.98628e-13
7000    grainS    6.13955e-14
7000    grainHS    8.47480e-13
7000    grainS(-)    5.25535e-22
7000    grainSiH4    0.00000e+00
7000    grainO2H    6.83113e-18
7000    grainH2O2    8.38199e-30
7000    grainH2S    3.56370e-09
7000    grainCl    0.00000e+00
7000    grainC3    1.72566e-18
7000    grainHCl    0.00000e+00
7000    grainC3H    3.33542e-18
7000    grainC2N    2.81828e-17
7000    grainC3H2    5.52459e-18
7000    grainH2CCC    3.52601e-19
7000    grainC3H3    0.00000e+00
7000    grainHCCN    0.00000e+00
7000    grainC2O    7.59456e-20
7000    grainC3H4    0.00000e+00
7000    grainCH2CN    4.45867e-21
7000    grainCH3CCH    6.03374e-19
7000    grainNaOH    0.00000e+00
7000    grainSiC    0.00000e+00
7000    grainC3H5    0.00000e+00
7000    grainCH3CN    2.08867e-13
7000    grainHC2O    0.00000e+00
7000    grainHCSi    0.00000e+00
7000    grainC3H6    0.00000e+00
7000    grainCH2CO    1.51578e-15
7000    grainNH2CN    3.82031e-13
7000    grainOCN    2.85652e-15
7000    grainSiCH2    0.00000e+00
7000    grainSiN    0.00000e+00
7000    grainC3H7    0.00000e+00
7000    grainHNCO    1.99535e-16
7000    grainHNSi    0.00000e+00
7000    grainSiCH3    0.00000e+00
7000    grainC3H8    0.00000e+00
7000    grainCH3CHO    1.63281e-13
7000    grainCO2    9.33133e-06
7000    grainCS    2.31798e-15
7000    grainN2O    1.02454e-21
7000    grainSiO    0.00000e+00
7000    grainHCS    1.13304e-17
7000    grainNH2CHO    0.00000e+00
7000    grainNHNO    0.00000e+00
7000    grainC2H5OH    4.86863e-20
7000    grainCH3OCH3    5.85783e-12
7000    grainH2CS    1.48924e-15
7000    grainH2SiO    0.00000e+00
7000    grainHCOOH    6.07480e-14
7000    grainNH2NO    0.00000e+00
7000    grainNO2    2.83212e-20
7000    grainNS    6.73881e-18
7000    grainCCl    0.00000e+00
7000    grainC4    1.08603e-26
7000    grainO3    0.00000e+00
7000    grainSO    9.82024e-16
7000    grainC4H    3.65618e-22
7000    grainC3N    2.90234e-18
7000    grainC4H2    0.00000e+00
7000    grainC4H3    4.57889e-23
7000    grainClO    0.00000e+00
7000    grainHC2NC    0.00000e+00
7000    grainHC3N    6.40511e-19
7000    grainHCNC2    0.00000e+00
7000    grainHNC3    2.82163e-21
7000    grainC3O    7.04155e-18
7000    grainC4H4    0.00000e+00
7000    grainCH2CCN    0.00000e+00
7000    grainNCCN    1.36893e-15
7000    grainSiC2    0.00000e+00
7000    grainC4H5    0.00000e+00
7000    grainCH2CHCN    3.85240e-21
7000    grainHC3O    0.00000e+00
7000    grainSiC2H    0.00000e+00
7000    grainC4H6    0.00000e+00
7000    grainH2C3O    0.00000e+00
7000    grainH4C3N    0.00000e+00
7000    grainSiC2H2    0.00000e+00
7000    grainSiNC    0.00000e+00
7000    grainH5C3N    0.00000e+00
7000    grainC2S    1.77442e-21
7000    grainFe    0.00000e+00
7000    grainFeH    0.00000e+00
7000    grainC5    6.15739e-26
7000    grainHCOOCH3    6.95371e-17
7000    grainOCS    2.26445e-18
7000    grainSiO2    0.00000e+00
7000    grainSiS    0.00000e+00
7000    grainC5H    7.21991e-25
7000    grainC4N    4.02683e-26
7000    grainC5H2    2.44195e-24
7000    grainC5H3    0.00000e+00
7000    grainCH3C4H    1.07090e-24
7000    grainS2    5.88421e-19
7000    grainSO2    1.18864e-18
7000    grainCH3C3N    2.62787e-22
7000    grainHS2    2.54431e-16
7000    grainSiC3H    0.00000e+00
7000    grainH2S2    7.30701e-17
7000    grainC3S    8.90888e-25
7000    grainC6    4.30800e-27
7000    grainC6H    1.01600e-26
7000    grainC5N    9.03461e-28
7000    grainC6H2    1.00027e-26
7000    grainC6H3    0.00000e+00
7000    grainHC5N    2.50180e-25
7000    grainC6H4    0.00000e+00
7000    grainH2C5N    0.00000e+00
7000    grainSiC4    0.00000e+00
7000    grainH3C5N    0.00000e+00
7000    grainC6H6    3.11911e-27
7000    grainC4S    8.43955e-29
7000    grainC7    2.12996e-28
7000    grainC7H    3.43463e-30
7000    grainC7H2    9.54150e-31
7000    grainC7H3    0.00000e+00
7000    grainC7H4    0.00000e+00
7000    grainCH3C6H    7.36416e-31
7000    grainCH3C5N    1.26349e-31
7000    grainC8    4.91660e-26
7000    grainC8H    2.47856e-26
7000    grainC7N    2.72523e-32
7000    grainC8H2    5.85414e-29
7000    grainC8H3    0.00000e+00
7000    grainHC7N    1.03450e-31
7000    grainC8H4    0.00000e+00
7000    grainH2C7N    0.00000e+00
7000    grainH3C7N    0.00000e+00
7000    grainC9    1.00385e-25
7000    grainC9H    1.42228e-28
7000    grainC9H2    8.99428e-31
7000    grainC9H3    0.00000e+00
7000    grainC9H4    0.00000e+00
7000    grainCH3C7N    3.32604e-38
7000    grainC10    2.53983e-29
7000    grainC9N    1.28190e-37
7000    grainHC9N    4.31441e-38
7000    grainH2C9N    0.00000e+00
7000    grainH3C9N    0.00000e+00
8000    grain    4.47408e-13
8000    grainH    2.15034e-07
8000    grainH(-)    1.53000e-12
8000    grainH2    2.20062e-02
8000    grainHe    4.55314e-14
8000    grainC    3.91058e-14
8000    grainCH    3.86955e-14
8000    grainC(-)    7.87280e-26
8000    grainCH2    3.87349e-12
8000    grainCH3    4.65850e-11
8000    grainN    1.15041e-12
8000    grainNH    7.71447e-13
8000    grainCH4    4.06856e-07
8000    grainNH2    4.79306e-12
8000    grainNH3    2.94879e-07
8000    grainO    5.72128e-11
8000    grainOH    9.34969e-11
8000    grainO(-)    4.52802e-26
8000    grainH2O    2.39975e-05
8000    grainOH(-)    2.94496e-14
8000    grainNa    0.00000e+00
8000    grainC2    6.69546e-17
8000    grainMg    0.00000e+00
8000    grainNaH    0.00000e+00
8000    grainC2H    5.27159e-16
8000    grainMgH    0.00000e+00
8000    grainC2H2    9.62329e-15
8000    grainCN    5.15790e-12
8000    grainCN(-)    2.26435e-14
8000    grainMgH2    0.00000e+00
8000    grainC2H3    3.48490e-16
8000    grainHCN    7.11460e-08
8000    grainHNC    2.65519e-11
8000    grainC2H4    1.28639e-14
8000    grainCHNH    0.00000e+00
8000    grainCNH2    0.00000e+00
8000    grainCO    1.22022e-05
8000    grainH2CN    2.53931e-16
8000    grainN2    4.06734e-06
8000    grainSi    0.00000e+00
8000    grainC2H5    2.17189e-19
8000    grainCH2NH    1.99194e-16
8000    grainCH3N    0.00000e+00
8000    grainCHNH2    0.00000e+00
8000    grainHCO    3.58443e-13
8000    grainHOC    0.00000e+00
8000    grainN2H    0.00000e+00
8000    grainSiH    0.00000e+00
8000    grainC2H6    0.00000e+00
8000    grainCH2NH2    0.00000e+00
8000    grainCH3NH    0.00000e+00
8000    grainCHOH    0.00000e+00
8000    grainH2CO    5.35970e-12
8000    grainHOCH    0.00000e+00
8000    grainN2H2    0.00000e+00
8000    grainNO    5.03562e-15
8000    grainSiH2    0.00000e+00
8000    grainCH2OH    0.00000e+00
8000    grainCH3O    0.00000e+00
8000    grainCH5N    0.00000e+00
8000    grainHNO    4.67634e-15
8000    grainHON    0.00000e+00
8000    grainSiH3    0.00000e+00
8000    grainCH3OH    2.03177e-07
8000    grainNH2OH    0.00000e+00
8000    grainO2    4.37127e-13
8000    grainS    6.27104e-14
8000    grainHS    9.36550e-13
8000    grainS(-)    5.85024e-22
8000    grainSiH4    0.00000e+00
8000    grainO2H    7.46792e-18
8000    grainH2O2    9.19179e-30
8000    grainH2S    3.88331e-09
8000    grainCl    0.00000e+00
8000    grainC3    1.90979e-18
8000    grainHCl    0.00000e+00
8000    grainC3H    3.68695e-18
8000    grainC2N    3.09378e-17
8000    grainC3H2    6.10997e-18
8000    grainH2CCC    3.90260e-19
8000    grainC3H3    0.00000e+00
8000    grainHCCN    0.00000e+00
8000    grainC2O    8.35616e-20
8000    grainC3H4    0.00000e+00
8000    grainCH2CN    4.93171e-21
8000    grainCH3CCH    6.67885e-19
8000    grainNaOH    0.00000e+00
8000    grainSiC    0.00000e+00
8000    grainC3H5    0.00000e+00
8000    grainCH3CN    2.28325e-13
8000    grainHC2O    0.00000e+00
8000    grainHCSi    0.00000e+00
8000    grainC3H6    0.00000e+00
8000    grainCH2CO    1.66233e-15
8000    grainNH2CN    4.23580e-13
8000    grainOCN    3.26930e-15
8000    grainSiCH2    0.00000e+00
8000    grainSiN    0.00000e+00
8000    grainC3H7    0.00000e+00
8000    grainHNCO    2.28491e-16
8000    grainHNSi    0.00000e+00
8000    grainSiCH3    0.00000e+00
8000    grainC3H8    0.00000e+00
8000    grainCH3CHO    1.82655e-13
8000    grainCO2    1.01682e-05
8000    grainCS    2.53172e-15
8000    grainN2O    1.12577e-21
8000    grainSiO    0.00000e+00
8000    grainHCS    1.25682e-17
8000    grainNH2CHO    0.00000e+00
8000    grainNHNO    0.00000e+00
8000    grainC2H5OH    5.36125e-20
8000    grainCH3OCH3    6.40072e-12
8000    grainH2CS    1.62843e-15
8000    grainH2SiO    0.00000e+00
8000    grainHCOOH    6.64112e-14
8000    grainNH2NO    0.00000e+00
8000    grainNO2    3.14831e-20
8000    grainNS    7.41954e-18
8000    grainCCl    0.00000e+00
8000    grainC4    1.19916e-26
8000    grainO3    0.00000e+00
8000    grainSO    1.08974e-15
8000    grainC4H    4.04936e-22
8000    grainC3N    3.17746e-18
8000    grainC4H2    0.00000e+00
8000    grainC4H3    5.02009e-23
8000    grainClO    0.00000e+00
8000    grainHC2NC    0.00000e+00
8000    grainHC3N    7.07453e-19
8000    grainHCNC2    0.00000e+00
8000    grainHNC3    3.11584e-21
8000    grainC3O    7.68648e-18
8000    grainC4H4    0.00000e+00
8000    grainCH2CCN    0.00000e+00
8000    grainNCCN    1.51315e-15
8000    grainSiC2    0.00000e+00
8000    grainC4H5    0.00000e+00
8000    grainCH2CHCN    4.28686e-21
8000    grainHC3O    0.00000e+00
8000    grainSiC2H    0.00000e+00
8000    grainC4H6    0.00000e+00
8000    grainH2C3O    0.00000e+00
8000    grainH4C3N    0.00000e+00
8000    grainSiC2H2    0.00000e+00
8000    grainSiNC    0.00000e+00
8000    grainH5C3N    0.00000e+00
8000    grainC2S    1.95245e-21
8000    grainFe    0.00000e+00
8000    grainFeH    0.00000e+00
8000    grainC5    6.94518e-26
8000    grainHCOOCH3    7.68664e-17
8000    grainOCS    2.51952e-18
8000    grainSiO2    0.00000e+00
8000    grainSiS    0.00000e+00
8000    grainC5H    8.04797e-25
8000    grainC4N    4.41718e-26
8000    grainC5H2    2.71650e-24
8000    grainC5H3    0.00000e+00
8000    grainCH3C4H    1.19041e-24
8000    grainS2    6.49414e-19
8000    grainSO2    1.38403e-18
8000    grainCH3C3N    2.99138e-22
8000    grainHS2    2.77614e-16
8000    grainSiC3H    0.00000e+00
8000    grainH2S2    7.97475e-17
8000    grainC3S    9.87524e-25
8000    grainC6    4.89128e-27
8000    grainC6H    1.15036e-26
8000    grainC5N    1.01481e-27
8000    grainC6H2    1.13118e-26
8000    grainC6H3    0.00000e+00
8000    grainHC5N    2.79704e-25
8000    grainC6H4    0.00000e+00
8000    grainH2C5N    0.00000e+00
8000    grainSiC4    0.00000e+00
8000    grainH3C5N    0.00000e+00
8000    grainC6H6    3.53081e-27
8000    grainC4S    9.35267e-29
8000    grainC7    2.38505e-28
8000    grainC7H    4.16418e-30
8000    grainC7H2    1.08520e-30
8000    grainC7H3    0.00000e+00
8000    grainC7H4    0.00000e+00
8000    grainCH3C6H    8.27207e-31
8000    grainCH3C5N    1.41730e-31
8000    grainC8    5.48291e-26
8000    grainC8H    2.76454e-26
8000    grainC7N    3.24823e-32
8000    grainC8H2    6.53654e-29
8000    grainC8H3    0.00000e+00
8000    grainHC7N    1.20896e-31
8000    grainC8H4    0.00000e+00
8000    grainH2C7N    0.00000e+00
8000    grainH3C7N    0.00000e+00
8000    grainC9    1.12130e-25
8000    grainC9H    1.58824e-28
8000    grainC9H2    1.00558e-30
8000    grainC9H3    0.00000e+00
8000    grainC9H4    0.00000e+00
8000    grainCH3C7N    3.86987e-38
8000    grainC10    3.62622e-29
8000    grainC9N    1.83035e-37
8000    grainHC9N    5.36902e-38
8000    grainH2C9N    0.00000e+00
8000    grainH3C9N    0.00000e+00
9000    grain    4.81250e-13
9000    grainH    2.53815e-07
9000    grainH(-)    1.77199e-12
9000    grainH2    2.36698e-02
9000    grainHe    4.89747e-14
9000    grainC    3.97014e-14
9000    grainCH    4.02150e-14
9000    grainC(-)    8.51995e-26
9000    grainCH2    3.92939e-12
9000    grainCH3    4.73078e-11
9000    grainN    1.16762e-12
9000    grainNH    8.06646e-13
9000    grainCH4    4.37634e-07
9000    grainNH2    4.89215e-12
9000    grainNH3    3.17184e-07
9000    grainO    5.80857e-11
9000    grainOH    9.64270e-11
9000    grainO(-)    5.23852e-26
9000    grainH2O    2.58127e-05
9000    grainOH(-)    3.20846e-14
9000    grainNa    0.00000e+00
9000    grainC2    7.31060e-17
9000    grainMg    0.00000e+00
9000    grainNaH    0.00000e+00
9000    grainC2H    5.84822e-16
9000    grainMgH    0.00000e+00
9000    grainC2H2    1.04042e-14
9000    grainCN    5.61762e-12
9000    grainCN(-)    2.44109e-14
9000    grainMgH2    0.00000e+00
9000    grainC2H3    3.87318e-16
9000    grainHCN    7.65271e-08
9000    grainHNC    2.87582e-11
9000    grainC2H4    1.39292e-14
9000    grainCHNH    0.00000e+00
9000    grainCNH2    0.00000e+00
9000    grainCO    1.31251e-05
9000    grainH2CN    2.74995e-16
9000    grainN2    4.37499e-06
9000    grainSi    0.00000e+00
9000    grainC2H5    2.43708e-19
9000    grainCH2NH    2.30527e-16
9000    grainCH3N    0.00000e+00
9000    grainCHNH2    0.00000e+00
9000    grainHCO    4.00975e-13
9000    grainHOC    0.00000e+00
9000    grainN2H    0.00000e+00
9000    grainSiH    0.00000e+00
9000    grainC2H6    0.00000e+00
9000    grainCH2NH2    0.00000e+00
9000    grainCH3NH    0.00000e+00
9000    grainCHOH    0.00000e+00
9000    grainH2CO    5.84932e-12
9000    grainHOCH    0.00000e+00
9000    grainN2H2    0.00000e+00
9000    grainNO    5.42974e-15
9000    grainSiH2    0.00000e+00
9000    grainCH2OH    0.00000e+00
9000    grainCH3O    0.00000e+00
9000    grainCH5N    0.00000e+00
9000    grainHNO    5.11374e-15
9000    grainHON    0.00000e+00
9000    grainSiH3    0.00000e+00
9000    grainCH3OH    2.18544e-07
9000    grainNH2OH    0.00000e+00
9000    grainO2    4.73468e-13
9000    grainS    6.36331e-14
9000    grainHS    1.02205e-12
9000    grainS(-)    6.43868e-22
9000    grainSiH4    0.00000e+00
9000    grainO2H    8.06005e-18
9000    grainH2O2    9.94872e-30
9000    grainH2S    4.17703e-09
9000    grainCl    0.00000e+00
9000    grainC3    2.08954e-18
9000    grainHCl    0.00000e+00
9000    grainC3H    4.02953e-18
9000    grainC2N    3.35518e-17
9000    grainC3H2    6.68040e-18
9000    grainH2CCC    4.27170e-19
9000    grainC3H3    0.00000e+00
9000    grainHCCN    0.00000e+00
9000    grainC2O    9.08552e-20
9000    grainC3H4    0.00000e+00
9000    grainCH2CN    5.39473e-21
9000    grainCH3CCH    7.29307e-19
9000    grainNaOH    0.00000e+00
9000    grainSiC    0.00000e+00
9000    grainC3H5    0.00000e+00
9000    grainCH3CN    2.46433e-13
9000    grainHC2O    0.00000e+00
9000    grainHCSi    0.00000e+00
9000    grainC3H6    0.00000e+00
9000    grainCH2CO    1.80058e-15
9000    grainNH2CN    4.64891e-13
9000    grainOCN    3.71002e-15
9000    grainSiCH2    0.00000e+00
9000    grainSiN    0.00000e+00
9000    grainC3H7    0.00000e+00
9000    grainHNCO    2.59292e-16
9000    grainHNSi    0.00000e+00
9000    grainSiCH3    0.00000e+00
9000    grainC3H8    0.00000e+00
9000    grainCH3CHO    2.02401e-13
9000    grainCO2    1.09374e-05
9000    grainCS    2.72999e-15
9000    grainN2O    1.22191e-21
9000    grainSiO    0.00000e+00
9000    grainHCS    1.37932e-17
9000    grainNH2CHO    0.00000e+00
9000    grainNHNO    0.00000e+00
9000    grainC2H5OH    5.83497e-20
9000    grainCH3OCH3    6.90528e-12
9000    grainH2CS    1.75824e-15
9000    grainH2SiO    0.00000e+00
9000    grainHCOOH    7.16902e-14
9000    grainNH2NO    0.00000e+00
9000    grainNO2    3.46162e-20
9000    grainNS    8.07259e-18
9000    grainCCl    0.00000e+00
9000    grainC4    1.30807e-26
9000    grainO3    0.00000e+00
9000    grainSO    1.19609e-15
9000    grainC4H    4.43454e-22
9000    grainC3N    3.43501e-18
9000    grainC4H2    0.00000e+00
9000    grainC4H3    5.43492e-23
9000    grainClO    0.00000e+00
9000    grainHC2NC    0.00000e+00
9000    grainHC3N    7.72322e-19
9000    grainHCNC2    0.00000e+00
9000    grainHNC3    3.40067e-21
9000    grainC3O    8.28365e-18
9000    grainC4H4    0.00000e+00
9000    grainCH2CCN    0.00000e+00
9000    grainNCCN    1.65359e-15
9000    grainSiC2    0.00000e+00
9000    grainC4H5    0.00000e+00
9000    grainCH2CHCN    4.71934e-21
9000    grainHC3O    0.00000e+00
9000    grainSiC2H    0.00000e+00
9000    grainC4H6    0.00000e+00
9000    grainH2C3O    0.00000e+00
9000    grainH4C3N    0.00000e+00
9000    grainSiC2H2    0.00000e+00
9000    grainSiNC    0.00000e+00
9000    grainH5C3N    0.00000e+00
9000    grainC2S    2.12265e-21
9000    grainFe    0.00000e+00
9000    grainFeH    0.00000e+00
9000    grainC5    7.75836e-26
9000    grainHCOOCH3    8.40359e-17
9000    grainOCS    2.77413e-18
9000    grainSiO2    0.00000e+00
9000    grainSiS    0.00000e+00
9000    grainC5H    8.87696e-25
9000    grainC4N    4.78338e-26
9000    grainC5H2    2.98984e-24
9000    grainC5H3    0.00000e+00
9000    grainCH3C4H    1.30908e-24
9000    grainS2    7.08536e-19
9000    grainSO2    1.59859e-18
9000    grainCH3C3N    3.37860e-22
9000    grainHS2    2.99021e-16
9000    grainSiC3H    0.00000e+00
9000    grainH2S2    8.59211e-17
9000    grainC3S    1.08248e-24
9000    grainC6    5.51275e-27
9000    grainC6H    1.29123e-26
9000    grainC5N    1.12814e-27
9000    grainC6H2    1.26788e-26
9000    grainC6H3    0.00000e+00
9000    grainHC5N    3.09390e-25
9000    grainC6H4    0.00000e+00
9000    grainH2C5N    0.00000e+00
9000    grainSiC4    0.00000e+00
9000    grainH3C5N    0.00000e+00
9000    grainC6H6    3.96190e-27
9000    grainC4S    1.02448e-28
9000    grainC7    2.64867e-28
9000    grainC7H    4.91061e-30
9000    grainC7H2    1.21652e-30
9000    grainC7H3    0.00000e+00
9000    grainC7H4    0.00000e+00
9000    grainCH3C6H    9.19794e-31
9000    grainCH3C5N    1.57230e-31
9000    grainC8    6.06874e-26
9000    grainC8H    3.05529e-26
9000    grainC7N    3.84569e-32
9000    grainC8H2    7.26381e-29
9000    grainC8H3    0.00000e+00
9000    grainHC7N    1.40244e-31
9000    grainC8H4    0.00000e+00
9000    grainH2C7N    0.00000e+00
9000    grainH3C7N    0.00000e+00
9000    grainC9    1.23791e-25
9000    grainC9H    1.76035e-28
9000    grainC9H2    1.12220e-30
9000    grainC9H3    0.00000e+00
9000    grainC9H4    0.00000e+00
9000    grainCH3C7N    4.46229e-38
9000    grainC10    4.95012e-29
9000    grainC9N    2.52858e-37
9000    grainHC9N    6.70757e-38
9000    grainH2C9N    0.00000e+00
9000    grainH3C9N    0.00000e+00
10000    grain    5.12516e-13
10000    grainH    2.93713e-07
10000    grainH(-)    2.01466e-12
10000    grainH2    2.52083e-02
10000    grainHe    5.21592e-14
10000    grainC    4.01143e-14
10000    grainCH    4.14050e-14
10000    grainC(-)    9.13326e-26
10000    grainCH2    3.96884e-12
10000    grainCH3    4.78198e-11
10000    grainN    1.17960e-12
10000    grainNH    8.34139e-13
10000    grainCH4    4.66071e-07
10000    grainNH2    4.96764e-12
10000    grainNH3    3.37792e-07
10000    grainO    5.87093e-11
10000    grainOH    9.87320e-11
10000    grainO(-)    5.97552e-26
10000    grainH2O    2.74897e-05
10000    grainOH(-)    3.46521e-14
10000    grainNa    0.00000e+00
10000    grainC2    7.91260e-17
10000    grainMg    0.00000e+00
10000    grainNaH    0.00000e+00
10000    grainC2H    6.43599e-16
10000    grainMgH    0.00000e+00
10000    grainC2H2    1.11416e-14
10000    grainCN    6.06494e-12
10000    grainCN(-)    2.60574e-14
10000    grainMgH2    0.00000e+00
10000    grainC2H3    4.27426e-16
10000    grainHCN    8.14987e-08
10000    grainHNC    3.08613e-11
10000    grainC2H4    1.49415e-14
10000    grainCHNH    0.00000e+00
10000    grainCNH2    0.00000e+00
10000    grainCO    1.39779e-05
10000    grainH2CN    2.94944e-16
10000    grainN2    4.65923e-06
10000    grainSi    0.00000e+00
10000    grainC2H5    2.71564e-19
10000    grainCH2NH    2.65379e-16
10000    grainCH3N    0.00000e+00
10000    grainCHNH2    0.00000e+00
10000    grainHCO    4.45067e-13
10000    grainHOC    0.00000e+00
10000    grainN2H    0.00000e+00
10000    grainSiH    0.00000e+00
10000    grainC2H6    0.00000e+00
10000    grainCH2NH2    0.00000e+00
10000    grainCH3NH    0.00000e+00
10000    grainCHOH    0.00000e+00
10000    grainH2CO    6.33027e-12
10000    grainHOCH    0.00000e+00
10000    grainN2H2    0.00000e+00
10000    grainNO    5.79834e-15
10000    grainSiH2    0.00000e+00
10000    grainCH2OH    0.00000e+00
10000    grainCH3O    0.00000e+00
10000    grainCH5N    0.00000e+00
10000    grainHNO    5.54566e-15
10000    grainHON    0.00000e+00
10000    grainSiH3    0.00000e+00
10000    grainCH3OH    2.32741e-07
10000    grainNH2OH    0.00000e+00
10000    grainO2    5.08047e-13
10000    grainS    6.42832e-14
10000    grainHS    1.10480e-12
10000    grainS(-)    7.02545e-22
10000    grainSiH4    0.00000e+00
10000    grainO2H    8.61410e-18
10000    grainH2O2    1.06599e-29
10000    grainH2S    4.44839e-09
10000    grainCl    0.00000e+00
10000    grainC3    2.26689e-18
10000    grainHCl    0.00000e+00
10000    grainC3H    4.36693e-18
10000    grainC2N    3.60538e-17
10000    grainC3H2    7.24215e-18
10000    grainH2CCC    4.63736e-19
10000    grainC3H3    0.00000e+00
10000    grainHCCN    0.00000e+00
10000    grainC2O    9.79064e-20
10000    grainC3H4    0.00000e+00
10000    grainCH2CN    5.85271e-21
10000    grainCH3CCH    7.88298e-19
10000    grainNaOH    0.00000e+00
10000    grainSiC    0.00000e+00
10000    grainC3H5    0.00000e+00
10000    grainCH3CN    2.63396e-13
10000    grainHC2O    0.00000e+00
10000    grainHCSi    0.00000e+00
10000    grainC3H6    0.00000e+00
10000    grainCH2CO    1.93200e-15
10000    grainNH2CN    5.06466e-13
10000    grainOCN    4.18229e-15
10000    grainSiCH2    0.00000e+00
10000    grainSiN    0.00000e+00
10000    grainC3H7    0.00000e+00
10000    grainHNCO    2.92189e-16
10000    grainHNSi    0.00000e+00
10000    grainSiCH3    0.00000e+00
10000    grainC3H8    0.00000e+00
10000    grainCH3CHO    2.22732e-13
10000    grainCO2    1.16479e-05
10000    grainCS    2.91506e-15
10000    grainN2O    1.31396e-21
10000    grainSiO    0.00000e+00
10000    grainHCS    1.50186e-17
10000    grainNH2CHO    0.00000e+00
10000    grainNHNO    0.00000e+00
10000    grainC2H5OH    6.29492e-20
10000    grainCH3OCH3    7.37725e-12
10000    grainH2CS    1.88014e-15
10000    grainH2SiO    0.00000e+00
10000    grainHCOOH    7.66452e-14
10000    grainNH2NO    0.00000e+00
10000    grainNO2    3.77501e-20
10000    grainNS    8.70494e-18
10000    grainCCl    0.00000e+00
10000    grainC4    1.41375e-26
10000    grainO3    0.00000e+00
10000    grainSO    1.30211e-15
10000    grainC4H    4.81559e-22
10000    grainC3N    3.67781e-18
10000    grainC4H2    0.00000e+00
10000    grainC4H3    5.82768e-23
10000    grainClO    0.00000e+00
10000    grainHC2NC    0.00000e+00
10000    grainHC3N    8.35775e-19
10000    grainHCNC2    0.00000e+00
10000    grainHNC3    3.67902e-21
10000    grainC3O    8.84004e-18
10000    grainC4H4    0.00000e+00
10000    grainCH2CCN    0.00000e+00
10000    grainNCCN    1.79171e-15
10000    grainSiC2    0.00000e+00
10000    grainC4H5    0.00000e+00
10000    grainCH2CHCN    5.15408e-21
10000    grainHC3O    0.00000e+00
10000    grainSiC2H    0.00000e+00
10000    grainC4H6    0.00000e+00
10000    grainH2C3O    0.00000e+00
10000    grainH4C3N    0.00000e+00
10000    grainSiC2H2    0.00000e+00
10000    grainSiNC    0.00000e+00
10000    grainH5C3N    0.00000e+00
10000    grainC2S    2.28682e-21
10000    grainFe    0.00000e+00
10000    grainFeH    0.00000e+00
10000    grainC5    8.60492e-26
10000    grainHCOOCH3    9.11273e-17
10000    grainOCS    3.03093e-18
10000    grainSiO2    0.00000e+00
10000    grainSiS    0.00000e+00
10000    grainC5H    9.71513e-25
10000    grainC4N    5.12898e-26
10000    grainC5H2    3.26470e-24
10000    grainC5H3    0.00000e+00
10000    grainCH3C4H    1.42811e-24
10000    grainS2    7.66418e-19
10000    grainSO2    1.83426e-18
10000    grainCH3C3N    3.79365e-22
10000    grainHS2    3.18902e-16
10000    grainSiC3H    0.00000e+00
10000    grainH2S2    9.16627e-17
10000    grainC3S    1.17673e-24
10000    grainC6    6.17879e-27
10000    grainC6H    1.43996e-26
10000    grainC5N    1.24446e-27
10000    grainC6H2    1.41169e-26
10000    grainC6H3    0.00000e+00
10000    grainHC5N    3.39498e-25
10000    grainC6H4    0.00000e+00
10000    grainH2C5N    0.00000e+00
10000    grainSiC4    0.00000e+00
10000    grainH3C5N    0.00000e+00
10000    grainC6H6    4.41658e-27
10000    grainC4S    1.11242e-28
10000    grainC7    2.92511e-28
10000    grainC7H    5.58052e-30
10000    grainC7H2    1.35355e-30
10000    grainC7H3    0.00000e+00
10000    grainC7H4    0.00000e+00
10000    grainCH3C6H    1.01490e-30
10000    grainCH3C5N    1.72961e-31
10000    grainC8    6.69528e-26
10000    grainC8H    3.35984e-26
10000    grainC7N    4.52375e-32
10000    grainC8H2    8.07202e-29
10000    grainC8H3    0.00000e+00
10000    grainHC7N    1.61673e-31
10000    grainC8H4    0.00000e+00
10000    grainH2C7N    0.00000e+00
10000    grainH3C7N    0.00000e+00
10000    grainC9    1.35685e-25
10000    grainC9H    1.94512e-28
10000    grainC9H2    1.25776e-30
10000    grainC9H3    0.00000e+00
10000    grainC9H4    0.00000e+00
10000    grainCH3C7N    5.10708e-38
10000    grainC10    6.04270e-29
10000    grainC9N    3.68352e-37
10000    grainHC9N    8.86726e-38
10000    grainH2C9N    0.00000e+00
10000    grainH3C9N    0.00000e+00
