time    species    pebble_col_abundance
1000    grain    8.53379e-14
1000    grainH    9.09591e-09
1000    grainH(-)    8.81373e-14
1000    grainH2    4.20550e-03
1000    grainHe    8.70087e-15
1000    grainC    1.41923e-14
1000    grainCH    8.44310e-15
1000    grainC(-)    1.46009e-26
1000    grainCH2    1.48306e-12
1000    grainCH3    1.72611e-11
1000    grainN    4.23270e-13
1000    grainNH    1.25688e-13
1000    grainCH4    7.75932e-08
1000    grainNH2    1.69612e-12
1000    grainNH3    5.62439e-08
1000    grainO    2.14810e-11
1000    grainOH    2.58209e-11
1000    grainO(-)    4.57617e-27
1000    grainH2O    4.57722e-06
1000    grainOH(-)    5.35423e-15
1000    grainNa    0.00000e+00
1000    grainC2    1.20133e-17
1000    grainMg    0.00000e+00
1000    grainNaH    0.00000e+00
1000    grainC2H    8.85830e-17
1000    grainMgH    0.00000e+00
1000    grainC2H2    1.79357e-15
1000    grainCN    9.38440e-13
1000    grainCN(-)    4.26317e-15
1000    grainMgH2    0.00000e+00
1000    grainC2H3    5.88439e-17
1000    grainHCN    1.35705e-08
1000    grainHNC    4.92806e-12
1000    grainC2H4    2.38423e-15
1000    grainCHNH    0.00000e+00
1000    grainCNH2    0.00000e+00
1000    grainCO    2.32742e-06
1000    grainH2CN    4.66186e-17
1000    grainN2    7.75798e-07
1000    grainSi    0.00000e+00
1000    grainC2H5    3.46520e-20
1000    grainCH2NH    2.94806e-17
1000    grainCH3N    0.00000e+00
1000    grainCHNH2    0.00000e+00
1000    grainHCO    5.82076e-14
1000    grainHOC    0.00000e+00
1000    grainN2H    0.00000e+00
1000    grainSiH    0.00000e+00
1000    grainC2H6    0.00000e+00
1000    grainCH2NH2    0.00000e+00
1000    grainCH3NH    0.00000e+00
1000    grainCHOH    0.00000e+00
1000    grainH2CO    9.70849e-13
1000    grainHOCH    0.00000e+00
1000    grainN2H2    0.00000e+00
1000    grainNO    9.52061e-16
1000    grainSiH2    0.00000e+00
1000    grainCH2OH    0.00000e+00
1000    grainCH3O    0.00000e+00
1000    grainCH5N    0.00000e+00
1000    grainHNO    8.35538e-16
1000    grainHON    0.00000e+00
1000    grainSiH3    0.00000e+00
1000    grainCH3OH    3.87544e-08
1000    grainNH2OH    0.00000e+00
1000    grainO2    8.09737e-14
1000    grainS    2.36499e-14
1000    grainHS    1.59804e-13
1000    grainS(-)    1.00567e-22
1000    grainSiH4    0.00000e+00
1000    grainO2H    1.39654e-18
1000    grainH2O2    1.67445e-30
1000    grainH2S    7.40703e-10
1000    grainCl    0.00000e+00
1000    grainC3    3.32947e-19
1000    grainHCl    0.00000e+00
1000    grainC3H    6.53225e-19
1000    grainC2N    5.69344e-18
1000    grainC3H2    1.07148e-18
1000    grainH2CCC    6.91857e-20
1000    grainC3H3    0.00000e+00
1000    grainHCCN    0.00000e+00
1000    grainC2O    1.52267e-20
1000    grainC3H4    0.00000e+00
1000    grainCH2CN    8.79192e-22
1000    grainCH3CCH    1.01108e-19
1000    grainNaOH    0.00000e+00
1000    grainSiC    0.00000e+00
1000    grainC3H5    0.00000e+00
1000    grainCH3CN    4.27811e-14
1000    grainHC2O    0.00000e+00
1000    grainHCSi    0.00000e+00
1000    grainC3H6    0.00000e+00
1000    grainCH2CO    3.07584e-16
1000    grainNH2CN    7.57370e-14
1000    grainOCN    5.10678e-16
1000    grainSiCH2    0.00000e+00
1000    grainSiN    0.00000e+00
1000    grainC3H7    0.00000e+00
1000    grainHNCO    3.51923e-17
1000    grainHNSi    0.00000e+00
1000    grainSiCH3    0.00000e+00
1000    grainC3H8    0.00000e+00
1000    grainCH3CHO    3.14969e-14
1000    grainCO2    1.93947e-06
1000    grainCS    4.76701e-16
1000    grainN2O    2.05634e-22
1000    grainSiO    0.00000e+00
1000    grainHCS    2.22063e-18
1000    grainNH2CHO    0.00000e+00
1000    grainNHNO    0.00000e+00
1000    grainC2H5OH    9.72187e-21
1000    grainCH3OCH3    1.20285e-12
1000    grainH2CS    3.05069e-16
1000    grainH2SiO    0.00000e+00
1000    grainHCOOH    1.24677e-14
1000    grainNH2NO    0.00000e+00
1000    grainNO2    5.45283e-21
1000    grainNS    1.34520e-18
1000    grainCCl    0.00000e+00
1000    grainC4    2.12066e-27
1000    grainO3    0.00000e+00
1000    grainSO    1.91740e-16
1000    grainC4H    7.12987e-23
1000    grainC3N    5.90558e-19
1000    grainC4H2    0.00000e+00
1000    grainC4H3    9.24634e-24
1000    grainClO    0.00000e+00
1000    grainHC2NC    0.00000e+00
1000    grainHC3N    1.26241e-19
1000    grainHCNC2    0.00000e+00
1000    grainHNC3    5.56601e-22
1000    grainC3O    1.45268e-18
1000    grainC4H4    0.00000e+00
1000    grainCH2CCN    0.00000e+00
1000    grainNCCN    2.70255e-16
1000    grainSiC2    0.00000e+00
1000    grainC4H5    0.00000e+00
1000    grainCH2CHCN    7.44145e-22
1000    grainHC3O    0.00000e+00
1000    grainSiC2H    0.00000e+00
1000    grainC4H6    0.00000e+00
1000    grainH2C3O    0.00000e+00
1000    grainH4C3N    0.00000e+00
1000    grainSiC2H2    0.00000e+00
1000    grainSiNC    0.00000e+00
1000    grainH5C3N    0.00000e+00
1000    grainC2S    3.54830e-22
1000    grainFe    0.00000e+00
1000    grainFeH    0.00000e+00
1000    grainC5    1.11957e-26
1000    grainHCOOCH3    1.37986e-17
1000    grainOCS    4.39620e-19
1000    grainSiO2    0.00000e+00
1000    grainSiS    0.00000e+00
1000    grainC5H    1.37711e-25
1000    grainC4N    8.06183e-27
1000    grainC5H2    4.69967e-25
1000    grainC5H3    0.00000e+00
1000    grainCH3C4H    2.06812e-25
1000    grainS2    1.16801e-19
1000    grainSO2    1.98520e-19
1000    grainCH3C3N    4.80519e-23
1000    grainHS2    5.25239e-17
1000    grainSiC3H    0.00000e+00
1000    grainH2S2    1.50724e-17
1000    grainC3S    1.73230e-25
1000    grainC6    7.17588e-28
1000    grainC6H    1.82937e-27
1000    grainC5N    1.65924e-28
1000    grainC6H2    1.82285e-27
1000    grainC6H3    0.00000e+00
1000    grainHC5N    4.68326e-26
1000    grainC6H4    0.00000e+00
1000    grainH2C5N    0.00000e+00
1000    grainSiC4    0.00000e+00
1000    grainH3C5N    0.00000e+00
1000    grainC6H6    5.66919e-28
1000    grainC4S    1.63024e-29
1000    grainC7    3.92401e-30
1000    grainC7H    3.23883e-31
1000    grainC7H2    1.67826e-31
1000    grainC7H3    0.00000e+00
1000    grainC7H4    0.00000e+00
1000    grainCH3C6H    1.36306e-31
1000    grainCH3C5N    2.30820e-32
1000    grainC8    8.23636e-28
1000    grainC8H    4.35805e-28
1000    grainC7N    4.11476e-33
1000    grainC8H2    9.20683e-31
1000    grainC8H3    0.00000e+00
1000    grainHC7N    1.66767e-32
1000    grainC8H4    0.00000e+00
1000    grainH2C7N    0.00000e+00
1000    grainH3C7N    0.00000e+00
1000    grainC9    1.82921e-27
1000    grainC9H    2.35378e-30
1000    grainC9H2    1.33094e-32
1000    grainC9H3    0.00000e+00
1000    grainC9H4    0.00000e+00
1000    grainCH3C7N    5.30364e-39
1000    grainC10    5.15573e-30
1000    grainC9N    1.46471e-39
1000    grainHC9N    5.53133e-39
1000    grainH2C9N    0.00000e+00
1000    grainH3C9N    0.00000e+00
2000    grain    1.57963e-13
2000    grainH    2.64509e-08
2000    grainH(-)    2.29929e-13
2000    grainH2    7.78175e-03
2000    grainHe    1.60998e-14
2000    grainC    2.30697e-14
2000    grainCH    1.60079e-14
2000    grainC(-)    2.70994e-26
2000    grainCH2    2.36725e-12
2000    grainCH3    2.78576e-11
2000    grainN    6.84889e-13
2000    grainNH    2.73072e-13
2000    grainCH4    1.43632e-07
2000    grainNH2    2.75082e-12
2000    grainNH3    1.04110e-07
2000    grainO    3.44468e-11
2000    grainOH    4.51132e-11
2000    grainO(-)    8.96542e-27
2000    grainH2O    8.47260e-06
2000    grainOH(-)    9.93227e-15
2000    grainNa    0.00000e+00
2000    grainC2    2.23075e-17
2000    grainMg    0.00000e+00
2000    grainNaH    0.00000e+00
2000    grainC2H    1.64743e-16
2000    grainMgH    0.00000e+00
2000    grainC2H2    3.32657e-15
2000    grainCN    1.74077e-12
2000    grainCN(-)    7.90363e-15
2000    grainMgH2    0.00000e+00
2000    grainC2H3    1.09514e-16
2000    grainHCN    2.51193e-08
2000    grainHNC    9.13964e-12
2000    grainC2H4    4.42242e-15
2000    grainCHNH    0.00000e+00
2000    grainCNH2    0.00000e+00
2000    grainCO    4.30813e-06
2000    grainH2CN    8.66924e-17
2000    grainN2    1.43603e-06
2000    grainSi    0.00000e+00
2000    grainC2H5    6.44121e-20
2000    grainCH2NH    5.47805e-17
2000    grainCH3N    0.00000e+00
2000    grainCHNH2    0.00000e+00
2000    grainHCO    1.08074e-13
2000    grainHOC    0.00000e+00
2000    grainN2H    0.00000e+00
2000    grainSiH    0.00000e+00
2000    grainC2H6    0.00000e+00
2000    grainCH2NH2    0.00000e+00
2000    grainCH3NH    0.00000e+00
2000    grainCHOH    0.00000e+00
2000    grainH2CO    1.80118e-12
2000    grainHOCH    0.00000e+00
2000    grainN2H2    0.00000e+00
2000    grainNO    1.76309e-15
2000    grainSiH2    0.00000e+00
2000    grainCH2OH    0.00000e+00
2000    grainCH3O    0.00000e+00
2000    grainCH5N    0.00000e+00
2000    grainHNO    1.55395e-15
2000    grainHON    0.00000e+00
2000    grainSiH3    0.00000e+00
2000    grainCH3OH    7.17356e-08
2000    grainNH2OH    0.00000e+00
2000    grainO2    1.50139e-13
2000    grainS    3.79254e-14
2000    grainHS    3.02339e-13
2000    grainS(-)    1.86951e-22
2000    grainSiH4    0.00000e+00
2000    grainO2H    2.59145e-18
2000    grainH2O2    3.12006e-30
2000    grainH2S    1.37107e-09
2000    grainCl    0.00000e+00
2000    grainC3    6.24530e-19
2000    grainHCl    0.00000e+00
2000    grainC3H    1.21973e-18
2000    grainC2N    1.05737e-17
2000    grainC3H2    2.00708e-18
2000    grainH2CCC    1.28917e-19
2000    grainC3H3    0.00000e+00
2000    grainHCCN    0.00000e+00
2000    grainC2O    2.82932e-20
2000    grainC3H4    0.00000e+00
2000    grainCH2CN    1.63650e-21
2000    grainCH3CCH    2.01804e-19
2000    grainNaOH    0.00000e+00
2000    grainSiC    0.00000e+00
2000    grainC3H5    0.00000e+00
2000    grainCH3CN    7.93496e-14
2000    grainHC2O    0.00000e+00
2000    grainHCSi    0.00000e+00
2000    grainC3H6    0.00000e+00
2000    grainCH2CO    5.70323e-16
2000    grainNH2CN    1.40566e-13
2000    grainOCN    9.50168e-16
2000    grainSiCH2    0.00000e+00
2000    grainSiN    0.00000e+00
2000    grainC3H7    0.00000e+00
2000    grainHNCO    6.55261e-17
2000    grainHNSi    0.00000e+00
2000    grainSiCH3    0.00000e+00
2000    grainC3H8    0.00000e+00
2000    grainCH3CHO    5.84788e-14
2000    grainCO2    3.59003e-06
2000    grainCS    8.83683e-16
2000    grainN2O    3.82167e-22
2000    grainSiO    0.00000e+00
2000    grainHCS    4.13164e-18
2000    grainNH2CHO    0.00000e+00
2000    grainNHNO    0.00000e+00
2000    grainC2H5OH    1.80482e-20
2000    grainCH3OCH3    2.23009e-12
2000    grainH2CS    5.65731e-16
2000    grainH2SiO    0.00000e+00
2000    grainHCOOH    2.31100e-14
2000    grainNH2NO    0.00000e+00
2000    grainNO2    1.01810e-20
2000    grainNS    2.50180e-18
2000    grainCCl    0.00000e+00
2000    grainC4    3.96028e-27
2000    grainO3    0.00000e+00
2000    grainSO    3.56650e-16
2000    grainC4H    1.32997e-22
2000    grainC3N    1.09631e-18
2000    grainC4H2    0.00000e+00
2000    grainC4H3    1.71852e-23
2000    grainClO    0.00000e+00
2000    grainHC2NC    0.00000e+00
2000    grainHC3N    2.35068e-19
2000    grainHCNC2    0.00000e+00
2000    grainHNC3    1.03625e-21
2000    grainC3O    2.69158e-18
2000    grainC4H4    0.00000e+00
2000    grainCH2CCN    0.00000e+00
2000    grainNCCN    5.02777e-16
2000    grainSiC2    0.00000e+00
2000    grainC4H5    0.00000e+00
2000    grainCH2CHCN    1.38600e-21
2000    grainHC3O    0.00000e+00
2000    grainSiC2H    0.00000e+00
2000    grainC4H6    0.00000e+00
2000    grainH2C3O    0.00000e+00
2000    grainH4C3N    0.00000e+00
2000    grainSiC2H2    0.00000e+00
2000    grainSiNC    0.00000e+00
2000    grainH5C3N    0.00000e+00
2000    grainC2S    6.59646e-22
2000    grainFe    0.00000e+00
2000    grainFeH    0.00000e+00
2000    grainC5    2.10484e-26
2000    grainHCOOCH3    2.56422e-17
2000    grainOCS    8.17836e-19
2000    grainSiO2    0.00000e+00
2000    grainSiS    0.00000e+00
2000    grainC5H    2.57469e-25
2000    grainC4N    1.50121e-26
2000    grainC5H2    8.77666e-25
2000    grainC5H3    0.00000e+00
2000    grainCH3C4H    3.85907e-25
2000    grainS2    2.17211e-19
2000    grainSO2    3.71097e-19
2000    grainCH3C3N    8.94634e-23
2000    grainHS2    9.73257e-17
2000    grainSiC3H    0.00000e+00
2000    grainH2S2    2.79307e-17
2000    grainC3S    3.23187e-25
2000    grainC6    1.35938e-27
2000    grainC6H    3.43875e-27
2000    grainC5N    3.11888e-28
2000    grainC6H2    3.42253e-27
2000    grainC6H3    0.00000e+00
2000    grainHC5N    8.78367e-26
2000    grainC6H4    0.00000e+00
2000    grainH2C5N    0.00000e+00
2000    grainSiC4    0.00000e+00
2000    grainH3C5N    0.00000e+00
2000    grainC6H6    1.06457e-27
2000    grainC4S    3.04729e-29
2000    grainC7    1.60447e-29
2000    grainC7H    8.95929e-31
2000    grainC7H2    3.18438e-31
2000    grainC7H3    0.00000e+00
2000    grainC7H4    0.00000e+00
2000    grainCH3C6H    2.55706e-31
2000    grainCH3C5N    4.34730e-32
2000    grainC8    3.54246e-27
2000    grainC8H    1.86187e-27
2000    grainC7N    7.86085e-33
2000    grainC8H2    4.04027e-30
2000    grainC8H3    0.00000e+00
2000    grainHC7N    3.17031e-32
2000    grainC8H4    0.00000e+00
2000    grainH2C7N    0.00000e+00
2000    grainH3C7N    0.00000e+00
2000    grainC9    7.88267e-27
2000    grainC9H    1.02364e-29
2000    grainC9H2    6.03915e-32
2000    grainC9H3    0.00000e+00
2000    grainC9H4    0.00000e+00
2000    grainCH3C7N    1.01283e-38
2000    grainC10    1.45824e-29
2000    grainC9N    1.18417e-38
2000    grainHC9N    1.05525e-38
2000    grainH2C9N    0.00000e+00
2000    grainH3C9N    0.00000e+00
3000    grain    2.20961e-13
3000    grainH    4.96798e-08
3000    grainH(-)    4.07275e-13
3000    grainH2    1.08810e-02
3000    grainHe    2.25118e-14
3000    grainC    2.88110e-14
3000    grainCH    2.21370e-14
3000    grainC(-)    3.80213e-26
3000    grainCH2    2.91666e-12
3000    grainCH3    3.45880e-11
3000    grainN    8.52438e-13
3000    grainNH    4.04072e-13
3000    grainCH4    2.00920e-07
3000    grainNH2    3.44109e-12
3000    grainNH3    1.45631e-07
3000    grainO    4.25897e-11
3000    grainOH    5.90896e-11
3000    grainO(-)    1.32423e-26
3000    grainH2O    1.18516e-05
3000    grainOH(-)    1.39247e-14
3000    grainNa    0.00000e+00
3000    grainC2    3.13013e-17
3000    grainMg    0.00000e+00
3000    grainNaH    0.00000e+00
3000    grainC2H    2.31511e-16
3000    grainMgH    0.00000e+00
3000    grainC2H2    4.66259e-15
3000    grainCN    2.44037e-12
3000    grainCN(-)    1.10738e-14
3000    grainMgH2    0.00000e+00
3000    grainC2H3    1.54039e-16
3000    grainHCN    3.51372e-08
3000    grainHNC    1.28103e-11
3000    grainC2H4    6.19912e-15
3000    grainCHNH    0.00000e+00
3000    grainCNH2    0.00000e+00
3000    grainCO    6.02627e-06
3000    grainH2CN    1.21843e-16
3000    grainN2    2.00874e-06
3000    grainSi    0.00000e+00
3000    grainC2H5    9.04902e-20
3000    grainCH2NH    7.69307e-17
3000    grainCH3N    0.00000e+00
3000    grainCHNH2    0.00000e+00
3000    grainHCO    1.51638e-13
3000    grainHOC    0.00000e+00
3000    grainN2H    0.00000e+00
3000    grainSiH    0.00000e+00
3000    grainC2H6    0.00000e+00
3000    grainCH2NH2    0.00000e+00
3000    grainCH3NH    0.00000e+00
3000    grainCHOH    0.00000e+00
3000    grainH2CO    2.52546e-12
3000    grainHOCH    0.00000e+00
3000    grainN2H2    0.00000e+00
3000    grainNO    2.46729e-15
3000    grainSiH2    0.00000e+00
3000    grainCH2OH    0.00000e+00
3000    grainCH3O    0.00000e+00
3000    grainCH5N    0.00000e+00
3000    grainHNO    2.18432e-15
3000    grainHON    0.00000e+00
3000    grainSiH3    0.00000e+00
3000    grainCH3OH    1.00345e-07
3000    grainNH2OH    0.00000e+00
3000    grainO2    2.10377e-13
3000    grainS    4.68868e-14
3000    grainHS    4.30076e-13
3000    grainS(-)    2.62645e-22
3000    grainSiH4    0.00000e+00
3000    grainO2H    3.63409e-18
3000    grainH2O2    4.39386e-30
3000    grainH2S    1.91786e-09
3000    grainCl    0.00000e+00
3000    grainC3    8.83298e-19
3000    grainHCl    0.00000e+00
3000    grainC3H    1.71949e-18
3000    grainC2N    1.48403e-17
3000    grainC3H2    2.83559e-18
3000    grainH2CCC    1.81528e-19
3000    grainC3H3    0.00000e+00
3000    grainHCCN    0.00000e+00
3000    grainC2O    3.97300e-20
3000    grainC3H4    0.00000e+00
3000    grainCH2CN    2.30226e-21
3000    grainCH3CCH    2.95626e-19
3000    grainNaOH    0.00000e+00
3000    grainSiC    0.00000e+00
3000    grainC3H5    0.00000e+00
3000    grainCH3CN    1.11227e-13
3000    grainHC2O    0.00000e+00
3000    grainHCSi    0.00000e+00
3000    grainC3H6    0.00000e+00
3000    grainCH2CO    7.99156e-16
3000    grainNH2CN    1.97173e-13
3000    grainOCN    1.33622e-15
3000    grainSiCH2    0.00000e+00
3000    grainSiN    0.00000e+00
3000    grainC3H7    0.00000e+00
3000    grainHNCO    9.22170e-17
3000    grainHNSi    0.00000e+00
3000    grainSiCH3    0.00000e+00
3000    grainC3H8    0.00000e+00
3000    grainCH3CHO    8.20517e-14
3000    grainCO2    5.02178e-06
3000    grainCS    1.23793e-15
3000    grainN2O    5.36839e-22
3000    grainSiO    0.00000e+00
3000    grainHCS    5.81014e-18
3000    grainNH2CHO    0.00000e+00
3000    grainNHNO    0.00000e+00
3000    grainC2H5OH    2.53219e-20
3000    grainCH3OCH3    3.12471e-12
3000    grainH2CS    7.92829e-16
3000    grainH2SiO    0.00000e+00
3000    grainHCOOH    3.23726e-14
3000    grainNH2NO    0.00000e+00
3000    grainNO2    1.43686e-20
3000    grainNS    3.51654e-18
3000    grainCCl    0.00000e+00
3000    grainC4    5.59106e-27
3000    grainO3    0.00000e+00
3000    grainSO    5.01404e-16
3000    grainC4H    1.87507e-22
3000    grainC3N    1.53805e-18
3000    grainC4H2    0.00000e+00
3000    grainC4H3    2.41383e-23
3000    grainClO    0.00000e+00
3000    grainHC2NC    0.00000e+00
3000    grainHC3N    3.30818e-19
3000    grainHCNC2    0.00000e+00
3000    grainHNC3    1.45809e-21
3000    grainC3O    3.76870e-18
3000    grainC4H4    0.00000e+00
3000    grainCH2CCN    0.00000e+00
3000    grainNCCN    7.06969e-16
3000    grainSiC2    0.00000e+00
3000    grainC4H5    0.00000e+00
3000    grainCH2CHCN    1.95116e-21
3000    grainHC3O    0.00000e+00
3000    grainSiC2H    0.00000e+00
3000    grainC4H6    0.00000e+00
3000    grainH2C3O    0.00000e+00
3000    grainH4C3N    0.00000e+00
3000    grainSiC2H2    0.00000e+00
3000    grainSiNC    0.00000e+00
3000    grainH5C3N    0.00000e+00
3000    grainC2S    9.26753e-22
3000    grainFe    0.00000e+00
3000    grainFeH    0.00000e+00
3000    grainC5    2.99139e-26
3000    grainHCOOCH3    3.60148e-17
3000    grainOCS    1.14988e-18
3000    grainSiO2    0.00000e+00
3000    grainSiS    0.00000e+00
3000    grainC5H    3.63844e-25
3000    grainC4N    2.11273e-26
3000    grainC5H2    1.23884e-24
3000    grainC5H3    0.00000e+00
3000    grainCH3C4H    5.44256e-25
3000    grainS2    3.05303e-19
3000    grainSO2    5.24373e-19
3000    grainCH3C3N    1.25886e-22
3000    grainHS2    1.36283e-16
3000    grainSiC3H    0.00000e+00
3000    grainH2S2    3.91131e-17
3000    grainC3S    4.55731e-25
3000    grainC6    1.94430e-27
3000    grainC6H    4.88594e-27
3000    grainC5N    4.43239e-28
3000    grainC6H2    4.85789e-27
3000    grainC6H3    0.00000e+00
3000    grainHC5N    1.24538e-25
3000    grainC6H4    0.00000e+00
3000    grainH2C5N    0.00000e+00
3000    grainSiC4    0.00000e+00
3000    grainH3C5N    0.00000e+00
3000    grainC6H6    1.51128e-27
3000    grainC4S    4.30547e-29
3000    grainC7    3.27345e-29
3000    grainC7H    1.45200e-30
3000    grainC7H2    4.58260e-31
3000    grainC7H3    0.00000e+00
3000    grainC7H4    0.00000e+00
3000    grainCH3C6H    3.67974e-31
3000    grainCH3C5N    6.19063e-32
3000    grainC8    7.36944e-27
3000    grainC8H    3.81600e-27
3000    grainC7N    1.13675e-32
3000    grainC8H2    8.59438e-30
3000    grainC8H3    0.00000e+00
3000    grainHC7N    4.55928e-32
3000    grainC8H4    0.00000e+00
3000    grainH2C7N    0.00000e+00
3000    grainH3C7N    0.00000e+00
3000    grainC9    1.58770e-26
3000    grainC9H    2.13945e-29
3000    grainC9H2    1.31251e-31
3000    grainC9H3    0.00000e+00
3000    grainC9H4    0.00000e+00
3000    grainCH3C7N    1.46944e-38
3000    grainC10    2.42638e-29
3000    grainC9N    7.38051e-38
3000    grainHC9N    2.31324e-38
3000    grainH2C9N    0.00000e+00
3000    grainH3C9N    0.00000e+00
4000    grain    2.76420e-13
4000    grainH    7.72938e-08
4000    grainH(-)    6.08627e-13
4000    grainH2    1.36071e-02
4000    grainHe    2.81520e-14
4000    grainC    3.26314e-14
4000    grainCH    2.69597e-14
4000    grainC(-)    4.77387e-26
4000    grainCH2    3.27172e-12
4000    grainCH3    3.90106e-11
4000    grainN    9.63145e-13
4000    grainNH    5.11907e-13
4000    grainCH4    2.51353e-07
4000    grainNH2    3.91073e-12
4000    grainNH3    1.82183e-07
4000    grainO    4.78973e-11
4000    grainOH    6.92265e-11
4000    grainO(-)    1.74617e-26
4000    grainH2O    1.48262e-05
4000    grainOH(-)    1.74595e-14
4000    grainNa    0.00000e+00
4000    grainC2    3.92775e-17
4000    grainMg    0.00000e+00
4000    grainNaH    0.00000e+00
4000    grainC2H    2.90930e-16
4000    grainMgH    0.00000e+00
4000    grainC2H2    5.84452e-15
4000    grainCN    3.05968e-12
4000    grainCN(-)    1.38763e-14
4000    grainMgH2    0.00000e+00
4000    grainC2H3    1.93776e-16
4000    grainHCN    4.39563e-08
4000    grainHNC    1.60582e-11
4000    grainC2H4    7.77131e-15
4000    grainCHNH    0.00000e+00
4000    grainCNH2    0.00000e+00
4000    grainCO    7.53880e-06
4000    grainH2CN    1.53163e-16
4000    grainN2    2.51291e-06
4000    grainSi    0.00000e+00
4000    grainC2H5    1.13694e-19
4000    grainCH2NH    9.66239e-17
4000    grainCH3N    0.00000e+00
4000    grainCHNH2    0.00000e+00
4000    grainHCO    1.90276e-13
4000    grainHOC    0.00000e+00
4000    grainN2H    0.00000e+00
4000    grainSiH    0.00000e+00
4000    grainC2H6    0.00000e+00
4000    grainCH2NH2    0.00000e+00
4000    grainCH3NH    0.00000e+00
4000    grainCHOH    0.00000e+00
4000    grainH2CO    3.16689e-12
4000    grainHOCH    0.00000e+00
4000    grainN2H2    0.00000e+00
4000    grainNO    3.08786e-15
4000    grainSiH2    0.00000e+00
4000    grainCH2OH    0.00000e+00
4000    grainCH3O    0.00000e+00
4000    grainCH5N    0.00000e+00
4000    grainHNO    2.74611e-15
4000    grainHON    0.00000e+00
4000    grainSiH3    0.00000e+00
4000    grainCH3OH    1.25530e-07
4000    grainNH2OH    0.00000e+00
4000    grainO2    2.63629e-13
4000    grainS    5.27206e-14
4000    grainHS    5.45220e-13
4000    grainS(-)    3.29998e-22
4000    grainSiH4    0.00000e+00
4000    grainO2H    4.55764e-18
4000    grainH2O2    5.53390e-30
4000    grainH2S    2.39923e-09
4000    grainCl    0.00000e+00
4000    grainC3    1.11550e-18
4000    grainHCl    0.00000e+00
4000    grainC3H    2.16635e-18
4000    grainC2N    1.86277e-17
4000    grainC3H2    3.57781e-18
4000    grainH2CCC    2.28585e-19
4000    grainC3H3    0.00000e+00
4000    grainHCCN    0.00000e+00
4000    grainC2O    4.98942e-20
4000    grainC3H4    0.00000e+00
4000    grainCH2CN    2.89681e-21
4000    grainCH3CCH    3.81317e-19
4000    grainNaOH    0.00000e+00
4000    grainSiC    0.00000e+00
4000    grainC3H5    0.00000e+00
4000    grainCH3CN    1.39437e-13
4000    grainHC2O    0.00000e+00
4000    grainHCSi    0.00000e+00
4000    grainC3H6    0.00000e+00
4000    grainCH2CO    1.00146e-15
4000    grainNH2CN    2.47357e-13
4000    grainOCN    1.68065e-15
4000    grainSiCH2    0.00000e+00
4000    grainSiN    0.00000e+00
4000    grainC3H7    0.00000e+00
4000    grainHNCO    1.16074e-16
4000    grainHNSi    0.00000e+00
4000    grainSiCH3    0.00000e+00
4000    grainC3H8    0.00000e+00
4000    grainCH3CHO    1.02960e-13
4000    grainCO2    6.28220e-06
4000    grainCS    1.55091e-15
4000    grainN2O    6.74956e-22
4000    grainSiO    0.00000e+00
4000    grainHCS    7.30759e-18
4000    grainNH2CHO    0.00000e+00
4000    grainNHNO    0.00000e+00
4000    grainC2H5OH    3.17731e-20
4000    grainCH3OCH3    3.91563e-12
4000    grainH2CS    9.93670e-16
4000    grainH2SiO    0.00000e+00
4000    grainHCOOH    4.05560e-14
4000    grainNH2NO    0.00000e+00
4000    grainNO2    1.81391e-20
4000    grainNS    4.42072e-18
4000    grainCCl    0.00000e+00
4000    grainC4    7.06688e-27
4000    grainO3    0.00000e+00
4000    grainSO    6.30455e-16
4000    grainC4H    2.36453e-22
4000    grainC3N    1.92974e-18
4000    grainC4H2    0.00000e+00
4000    grainC4H3    3.03232e-23
4000    grainClO    0.00000e+00
4000    grainHC2NC    0.00000e+00
4000    grainHC3N    4.16393e-19
4000    grainHCNC2    0.00000e+00
4000    grainHNC3    1.83491e-21
4000    grainC3O    4.71916e-18
4000    grainC4H4    0.00000e+00
4000    grainCH2CCN    0.00000e+00
4000    grainNCCN    8.89098e-16
4000    grainSiC2    0.00000e+00
4000    grainC4H5    0.00000e+00
4000    grainCH2CHCN    2.45671e-21
4000    grainHC3O    0.00000e+00
4000    grainSiC2H    0.00000e+00
4000    grainC4H6    0.00000e+00
4000    grainH2C3O    0.00000e+00
4000    grainH4C3N    0.00000e+00
4000    grainSiC2H2    0.00000e+00
4000    grainSiNC    0.00000e+00
4000    grainH5C3N    0.00000e+00
4000    grainC2S    1.16443e-21
4000    grainFe    0.00000e+00
4000    grainFeH    0.00000e+00
4000    grainC5    3.80294e-26
4000    grainHCOOCH3    4.52401e-17
4000    grainOCS    1.44593e-18
4000    grainSiO2    0.00000e+00
4000    grainSiS    0.00000e+00
4000    grainC5H    4.59901e-25
4000    grainC4N    2.66117e-26
4000    grainC5H2    1.56410e-24
4000    grainC5H3    0.00000e+00
4000    grainCH3C4H    6.86699e-25
4000    grainS2    3.83795e-19
4000    grainSO2    6.62736e-19
4000    grainCH3C3N    1.58424e-22
4000    grainHS2    1.70664e-16
4000    grainSiC3H    0.00000e+00
4000    grainH2S2    4.89835e-17
4000    grainC3S    5.74780e-25
4000    grainC6    2.53306e-27
4000    grainC6H    6.21911e-27
4000    grainC5N    5.63634e-28
4000    grainC6H2    6.17244e-27
4000    grainC6H3    0.00000e+00
4000    grainHC5N    1.57949e-25
4000    grainC6H4    0.00000e+00
4000    grainH2C5N    0.00000e+00
4000    grainSiC4    0.00000e+00
4000    grainH3C5N    0.00000e+00
4000    grainC6H6    1.92056e-27
4000    grainC4S    5.44121e-29
4000    grainC7    8.62108e-29
4000    grainC7H    2.24477e-30
4000    grainC7H2    8.57053e-31
4000    grainC7H3    0.00000e+00
4000    grainC7H4    0.00000e+00
4000    grainCH3C6H    1.68123e-30
4000    grainCH3C5N    7.88805e-32
4000    grainC8    1.97538e-26
4000    grainC8H    9.91252e-27
4000    grainC7N    1.56877e-32
4000    grainC8H2    2.37246e-29
4000    grainC8H3    0.00000e+00
4000    grainHC7N    5.93313e-32
4000    grainC8H4    0.00000e+00
4000    grainH2C7N    0.00000e+00
4000    grainH3C7N    0.00000e+00
4000    grainC9    3.96273e-26
4000    grainC9H    5.68223e-29
4000    grainC9H2    3.67377e-31
4000    grainC9H3    0.00000e+00
4000    grainC9H4    0.00000e+00
4000    grainCH3C7N    3.24988e-38
4000    grainC10    3.46219e-29
4000    grainC9N    3.79169e-36
4000    grainHC9N    2.14477e-36
4000    grainH2C9N    0.00000e+00
4000    grainH3C9N    0.00000e+00
5000    grain    3.25825e-13
5000    grainH    1.08276e-07
5000    grainH(-)    8.26232e-13
5000    grainH2    1.60342e-02
5000    grainHe    3.31737e-14
5000    grainC    3.52248e-14
5000    grainCH    3.07379e-14
5000    grainC(-)    5.65317e-26
5000    grainCH2    3.50816e-12
5000    grainCH3    4.19968e-11
5000    grainN    1.03796e-12
5000    grainNH    5.98840e-13
5000    grainCH4    2.96282e-07
5000    grainNH2    4.23976e-12
5000    grainNH3    2.14745e-07
5000    grainO    5.14552e-11
5000    grainOH    7.66789e-11
5000    grainO(-)    2.16682e-26
5000    grainH2O    1.74761e-05
5000    grainOH(-)    2.06274e-14
5000    grainNa    0.00000e+00
5000    grainC2    4.64370e-17
5000    grainMg    0.00000e+00
5000    grainNaH    0.00000e+00
5000    grainC2H    3.44453e-16
5000    grainMgH    0.00000e+00
5000    grainC2H2    6.90279e-15
5000    grainCN    3.61462e-12
5000    grainCN(-)    1.63838e-14
5000    grainMgH2    0.00000e+00
5000    grainC2H3    2.29681e-16
5000    grainHCN    5.18126e-08
5000    grainHNC    1.89670e-11
5000    grainC2H4    9.17941e-15
5000    grainCHNH    0.00000e+00
5000    grainCNH2    0.00000e+00
5000    grainCO    8.88622e-06
5000    grainH2CN    1.81471e-16
5000    grainN2    2.96204e-06
5000    grainSi    0.00000e+00
5000    grainC2H5    1.34594e-19
5000    grainCH2NH    1.14351e-16
5000    grainCH3N    0.00000e+00
5000    grainCHNH2    0.00000e+00
5000    grainHCO    2.24962e-13
5000    grainHOC    0.00000e+00
5000    grainN2H    0.00000e+00
5000    grainSiH    0.00000e+00
5000    grainC2H6    0.00000e+00
5000    grainCH2NH2    0.00000e+00
5000    grainCH3NH    0.00000e+00
5000    grainCHOH    0.00000e+00
5000    grainH2CO    3.74186e-12
5000    grainHOCH    0.00000e+00
5000    grainN2H2    0.00000e+00
5000    grainNO    3.64139e-15
5000    grainSiH2    0.00000e+00
5000    grainCH2OH    0.00000e+00
5000    grainCH3O    0.00000e+00
5000    grainCH5N    0.00000e+00
5000    grainHNO    3.25304e-15
5000    grainHON    0.00000e+00
5000    grainSiH3    0.00000e+00
5000    grainCH3OH    1.47966e-07
5000    grainNH2OH    0.00000e+00
5000    grainO2    3.11275e-13
5000    grainS    5.66228e-14
5000    grainHS    6.49687e-13
5000    grainS(-)    3.90669e-22
5000    grainSiH4    0.00000e+00
5000    grainO2H    5.38566e-18
5000    grainH2O2    6.56704e-30
5000    grainH2S    2.82804e-09
5000    grainCl    0.00000e+00
5000    grainC3    1.32594e-18
5000    grainHCl    0.00000e+00
5000    grainC3H    2.57047e-18
5000    grainC2N    2.20308e-17
5000    grainC3H2    4.24958e-18
5000    grainH2CCC    2.71200e-19
5000    grainC3H3    0.00000e+00
5000    grainHCCN    0.00000e+00
5000    grainC2O    5.90396e-20
5000    grainC3H4    0.00000e+00
5000    grainCH2CN    3.43480e-21
5000    grainCH3CCH    4.59318e-19
5000    grainNaOH    0.00000e+00
5000    grainSiC    0.00000e+00
5000    grainC3H5    0.00000e+00
5000    grainCH3CN    1.64705e-13
5000    grainHC2O    0.00000e+00
5000    grainHCSi    0.00000e+00
5000    grainC3H6    0.00000e+00
5000    grainCH2CO    1.18250e-15
5000    grainNH2CN    2.92393e-13
5000    grainOCN    1.99183e-15
5000    grainSiCH2    0.00000e+00
5000    grainSiN    0.00000e+00
5000    grainC3H7    0.00000e+00
5000    grainHNCO    1.37666e-16
5000    grainHNSi    0.00000e+00
5000    grainSiCH3    0.00000e+00
5000    grainC3H8    0.00000e+00
5000    grainCH3CHO    1.21730e-13
5000    grainCO2    7.40502e-06
5000    grainCS    1.83077e-15
5000    grainN2O    8.02120e-22
5000    grainSiO    0.00000e+00
5000    grainHCS    8.66026e-18
5000    grainNH2CHO    0.00000e+00
5000    grainNHNO    0.00000e+00
5000    grainC2H5OH    3.75648e-20
5000    grainCH3OCH3    4.62337e-12
5000    grainH2CS    1.17344e-15
5000    grainH2SiO    0.00000e+00
5000    grainHCOOH    4.78734e-14
5000    grainNH2NO    0.00000e+00
5000    grainNO2    2.15982e-20
5000    grainNS    5.23655e-18
5000    grainCCl    0.00000e+00
5000    grainC4    8.46737e-27
5000    grainO3    0.00000e+00
5000    grainSO    7.46947e-16
5000    grainC4H    2.81066e-22
5000    grainC3N    2.28132e-18
5000    grainC4H2    0.00000e+00
5000    grainC4H3    3.59210e-23
5000    grainClO    0.00000e+00
5000    grainHC2NC    0.00000e+00
5000    grainHC3N    4.93841e-19
5000    grainHCNC2    0.00000e+00
5000    grainHNC3    2.17577e-21
5000    grainC3O    5.56799e-18
5000    grainC4H4    0.00000e+00
5000    grainCH2CCN    0.00000e+00
5000    grainNCCN    1.05358e-15
5000    grainSiC2    0.00000e+00
5000    grainC4H5    0.00000e+00
5000    grainCH2CHCN    2.91473e-21
5000    grainHC3O    0.00000e+00
5000    grainSiC2H    0.00000e+00
5000    grainC4H6    0.00000e+00
5000    grainH2C3O    0.00000e+00
5000    grainH4C3N    0.00000e+00
5000    grainSiC2H2    0.00000e+00
5000    grainSiNC    0.00000e+00
5000    grainH5C3N    0.00000e+00
5000    grainC2S    1.37852e-21
5000    grainFe    0.00000e+00
5000    grainFeH    0.00000e+00
5000    grainC5    4.56488e-26
5000    grainHCOOCH3    5.35470e-17
5000    grainOCS    1.71320e-18
5000    grainSiO2    0.00000e+00
5000    grainSiS    0.00000e+00
5000    grainC5H    5.48809e-25
5000    grainC4N    3.20061e-26
5000    grainC5H2    1.86520e-24
5000    grainC5H3    0.00000e+00
5000    grainCH3C4H    8.24556e-25
5000    grainS2    4.54606e-19
5000    grainSO2    7.89271e-19
5000    grainCH3C3N    1.87859e-22
5000    grainHS2    2.01370e-16
5000    grainSiC3H    0.00000e+00
5000    grainH2S2    5.78002e-17
5000    grainC3S    6.83109e-25
5000    grainC6    3.13077e-27
5000    grainC6H    7.49363e-27
5000    grainC5N    6.79366e-28
5000    grainC6H2    7.57311e-27
5000    grainC6H3    0.00000e+00
5000    grainHC5N    1.88808e-25
5000    grainC6H4    0.00000e+00
5000    grainH2C5N    0.00000e+00
5000    grainSiC4    0.00000e+00
5000    grainH3C5N    0.00000e+00
5000    grainC6H6    2.35295e-27
5000    grainC4S    6.48108e-29
5000    grainC7    1.59914e-28
5000    grainC7H    4.45440e-30
5000    grainC7H2    1.24878e-29
5000    grainC7H3    0.00000e+00
5000    grainC7H4    0.00000e+00
5000    grainCH3C6H    5.99627e-29
5000    grainCH3C5N    9.50146e-32
5000    grainC8    3.68473e-26
5000    grainC8H    1.82877e-26
5000    grainC7N    5.96179e-32
5000    grainC8H2    4.52141e-29
5000    grainC8H3    0.00000e+00
5000    grainHC7N    1.03635e-31
5000    grainC8H4    0.00000e+00
5000    grainH2C7N    0.00000e+00
5000    grainH3C7N    0.00000e+00
5000    grainC9    7.19930e-26
5000    grainC9H    1.05649e-28
5000    grainC9H2    7.40089e-31
5000    grainC9H3    0.00000e+00
5000    grainC9H4    0.00000e+00
5000    grainCH3C7N    6.90799e-37
5000    grainC10    4.37698e-29
5000    grainC9N    1.57920e-34
5000    grainHC9N    1.09846e-34
5000    grainH2C9N    0.00000e+00
5000    grainH3C9N    0.00000e+00
6000    grain    3.70270e-13
6000    grainH    1.41899e-07
6000    grainH(-)    1.05471e-12
6000    grainH2    1.82170e-02
6000    grainHe    3.76903e-14
6000    grainC    3.70073e-14
6000    grainCH    3.37018e-14
6000    grainC(-)    6.46133e-26
6000    grainCH2    3.66884e-12
6000    grainCH3    4.40519e-11
6000    grainN    1.08926e-12
6000    grainNH    6.68556e-13
6000    grainCH4    3.36702e-07
6000    grainNH2    4.47586e-12
6000    grainNH3    2.44038e-07
6000    grainO    5.38862e-11
6000    grainOH    8.22382e-11
6000    grainO(-)    2.58980e-26
6000    grainH2O    1.98600e-05
6000    grainOH(-)    2.34948e-14
6000    grainNa    0.00000e+00
6000    grainC2    5.29286e-17
6000    grainMg    0.00000e+00
6000    grainNaH    0.00000e+00
6000    grainC2H    3.93154e-16
6000    grainMgH    0.00000e+00
6000    grainC2H2    7.85981e-15
6000    grainCN    4.11685e-12
6000    grainCN(-)    1.86498e-14
6000    grainMgH2    0.00000e+00
6000    grainC2H3    2.62456e-16
6000    grainHCN    5.88802e-08
6000    grainHNC    2.15982e-11
6000    grainC2H4    1.04532e-14
6000    grainCHNH    0.00000e+00
6000    grainCNH2    0.00000e+00
6000    grainCO    1.00984e-05
6000    grainH2CN    2.07534e-16
6000    grainN2    3.36609e-06
6000    grainSi    0.00000e+00
6000    grainC2H5    1.53609e-19
6000    grainCH2NH    1.30472e-16
6000    grainCH3N    0.00000e+00
6000    grainCHNH2    0.00000e+00
6000    grainHCO    2.56413e-13
6000    grainHOC    0.00000e+00
6000    grainN2H    0.00000e+00
6000    grainSiH    0.00000e+00
6000    grainC2H6    0.00000e+00
6000    grainCH2NH2    0.00000e+00
6000    grainCH3NH    0.00000e+00
6000    grainCHOH    0.00000e+00
6000    grainH2CO    4.26245e-12
6000    grainHOCH    0.00000e+00
6000    grainN2H2    0.00000e+00
6000    grainNO    4.14046e-15
6000    grainSiH2    0.00000e+00
6000    grainCH2OH    0.00000e+00
6000    grainCH3O    0.00000e+00
6000    grainCH5N    0.00000e+00
6000    grainHNO    3.71529e-15
6000    grainHON    0.00000e+00
6000    grainSiH3    0.00000e+00
6000    grainCH3OH    1.68149e-07
6000    grainNH2OH    0.00000e+00
6000    grainO2    3.54330e-13
6000    grainS    5.92802e-14
6000    grainHS    7.45078e-13
6000    grainS(-)    4.45877e-22
6000    grainSiH4    0.00000e+00
6000    grainO2H    6.13544e-18
6000    grainH2O2    7.51297e-30
6000    grainH2S    3.21381e-09
6000    grainCl    0.00000e+00
6000    grainC3    1.51840e-18
6000    grainHCl    0.00000e+00
6000    grainC3H    2.93949e-18
6000    grainC2N    2.51196e-17
6000    grainC3H2    4.86317e-18
6000    grainH2CCC    3.10186e-19
6000    grainC3H3    0.00000e+00
6000    grainHCCN    0.00000e+00
6000    grainC2O    6.73551e-20
6000    grainC3H4    0.00000e+00
6000    grainCH2CN    3.92838e-21
6000    grainCH3CCH    5.30526e-19
6000    grainNaOH    0.00000e+00
6000    grainSiC    0.00000e+00
6000    grainC3H5    0.00000e+00
6000    grainCH3CN    1.87565e-13
6000    grainHC2O    0.00000e+00
6000    grainHCSi    0.00000e+00
6000    grainC3H6    0.00000e+00
6000    grainCH2CO    1.34619e-15
6000    grainNH2CN    3.33217e-13
6000    grainOCN    2.27587e-15
6000    grainSiCH2    0.00000e+00
6000    grainSiN    0.00000e+00
6000    grainC3H7    0.00000e+00
6000    grainHNCO    1.57409e-16
6000    grainHNSi    0.00000e+00
6000    grainSiCH3    0.00000e+00
6000    grainC3H8    0.00000e+00
6000    grainCH3CHO    1.38750e-13
6000    grainCO2    8.41513e-06
6000    grainCS    2.08349e-15
6000    grainN2O    9.28362e-22
6000    grainSiO    0.00000e+00
6000    grainHCS    9.89472e-18
6000    grainNH2CHO    0.00000e+00
6000    grainNHNO    0.00000e+00
6000    grainC2H5OH    4.28165e-20
6000    grainCH3OCH3    5.26299e-12
6000    grainH2CS    1.33596e-15
6000    grainH2SiO    0.00000e+00
6000    grainHCOOH    5.44816e-14
6000    grainNH2NO    0.00000e+00
6000    grainNO2    2.49313e-20
6000    grainNS    5.98050e-18
6000    grainCCl    0.00000e+00
6000    grainC4    1.02106e-26
6000    grainO3    0.00000e+00
6000    grainSO    8.53185e-16
6000    grainC4H    3.22783e-22
6000    grainC3N    2.60006e-18
6000    grainC4H2    0.00000e+00
6000    grainC4H3    4.14693e-23
6000    grainClO    0.00000e+00
6000    grainHC2NC    0.00000e+00
6000    grainHC3N    5.64670e-19
6000    grainHCNC2    0.00000e+00
6000    grainHNC3    2.48732e-21
6000    grainC3O    6.33413e-18
6000    grainC4H4    0.00000e+00
6000    grainCH2CCN    0.00000e+00
6000    grainNCCN    1.20366e-15
6000    grainSiC2    0.00000e+00
6000    grainC4H5    0.00000e+00
6000    grainCH2CHCN    3.33410e-21
6000    grainHC3O    0.00000e+00
6000    grainSiC2H    0.00000e+00
6000    grainC4H6    0.00000e+00
6000    grainH2C3O    0.00000e+00
6000    grainH4C3N    0.00000e+00
6000    grainSiC2H2    0.00000e+00
6000    grainSiNC    0.00000e+00
6000    grainH5C3N    0.00000e+00
6000    grainC2S    1.57336e-21
6000    grainFe    0.00000e+00
6000    grainFeH    0.00000e+00
6000    grainC5    5.39979e-26
6000    grainHCOOCH3    6.11032e-17
6000    grainOCS    1.95696e-18
6000    grainSiO2    0.00000e+00
6000    grainSiS    0.00000e+00
6000    grainC5H    6.46606e-25
6000    grainC4N    4.26690e-26
6000    grainC5H2    2.21202e-24
6000    grainC5H3    0.00000e+00
6000    grainCH3C4H    1.09710e-24
6000    grainS2    5.19139e-19
6000    grainSO2    9.06243e-19
6000    grainCH3C3N    2.14782e-22
6000    grainHS2    2.29065e-16
6000    grainSiC3H    0.00000e+00
6000    grainH2S2    6.57535e-17
6000    grainC3S    7.82762e-25
6000    grainC6    3.72757e-27
6000    grainC6H    9.09303e-27
6000    grainC5N    8.47474e-28
6000    grainC6H2    1.19444e-26
6000    grainC6H3    0.00000e+00
6000    grainHC5N    2.17922e-25
6000    grainC6H4    0.00000e+00
6000    grainH2C5N    0.00000e+00
6000    grainSiC4    0.00000e+00
6000    grainH3C5N    0.00000e+00
6000    grainC6H6    3.59183e-27
6000    grainC4S    7.45199e-29
6000    grainC7    2.26646e-28
6000    grainC7H    2.67178e-29
6000    grainC7H2    2.10444e-28
6000    grainC7H3    0.00000e+00
6000    grainC7H4    0.00000e+00
6000    grainCH3C6H    1.18051e-27
6000    grainCH3C5N    1.14927e-31
6000    grainC8    5.20273e-26
6000    grainC8H    2.57483e-26
6000    grainC7N    7.70249e-31
6000    grainC8H2    7.19993e-29
6000    grainC8H3    0.00000e+00
6000    grainHC7N    7.34817e-31
6000    grainC8H4    0.00000e+00
6000    grainH2C7N    0.00000e+00
6000    grainH3C7N    0.00000e+00
6000    grainC9    1.00862e-25
6000    grainC9H    1.49127e-28
6000    grainC9H2    1.80044e-30
6000    grainC9H3    0.00000e+00
6000    grainC9H4    0.00000e+00
6000    grainCH3C7N    1.33084e-35
6000    grainC10    5.42255e-29
6000    grainC9N    2.98261e-33
6000    grainHC9N    2.21897e-33
6000    grainH2C9N    0.00000e+00
6000    grainH3C9N    0.00000e+00
7000    grain    4.10584e-13
7000    grainH    1.77622e-07
7000    grainH(-)    1.29023e-12
7000    grainH2    2.01970e-02
7000    grainHe    4.17874e-14
7000    grainC    3.82406e-14
7000    grainCH    3.60273e-14
7000    grainC(-)    7.21427e-26
7000    grainCH2    3.77941e-12
7000    grainCH3    4.54834e-11
7000    grainN    1.12472e-12
7000    grainNH    7.24279e-13
7000    grainCH4    3.73365e-07
7000    grainNH2    4.64877e-12
7000    grainNH3    2.70609e-07
7000    grainO    5.55671e-11
7000    grainOH    8.64299e-11
7000    grainO(-)    3.01809e-26
7000    grainH2O    2.20223e-05
7000    grainOH(-)    2.61122e-14
7000    grainNa    0.00000e+00
7000    grainC2    5.88660e-17
7000    grainMg    0.00000e+00
7000    grainNaH    0.00000e+00
7000    grainC2H    4.37864e-16
7000    grainMgH    0.00000e+00
7000    grainC2H2    8.73253e-15
7000    grainCN    4.57522e-12
7000    grainCN(-)    2.07146e-14
7000    grainMgH2    0.00000e+00
7000    grainC2H3    2.92630e-16
7000    grainHCN    6.52908e-08
7000    grainHNC    2.39983e-11
7000    grainC2H4    1.16151e-14
7000    grainCHNH    0.00000e+00
7000    grainCNH2    0.00000e+00
7000    grainCO    1.11978e-05
7000    grainH2CN    2.32353e-16
7000    grainN2    3.73258e-06
7000    grainSi    0.00000e+00
7000    grainC2H5    1.71055e-19
7000    grainCH2NH    1.45262e-16
7000    grainCH3N    0.00000e+00
7000    grainCHNH2    0.00000e+00
7000    grainHCO    2.85172e-13
7000    grainHOC    0.00000e+00
7000    grainN2H    0.00000e+00
7000    grainSiH    0.00000e+00
7000    grainC2H6    0.00000e+00
7000    grainCH2NH2    0.00000e+00
7000    grainCH3NH    0.00000e+00
7000    grainCHOH    0.00000e+00
7000    grainH2CO    4.73778e-12
7000    grainHOCH    0.00000e+00
7000    grainN2H2    0.00000e+00
7000    grainNO    4.59556e-15
7000    grainSiH2    0.00000e+00
7000    grainCH2OH    0.00000e+00
7000    grainCH3O    0.00000e+00
7000    grainCH5N    0.00000e+00
7000    grainHNO    4.14085e-15
7000    grainHON    0.00000e+00
7000    grainSiH3    0.00000e+00
7000    grainCH3OH    1.86456e-07
7000    grainNH2OH    0.00000e+00
7000    grainO2    3.93561e-13
7000    grainS    6.11094e-14
7000    grainHS    8.32703e-13
7000    grainS(-)    4.96544e-22
7000    grainSiH4    0.00000e+00
7000    grainO2H    6.82007e-18
7000    grainH2O2    8.38656e-30
7000    grainH2S    3.56371e-09
7000    grainCl    0.00000e+00
7000    grainC3    1.69582e-18
7000    grainHCl    0.00000e+00
7000    grainC3H    3.27932e-18
7000    grainC2N    2.79472e-17
7000    grainC3H2    5.42820e-18
7000    grainH2CCC    3.46161e-19
7000    grainC3H3    0.00000e+00
7000    grainHCCN    0.00000e+00
7000    grainC2O    7.49916e-20
7000    grainC3H4    0.00000e+00
7000    grainCH2CN    4.39332e-21
7000    grainCH3CCH    5.95907e-19
7000    grainNaOH    0.00000e+00
7000    grainSiC    0.00000e+00
7000    grainC3H5    0.00000e+00
7000    grainCH3CN    2.08420e-13
7000    grainHC2O    0.00000e+00
7000    grainHCSi    0.00000e+00
7000    grainC3H6    0.00000e+00
7000    grainCH2CO    1.49569e-15
7000    grainNH2CN    3.70534e-13
7000    grainOCN    2.53745e-15
7000    grainSiCH2    0.00000e+00
7000    grainSiN    0.00000e+00
7000    grainC3H7    0.00000e+00
7000    grainHNCO    1.75615e-16
7000    grainHNSi    0.00000e+00
7000    grainSiCH3    0.00000e+00
7000    grainC3H8    0.00000e+00
7000    grainCH3CHO    1.54312e-13
7000    grainCO2    9.33134e-06
7000    grainCS    2.31361e-15
7000    grainN2O    1.07644e-21
7000    grainSiO    0.00000e+00
7000    grainHCS    1.10310e-17
7000    grainNH2CHO    0.00000e+00
7000    grainNHNO    0.00000e+00
7000    grainC2H5OH    4.76187e-20
7000    grainCH3OCH3    5.84588e-12
7000    grainH2CS    1.48411e-15
7000    grainH2SiO    0.00000e+00
7000    grainHCOOH    6.04991e-14
7000    grainNH2NO    0.00000e+00
7000    grainNO2    2.86981e-20
7000    grainNS    6.66531e-18
7000    grainCCl    0.00000e+00
7000    grainC4    1.49412e-26
7000    grainO3    0.00000e+00
7000    grainSO    9.50917e-16
7000    grainC4H    3.65569e-22
7000    grainC3N    2.89149e-18
7000    grainC4H2    0.00000e+00
7000    grainC4H3    5.08603e-23
7000    grainClO    0.00000e+00
7000    grainHC2NC    0.00000e+00
7000    grainHC3N    6.30047e-19
7000    grainHCNC2    0.00000e+00
7000    grainHNC3    2.77469e-21
7000    grainC3O    7.03412e-18
7000    grainC4H4    0.00000e+00
7000    grainCH2CCN    0.00000e+00
7000    grainNCCN    1.34178e-15
7000    grainSiC2    0.00000e+00
7000    grainC4H5    0.00000e+00
7000    grainCH2CHCN    3.72174e-21
7000    grainHC3O    0.00000e+00
7000    grainSiC2H    0.00000e+00
7000    grainC4H6    0.00000e+00
7000    grainH2C3O    0.00000e+00
7000    grainH4C3N    0.00000e+00
7000    grainSiC2H2    0.00000e+00
7000    grainSiNC    0.00000e+00
7000    grainH5C3N    0.00000e+00
7000    grainC2S    1.75221e-21
7000    grainFe    0.00000e+00
7000    grainFeH    0.00000e+00
7000    grainC5    7.12047e-26
7000    grainHCOOCH3    6.80352e-17
7000    grainOCS    2.18120e-18
7000    grainSiO2    0.00000e+00
7000    grainSiS    0.00000e+00
7000    grainC5H    8.67097e-25
7000    grainC4N    1.01115e-25
7000    grainC5H2    3.13404e-24
7000    grainC5H3    0.00000e+00
7000    grainCH3C4H    2.77484e-24
7000    grainS2    5.78457e-19
7000    grainSO2    1.01538e-18
7000    grainCH3C3N    2.39800e-22
7000    grainHS2    2.54251e-16
7000    grainSiC3H    0.00000e+00
7000    grainH2S2    7.29875e-17
7000    grainC3S    8.75302e-25
7000    grainC6    4.59121e-27
7000    grainC6H    1.41010e-26
7000    grainC5N    1.52285e-27
7000    grainC6H2    4.42337e-26
7000    grainC6H3    0.00000e+00
7000    grainHC5N    2.48215e-25
7000    grainC6H4    0.00000e+00
7000    grainH2C5N    0.00000e+00
7000    grainSiC4    0.00000e+00
7000    grainH3C5N    0.00000e+00
7000    grainC6H6    1.19699e-26
7000    grainC4S    8.43027e-29
7000    grainC7    2.90203e-28
7000    grainC7H    2.23696e-28
7000    grainC7H2    2.10553e-27
7000    grainC7H3    0.00000e+00
7000    grainC7H4    0.00000e+00
7000    grainCH3C6H    1.30721e-26
7000    grainCH3C5N    1.79835e-31
7000    grainC8    6.42412e-26
7000    grainC8H    3.18214e-26
7000    grainC7N    7.71237e-30
7000    grainC8H2    1.66377e-28
7000    grainC8H3    0.00000e+00
7000    grainHC7N    7.34207e-30
7000    grainC8H4    0.00000e+00
7000    grainH2C7N    0.00000e+00
7000    grainH3C7N    0.00000e+00
7000    grainC9    1.24463e-25
7000    grainC9H    1.85012e-28
7000    grainC9H2    9.50572e-30
7000    grainC9H3    0.00000e+00
7000    grainC9H4    0.00000e+00
7000    grainCH3C7N    1.46651e-34
7000    grainC10    6.50096e-29
7000    grainC9N    3.12069e-32
7000    grainHC9N    2.44662e-32
7000    grainH2C9N    0.00000e+00
7000    grainH3C9N    0.00000e+00
8000    grain    4.47408e-13
8000    grainH    2.15034e-07
8000    grainH(-)    1.53000e-12
8000    grainH2    2.20062e-02
8000    grainHe    4.55314e-14
8000    grainC    3.90964e-14
8000    grainCH    3.78473e-14
8000    grainC(-)    7.92357e-26
8000    grainCH2    3.85605e-12
8000    grainCH3    4.64872e-11
8000    grainN    1.14935e-12
8000    grainNH    7.68588e-13
8000    grainCH4    4.06854e-07
8000    grainNH2    4.77756e-12
8000    grainNH3    2.94880e-07
8000    grainO    5.67382e-11
8000    grainOH    8.96096e-11
8000    grainO(-)    3.45403e-26
8000    grainH2O    2.39975e-05
8000    grainOH(-)    2.85184e-14
8000    grainNa    0.00000e+00
8000    grainC2    6.43401e-17
8000    grainMg    0.00000e+00
8000    grainNaH    0.00000e+00
8000    grainC2H    4.79270e-16
8000    grainMgH    0.00000e+00
8000    grainC2H2    9.53415e-15
8000    grainCN    4.99655e-12
8000    grainCN(-)    2.26097e-14
8000    grainMgH2    0.00000e+00
8000    grainC2H3    3.20614e-16
8000    grainHCN    7.11465e-08
8000    grainHNC    2.62033e-11
8000    grainC2H4    1.26826e-14
8000    grainCHNH    0.00000e+00
8000    grainCNH2    0.00000e+00
8000    grainCO    1.22022e-05
8000    grainH2CN    2.57534e-16
8000    grainN2    4.06734e-06
8000    grainSi    0.00000e+00
8000    grainC2H5    1.87179e-19
8000    grainCH2NH    1.58934e-16
8000    grainCH3N    0.00000e+00
8000    grainCHNH2    0.00000e+00
8000    grainHCO    3.11661e-13
8000    grainHOC    0.00000e+00
8000    grainN2H    0.00000e+00
8000    grainSiH    0.00000e+00
8000    grainC2H6    0.00000e+00
8000    grainCH2NH2    0.00000e+00
8000    grainCH3NH    0.00000e+00
8000    grainCHOH    0.00000e+00
8000    grainH2CO    5.17489e-12
8000    grainHOCH    0.00000e+00
8000    grainN2H2    0.00000e+00
8000    grainNO    5.01668e-15
8000    grainSiH2    0.00000e+00
8000    grainCH2OH    0.00000e+00
8000    grainCH3O    0.00000e+00
8000    grainCH5N    0.00000e+00
8000    grainHNO    4.53655e-15
8000    grainHON    0.00000e+00
8000    grainSiH3    0.00000e+00
8000    grainCH3OH    2.03179e-07
8000    grainNH2OH    0.00000e+00
8000    grainO2    4.29563e-13
8000    grainS    6.23756e-14
8000    grainHS    9.13636e-13
8000    grainS(-)    5.43380e-22
8000    grainSiH4    0.00000e+00
8000    grainO2H    7.44967e-18
8000    grainH2O2    9.19927e-30
8000    grainH2S    3.88333e-09
8000    grainCl    0.00000e+00
8000    grainC3    1.86059e-18
8000    grainHCl    0.00000e+00
8000    grainC3H    3.59458e-18
8000    grainC2N    3.05554e-17
8000    grainC3H2    5.95234e-18
8000    grainH2CCC    3.79617e-19
8000    grainC3H3    0.00000e+00
8000    grainHCCN    0.00000e+00
8000    grainC2O    8.20892e-20
8000    grainC3H4    0.00000e+00
8000    grainCH2CN    4.86645e-21
8000    grainCH3CCH    6.56502e-19
8000    grainNaOH    0.00000e+00
8000    grainSiC    0.00000e+00
8000    grainC3H5    0.00000e+00
8000    grainCH3CN    2.27583e-13
8000    grainHC2O    0.00000e+00
8000    grainHCSi    0.00000e+00
8000    grainC3H6    0.00000e+00
8000    grainCH2CO    1.63386e-15
8000    grainNH2CN    4.04891e-13
8000    grainOCN    2.78029e-15
8000    grainSiCH2    0.00000e+00
8000    grainSiN    0.00000e+00
8000    grainC3H7    0.00000e+00
8000    grainHNCO    1.92525e-16
8000    grainHNSi    0.00000e+00
8000    grainSiCH3    0.00000e+00
8000    grainC3H8    0.00000e+00
8000    grainCH3CHO    1.68645e-13
8000    grainCO2    1.01682e-05
8000    grainCS    2.52464e-15
8000    grainN2O    1.29673e-21
8000    grainSiO    0.00000e+00
8000    grainHCS    1.20847e-17
8000    grainNH2CHO    0.00000e+00
8000    grainNHNO    0.00000e+00
8000    grainC2H5OH    5.20413e-20
8000    grainCH3OCH3    6.38087e-12
8000    grainH2CS    1.62013e-15
8000    grainH2SiO    0.00000e+00
8000    grainHCOOH    6.60177e-14
8000    grainNH2NO    0.00000e+00
8000    grainNO2    3.45493e-20
8000    grainNS    7.30125e-18
8000    grainCCl    0.00000e+00
8000    grainC4    3.53697e-26
8000    grainO3    0.00000e+00
8000    grainSO    1.04150e-15
8000    grainC4H    4.24773e-22
8000    grainC3N    3.15989e-18
8000    grainC4H2    0.00000e+00
8000    grainC4H3    8.67593e-23
8000    grainClO    0.00000e+00
8000    grainHC2NC    0.00000e+00
8000    grainHC3N    6.90985e-19
8000    grainHCNC2    0.00000e+00
8000    grainHNC3    3.04229e-21
8000    grainC3O    7.68813e-18
8000    grainC4H4    0.00000e+00
8000    grainCH2CCN    0.00000e+00
8000    grainNCCN    1.46981e-15
8000    grainSiC2    0.00000e+00
8000    grainC4H5    0.00000e+00
8000    grainCH2CHCN    4.08422e-21
8000    grainHC3O    0.00000e+00
8000    grainSiC2H    0.00000e+00
8000    grainC4H6    0.00000e+00
8000    grainH2C3O    0.00000e+00
8000    grainH4C3N    0.00000e+00
8000    grainSiC2H2    0.00000e+00
8000    grainSiNC    0.00000e+00
8000    grainH5C3N    0.00000e+00
8000    grainC2S    1.91760e-21
8000    grainFe    0.00000e+00
8000    grainFeH    0.00000e+00
8000    grainC5    1.37002e-25
8000    grainHCOOCH3    7.44411e-17
8000    grainOCS    2.38902e-18
8000    grainSiO2    0.00000e+00
8000    grainSiS    0.00000e+00
8000    grainC5H    1.78901e-24
8000    grainC4N    4.43846e-25
8000    grainC5H2    7.45557e-24
8000    grainC5H3    0.00000e+00
8000    grainCH3C4H    1.35000e-23
8000    grainS2    6.33378e-19
8000    grainSO2    1.11805e-18
8000    grainCH3C3N    2.64391e-22
8000    grainHS2    2.77318e-16
8000    grainSiC3H    0.00000e+00
8000    grainH2S2    7.96138e-17
8000    grainC3S    9.61986e-25
8000    grainC6    7.09564e-27
8000    grainC6H    3.89281e-26
8000    grainC5N    5.17398e-27
8000    grainC6H2    2.45896e-25
8000    grainC6H3    0.00000e+00
8000    grainHC5N    2.95391e-25
8000    grainC6H4    0.00000e+00
8000    grainH2C5N    0.00000e+00
8000    grainSiC4    0.00000e+00
8000    grainH3C5N    0.00000e+00
8000    grainC6H6    6.11093e-26
8000    grainC4S    9.77283e-29
8000    grainC7    3.97854e-28
8000    grainC7H    1.42151e-27
8000    grainC7H2    1.41666e-26
8000    grainC7H3    0.00000e+00
8000    grainC7H4    0.00000e+00
8000    grainCH3C6H    9.61568e-26
8000    grainCH3C5N    5.41169e-31
8000    grainC8    7.46960e-26
8000    grainC8H    3.71511e-26
8000    grainC7N    5.32022e-29
8000    grainC8H2    6.91722e-28
8000    grainC8H3    0.00000e+00
8000    grainHC7N    5.34227e-29
8000    grainC8H4    0.00000e+00
8000    grainH2C7N    0.00000e+00
8000    grainH3C7N    0.00000e+00
8000    grainC9    1.44838e-25
8000    grainC9H    2.21386e-28
8000    grainC9H2    5.75821e-29
8000    grainC9H3    0.00000e+00
8000    grainC9H4    0.00000e+00
8000    grainCH3C7N    1.07294e-33
8000    grainC10    7.89152e-29
8000    grainC9N    2.15759e-31
8000    grainHC9N    1.77057e-31
8000    grainH2C9N    0.00000e+00
8000    grainH3C9N    0.00000e+00
9000    grain    4.81250e-13
9000    grainH    2.53815e-07
9000    grainH(-)    1.77199e-12
9000    grainH2    2.36698e-02
9000    grainHe    4.89747e-14
9000    grainC    3.96902e-14
9000    grainCH    3.92648e-14
9000    grainC(-)    8.59754e-26
9000    grainCH2    3.90936e-12
9000    grainCH3    4.71932e-11
9000    grainN    1.16647e-12
9000    grainNH    8.03575e-13
9000    grainCH4    4.37632e-07
9000    grainNH2    4.87478e-12
9000    grainNH3    3.17184e-07
9000    grainO    5.75579e-11
9000    grainOH    9.20274e-11
9000    grainO(-)    3.89950e-26
9000    grainH2O    2.58127e-05
9000    grainOH(-)    3.07440e-14
9000    grainNa    0.00000e+00
9000    grainC2    6.94275e-17
9000    grainMg    0.00000e+00
9000    grainNaH    0.00000e+00
9000    grainC2H    5.18016e-16
9000    grainMgH    0.00000e+00
9000    grainC2H2    1.02752e-14
9000    grainCN    5.38624e-12
9000    grainCN(-)    2.43595e-14
9000    grainMgH2    0.00000e+00
9000    grainC2H3    3.46733e-16
9000    grainHCN    7.65279e-08
9000    grainHNC    2.82414e-11
9000    grainC2H4    1.36695e-14
9000    grainCHNH    0.00000e+00
9000    grainCNH2    0.00000e+00
9000    grainCO    1.31251e-05
9000    grainH2CN    2.85733e-16
9000    grainN2    4.37499e-06
9000    grainSi    0.00000e+00
9000    grainC2H5    2.02186e-19
9000    grainCH2NH    1.71661e-16
9000    grainCH3N    0.00000e+00
9000    grainCHNH2    0.00000e+00
9000    grainHCO    3.36214e-13
9000    grainHOC    0.00000e+00
9000    grainN2H    0.00000e+00
9000    grainSiH    0.00000e+00
9000    grainC2H6    0.00000e+00
9000    grainCH2NH2    0.00000e+00
9000    grainCH3NH    0.00000e+00
9000    grainCHOH    0.00000e+00
9000    grainH2CO    5.57936e-12
9000    grainHOCH    0.00000e+00
9000    grainN2H2    0.00000e+00
9000    grainNO    5.41514e-15
9000    grainSiH2    0.00000e+00
9000    grainCH2OH    0.00000e+00
9000    grainCH3O    0.00000e+00
9000    grainCH5N    0.00000e+00
9000    grainHNO    4.90901e-15
9000    grainHON    0.00000e+00
9000    grainSiH3    0.00000e+00
9000    grainCH3OH    2.18547e-07
9000    grainNH2OH    0.00000e+00
9000    grainO2    4.62807e-13
9000    grainS    6.32542e-14
9000    grainHS    9.88755e-13
9000    grainS(-)    5.86944e-22
9000    grainSiH4    0.00000e+00
9000    grainO2H    8.03224e-18
9000    grainH2O2    9.96016e-30
9000    grainH2S    4.17706e-09
9000    grainCl    0.00000e+00
9000    grainC3    2.01468e-18
9000    grainHCl    0.00000e+00
9000    grainC3H    3.88906e-18
9000    grainC2N    3.29783e-17
9000    grainC3H2    6.44198e-18
9000    grainH2CCC    4.10980e-19
9000    grainC3H3    0.00000e+00
9000    grainHCCN    0.00000e+00
9000    grainC2O    8.88205e-20
9000    grainC3H4    0.00000e+00
9000    grainCH2CN    5.45349e-21
9000    grainCH3CCH    7.13839e-19
9000    grainNaOH    0.00000e+00
9000    grainSiC    0.00000e+00
9000    grainC3H5    0.00000e+00
9000    grainCH3CN    2.45299e-13
9000    grainHC2O    0.00000e+00
9000    grainHCSi    0.00000e+00
9000    grainC3H6    0.00000e+00
9000    grainCH2CO    1.76364e-15
9000    grainNH2CN    4.36719e-13
9000    grainOCN    3.00757e-15
9000    grainSiCH2    0.00000e+00
9000    grainSiN    0.00000e+00
9000    grainC3H7    0.00000e+00
9000    grainHNCO    2.08328e-16
9000    grainHNSi    0.00000e+00
9000    grainSiCH3    0.00000e+00
9000    grainC3H8    0.00000e+00
9000    grainCH3CHO    1.81926e-13
9000    grainCO2    1.09374e-05
9000    grainCS    2.71935e-15
9000    grainN2O    1.69108e-21
9000    grainSiO    0.00000e+00
9000    grainHCS    1.30679e-17
9000    grainNH2CHO    0.00000e+00
9000    grainNHNO    0.00000e+00
9000    grainC2H5OH    5.61395e-20
9000    grainCH3OCH3    6.87491e-12
9000    grainH2CS    1.74578e-15
9000    grainH2SiO    0.00000e+00
9000    grainHCOOH    7.11101e-14
9000    grainNH2NO    0.00000e+00
9000    grainNO2    4.66419e-20
9000    grainNS    7.89694e-18
9000    grainCCl    0.00000e+00
9000    grainC4    1.18220e-25
9000    grainO3    0.00000e+00
9000    grainSO    1.12602e-15
9000    grainC4H    5.53724e-22
9000    grainC3N    3.40868e-18
9000    grainC4H2    0.00000e+00
9000    grainC4H3    2.47646e-22
9000    grainClO    0.00000e+00
9000    grainHC2NC    0.00000e+00
9000    grainHC3N    7.48647e-19
9000    grainHCNC2    0.00000e+00
9000    grainHNC3    3.29500e-21
9000    grainC3O    8.33211e-18
9000    grainC4H4    0.00000e+00
9000    grainCH2CCN    0.00000e+00
9000    grainNCCN    1.58925e-15
9000    grainSiC2    0.00000e+00
9000    grainC4H5    0.00000e+00
9000    grainCH2CHCN    4.43221e-21
9000    grainHC3O    0.00000e+00
9000    grainSiC2H    0.00000e+00
9000    grainC4H6    0.00000e+00
9000    grainH2C3O    0.00000e+00
9000    grainH4C3N    0.00000e+00
9000    grainSiC2H2    0.00000e+00
9000    grainSiNC    0.00000e+00
9000    grainH5C3N    0.00000e+00
9000    grainC2S    2.07159e-21
9000    grainFe    0.00000e+00
9000    grainFeH    0.00000e+00
9000    grainC5    3.98013e-25
9000    grainHCOOCH3    8.03979e-17
9000    grainOCS    2.58286e-18
9000    grainSiO2    0.00000e+00
9000    grainSiS    0.00000e+00
9000    grainC5H    5.59743e-24
9000    grainC4N    2.05975e-24
9000    grainC5H2    2.63314e-23
9000    grainC5H3    0.00000e+00
9000    grainCH3C4H    6.67469e-23
9000    grainS2    6.84546e-19
9000    grainSO2    1.21536e-18
9000    grainCH3C3N    2.94182e-22
9000    grainHS2    2.98572e-16
9000    grainSiC3H    0.00000e+00
9000    grainH2S2    8.57206e-17
9000    grainC3S    1.04394e-24
9000    grainC6    1.63076e-26
9000    grainC6H    1.47840e-25
9000    grainC5N    2.17026e-26
9000    grainC6H2    1.20289e-24
9000    grainC6H3    0.00000e+00
9000    grainHC5N    4.27982e-25
9000    grainC6H4    0.00000e+00
9000    grainH2C5N    0.00000e+00
9000    grainSiC4    0.00000e+00
9000    grainH3C5N    0.00000e+00
9000    grainC6H6    2.81659e-25
9000    grainC4S    1.29323e-28
9000    grainC7    7.09702e-28
9000    grainC7H    6.84241e-27
9000    grainC7H2    7.10333e-26
9000    grainC7H3    0.00000e+00
9000    grainC7H4    0.00000e+00
9000    grainCH3C6H    5.22786e-25
9000    grainCH3C5N    2.31088e-30
9000    grainC8    8.36982e-26
9000    grainC8H    4.22332e-26
9000    grainC7N    2.74729e-28
9000    grainC8H2    3.14031e-27
9000    grainC8H3    0.00000e+00
9000    grainHC7N    2.89586e-28
9000    grainC8H4    0.00000e+00
9000    grainH2C7N    0.00000e+00
9000    grainH3C7N    0.00000e+00
9000    grainC9    1.62476e-25
9000    grainC9H    2.77424e-28
9000    grainC9H2    2.83789e-28
9000    grainC9H3    0.00000e+00
9000    grainC9H4    0.00000e+00
9000    grainCH3C7N    5.80380e-33
9000    grainC10    8.86497e-29
9000    grainC9N    1.10229e-30
9000    grainHC9N    9.41313e-31
9000    grainH2C9N    0.00000e+00
9000    grainH3C9N    0.00000e+00
10000    grain    5.12516e-13
10000    grainH    2.93713e-07
10000    grainH(-)    2.01466e-12
10000    grainH2    2.52083e-02
10000    grainHe    5.21592e-14
10000    grainC    4.01015e-14
10000    grainCH    4.03622e-14
10000    grainC(-)    9.24199e-26
10000    grainCH2    3.94649e-12
10000    grainCH3    4.76901e-11
10000    grainN    1.17837e-12
10000    grainNH    8.30978e-13
10000    grainCH4    4.66068e-07
10000    grainNH2    4.94892e-12
10000    grainNH3    3.37792e-07
10000    grainO    5.81337e-11
10000    grainOH    9.38663e-11
10000    grainO(-)    4.35602e-26
10000    grainH2O    2.74897e-05
10000    grainOH(-)    3.28137e-14
10000    grainNa    0.00000e+00
10000    grainC2    7.41988e-17
10000    grainMg    0.00000e+00
10000    grainNaH    0.00000e+00
10000    grainC2H    5.54807e-16
10000    grainMgH    0.00000e+00
10000    grainC2H2    1.09642e-14
10000    grainCN    5.74862e-12
10000    grainCN(-)    2.59840e-14
10000    grainMgH2    0.00000e+00
10000    grainC2H3    3.71255e-16
10000    grainHCN    8.14998e-08
10000    grainHNC    3.01355e-11
10000    grainC2H4    1.45869e-14
10000    grainCHNH    0.00000e+00
10000    grainCNH2    0.00000e+00
10000    grainCO    1.39778e-05
10000    grainH2CN    3.21108e-16
10000    grainN2    4.65923e-06
10000    grainSi    0.00000e+00
10000    grainC2H5    2.16266e-19
10000    grainCH2NH    1.83584e-16
10000    grainCH3N    0.00000e+00
10000    grainCHNH2    0.00000e+00
10000    grainHCO    3.59104e-13
10000    grainHOC    0.00000e+00
10000    grainN2H    0.00000e+00
10000    grainSiH    0.00000e+00
10000    grainC2H6    0.00000e+00
10000    grainCH2NH2    0.00000e+00
10000    grainCH3NH    0.00000e+00
10000    grainCHOH    0.00000e+00
10000    grainH2CO    5.95567e-12
10000    grainHOCH    0.00000e+00
10000    grainN2H2    0.00000e+00
10000    grainNO    5.80532e-15
10000    grainSiH2    0.00000e+00
10000    grainCH2OH    0.00000e+00
10000    grainCH3O    0.00000e+00
10000    grainCH5N    0.00000e+00
10000    grainHNO    5.26559e-15
10000    grainHON    0.00000e+00
10000    grainSiH3    0.00000e+00
10000    grainCH3OH    2.32745e-07
10000    grainNH2OH    0.00000e+00
10000    grainO2    4.93671e-13
10000    grainS    6.38644e-14
10000    grainHS    1.05879e-12
10000    grainS(-)    6.27686e-22
10000    grainSiH4    0.00000e+00
10000    grainO2H    8.57419e-18
10000    grainH2O2    1.06765e-29
10000    grainH2S    4.44844e-09
10000    grainCl    0.00000e+00
10000    grainC3    2.15992e-18
10000    grainHCl    0.00000e+00
10000    grainC3H    4.16602e-18
10000    grainC2N    3.52463e-17
10000    grainC3H2    6.90294e-18
10000    grainH2CCC    4.40694e-19
10000    grainC3H3    0.00000e+00
10000    grainHCCN    0.00000e+00
10000    grainC2O    9.54691e-20
10000    grainC3H4    0.00000e+00
10000    grainCH2CN    6.44278e-21
10000    grainCH3CCH    7.71065e-19
10000    grainNaOH    0.00000e+00
10000    grainSiC    0.00000e+00
10000    grainC3H5    0.00000e+00
10000    grainCH3CN    2.61766e-13
10000    grainHC2O    0.00000e+00
10000    grainHCSi    0.00000e+00
10000    grainC3H6    0.00000e+00
10000    grainCH2CO    1.88860e-15
10000    grainNH2CN    4.66363e-13
10000    grainOCN    3.22222e-15
10000    grainSiCH2    0.00000e+00
10000    grainSiN    0.00000e+00
10000    grainC3H7    0.00000e+00
10000    grainHNCO    2.23175e-16
10000    grainHNSi    0.00000e+00
10000    grainSiCH3    0.00000e+00
10000    grainC3H8    0.00000e+00
10000    grainCH3CHO    1.94300e-13
10000    grainCO2    1.16479e-05
10000    grainCS    2.89999e-15
10000    grainN2O    2.44793e-21
10000    grainSiO    0.00000e+00
10000    grainHCS    1.39904e-17
10000    grainNH2CHO    0.00000e+00
10000    grainNHNO    0.00000e+00
10000    grainC2H5OH    5.99576e-20
10000    grainCH3OCH3    7.33357e-12
10000    grainH2CS    1.86247e-15
10000    grainH2SiO    0.00000e+00
10000    grainHCOOH    7.58345e-14
10000    grainNH2NO    0.00000e+00
10000    grainNO2    7.40112e-20
10000    grainNS    8.45990e-18
10000    grainCCl    0.00000e+00
10000    grainC4    4.01897e-25
10000    grainO3    0.00000e+00
10000    grainSO    1.20535e-15
10000    grainC4H    9.08375e-22
10000    grainC3N    3.64062e-18
10000    grainC4H2    0.00000e+00
10000    grainC4H3    8.71668e-22
10000    grainClO    0.00000e+00
10000    grainHC2NC    0.00000e+00
10000    grainHC3N    8.04936e-19
10000    grainHCNC2    0.00000e+00
10000    grainHNC3    3.54049e-21
10000    grainC3O    9.04072e-18
10000    grainC4H4    0.00000e+00
10000    grainCH2CCN    0.00000e+00
10000    grainNCCN    1.70129e-15
10000    grainSiC2    0.00000e+00
10000    grainC4H5    0.00000e+00
10000    grainCH2CHCN    4.79287e-21
10000    grainHC3O    0.00000e+00
10000    grainSiC2H    0.00000e+00
10000    grainC4H6    0.00000e+00
10000    grainH2C3O    0.00000e+00
10000    grainH4C3N    0.00000e+00
10000    grainSiC2H2    0.00000e+00
10000    grainSiNC    0.00000e+00
10000    grainH5C3N    0.00000e+00
10000    grainC2S    2.21595e-21
10000    grainFe    0.00000e+00
10000    grainFeH    0.00000e+00
10000    grainC5    1.28863e-24
10000    grainHCOOCH3    8.59676e-17
10000    grainOCS    2.76467e-18
10000    grainSiO2    0.00000e+00
10000    grainSiS    0.00000e+00
10000    grainC5H    1.88480e-23
10000    grainC4N    8.25439e-24
10000    grainC5H2    9.47355e-23
10000    grainC5H3    0.00000e+00
10000    grainCH3C4H    2.77594e-22
10000    grainS2    7.32481e-19
10000    grainSO2    1.30827e-18
10000    grainCH3C3N    3.48945e-22
10000    grainHS2    3.18262e-16
10000    grainSiC3H    0.00000e+00
10000    grainH2S2    9.13786e-17
10000    grainC3S    1.12240e-24
10000    grainC6    4.72908e-26
10000    grainC6H    5.40107e-25
10000    grainC5N    8.26475e-26
10000    grainC6H2    4.82822e-24
10000    grainC6H3    0.00000e+00
10000    grainHC5N    8.82559e-25
10000    grainC6H4    0.00000e+00
10000    grainH2C5N    0.00000e+00
10000    grainSiC4    0.00000e+00
10000    grainH3C5N    0.00000e+00
10000    grainC6H6    1.07456e-24
10000    grainC4S    2.27030e-28
10000    grainC7    1.71657e-27
10000    grainC7H    2.64112e-26
10000    grainC7H2    2.84422e-25
10000    grainC7H3    0.00000e+00
10000    grainC7H4    0.00000e+00
10000    grainCH3C6H    2.25432e-24
10000    grainCH3C5N    9.32668e-30
10000    grainC8    9.26312e-26
10000    grainC8H    4.87654e-26
10000    grainC7N    1.13460e-27
10000    grainC8H2    1.23485e-26
10000    grainC8H3    0.00000e+00
10000    grainHC7N    1.24656e-27
10000    grainC8H4    0.00000e+00
10000    grainH2C7N    0.00000e+00
10000    grainH3C7N    0.00000e+00
10000    grainC9    1.79465e-25
10000    grainC9H    4.13586e-28
10000    grainC9H2    1.13030e-27
10000    grainC9H3    0.00000e+00
10000    grainC9H4    0.00000e+00
10000    grainCH3C7N    2.49299e-32
10000    grainC10    9.88374e-29
10000    grainC9N    4.47542e-30
10000    grainHC9N    3.95762e-30
10000    grainH2C9N    0.00000e+00
10000    grainH3C9N    0.00000e+00
